
 Performance counter stats for './mandelbrot_seq 0.175 0.375 -0.1 0.1 16' (10 runs):

              1.05 msec task-clock                       #    0.680 CPUs utilized               ( +-  5.63% )
                 0      context-switches                 #    0.000 /sec                      
                 0      cpu-migrations                   #    0.000 /sec                      
                59      page-faults                      #   56.399 K/sec                       ( +-  0.37% )
     <not counted>      cpu_atom/cycles/                                                        ( +- 66.71% )  (0.00%)
         1,333,451      cpu_core/cycles/                 #    1.275 GHz                         ( +- 16.76% )
     <not counted>      cpu_atom/instructions/                                                  ( +- 66.71% )  (0.00%)
         1,729,678      cpu_core/instructions/           #    3.88  insn per cycle              ( +- 16.67% )
     <not counted>      cpu_atom/branches/                                                      ( +- 66.67% )  (0.00%)
           222,184      cpu_core/branches/               #  212.391 M/sec                       ( +- 16.67% )
     <not counted>      cpu_atom/branch-misses/                                                 ( +- 66.69% )  (0.00%)
             4,095      cpu_core/branch-misses/          #    7.36% of all branches             ( +- 17.24% )
             TopdownL1 (cpu_core)                 #     49.7 %  tma_backend_bound      
                                                  #      5.7 %  tma_bad_speculation    
                                                  #     21.6 %  tma_frontend_bound     
                                                  #     23.0 %  tma_retiring             ( +- 16.76% )

         0.0015380 +- 0.0000949 seconds time elapsed  ( +-  6.17% )


 Performance counter stats for './mandelbrot_seq 0.175 0.375 -0.1 0.1 32' (10 runs):

              3.04 msec task-clock                       #    0.845 CPUs utilized               ( +-  5.08% )
                 0      context-switches                 #    0.000 /sec                      
                 0      cpu-migrations                   #    0.000 /sec                      
                59      page-faults                      #   19.414 K/sec                       ( +-  0.45% )
         3,148,705      cpu_atom/cycles/                 #    1.036 GHz                         ( +- 27.36% )  (41.75%)
     <not counted>      cpu_core/cycles/                                                        ( +- 27.54% )  (0.00%)
         2,946,929      cpu_atom/instructions/           #    0.94  insn per cycle              ( +- 28.28% )  (70.79%)
     <not counted>      cpu_core/instructions/                                                  ( +- 27.60% )  (0.00%)
           315,674      cpu_atom/branches/               #  103.871 M/sec                       ( +- 27.36% )  (74.16%)
     <not counted>      cpu_core/branches/                                                      ( +- 27.81% )  (0.00%)
             6,789      cpu_atom/branch-misses/          #    2.15% of all branches             ( +- 42.78% )
     <not counted>      cpu_core/branch-misses/                                                 ( +- 28.21% )  (0.00%)
             TopdownL1 (cpu_atom)                 #     -0.9 %  tma_bad_speculation    
                                                  #     20.2 %  tma_retiring             ( +- 27.67% )
                                                  #     69.8 %  tma_backend_bound      
                                                  #     69.8 %  tma_backend_bound_aux  
                                                  #     10.9 %  tma_frontend_bound       ( +- 27.40% )

          0.003598 +- 0.000159 seconds time elapsed  ( +-  4.42% )


 Performance counter stats for './mandelbrot_seq 0.175 0.375 -0.1 0.1 64' (10 runs):

              8.02 msec task-clock                       #    0.939 CPUs utilized               ( +-  1.98% )
                 1      context-switches                 #  124.612 /sec                        ( +- 10.00% )
                 1      cpu-migrations                   #  124.612 /sec                      
                59      page-faults                      #    7.352 K/sec                       ( +-  0.28% )
        14,886,020      cpu_atom/cycles/                 #    1.855 GHz                         ( +-  2.69% )  (22.21%)
        15,487,658      cpu_core/cycles/                 #    1.930 GHz                         ( +-  2.62% )  (52.66%)
        13,587,244      cpu_atom/instructions/           #    0.91  insn per cycle              ( +-  4.25% )  (34.77%)
        21,432,196      cpu_core/instructions/           #    1.44  insn per cycle              ( +-  2.58% )  (52.66%)
         1,342,450      cpu_atom/branches/               #  167.286 M/sec                       ( +-  3.12% )  (34.75%)
         1,681,136      cpu_core/branches/               #  209.490 M/sec                       ( +-  2.75% )  (52.66%)
            25,879      cpu_atom/branch-misses/          #    1.93% of all branches             ( +- 23.53% )  (46.79%)
             7,191      cpu_core/branch-misses/          #    0.54% of all branches             ( +-  5.13% )  (52.66%)
             TopdownL1 (cpu_core)                 #     74.4 %  tma_backend_bound      
                                                  #      0.8 %  tma_bad_speculation    
                                                  #      1.6 %  tma_frontend_bound     
                                                  #     23.2 %  tma_retiring             ( +-  2.50% )  (52.66%)
             TopdownL1 (cpu_atom)                 #      0.4 %  tma_bad_speculation    
                                                  #     19.5 %  tma_retiring             ( +-  2.24% )  (47.34%)
                                                  #     69.6 %  tma_backend_bound      
                                                  #     69.6 %  tma_backend_bound_aux  
                                                  #     10.5 %  tma_frontend_bound       ( +-  2.44% )  (47.34%)

          0.008550 +- 0.000176 seconds time elapsed  ( +-  2.06% )


 Performance counter stats for './mandelbrot_seq 0.175 0.375 -0.1 0.1 128' (10 runs):

             29.41 msec task-clock                       #    0.979 CPUs utilized               ( +-  4.98% )
                 0      context-switches                 #    0.000 /sec                      
                 0      cpu-migrations                   #    0.000 /sec                      
                59      page-faults                      #    2.006 K/sec                       ( +-  0.28% )
        34,095,306      cpu_atom/cycles/                 #    1.159 GHz                         ( +- 25.38% )  (49.07%)
        55,665,378      cpu_core/cycles/                 #    1.893 GHz                         ( +-  3.82% )  (32.41%)
        30,893,820      cpu_atom/instructions/           #    0.91  insn per cycle              ( +- 27.35% )  (58.32%)
        77,252,849      cpu_core/instructions/           #    2.27  insn per cycle              ( +-  3.83% )  (32.41%)
         2,842,862      cpu_atom/branches/               #   96.653 M/sec                       ( +- 25.26% )  (58.32%)
         5,894,974      cpu_core/branches/               #  200.421 M/sec                       ( +-  3.77% )  (32.41%)
            53,390      cpu_atom/branch-misses/          #    1.88% of all branches             ( +- 51.63% )  (58.31%)
            20,865      cpu_core/branch-misses/          #    0.73% of all branches             ( +-  3.62% )  (32.41%)
             TopdownL1 (cpu_core)                 #     75.2 %  tma_backend_bound      
                                                  #      0.6 %  tma_bad_speculation    
                                                  #      1.1 %  tma_frontend_bound     
                                                  #     23.1 %  tma_retiring             ( +-  3.78% )  (32.41%)
             TopdownL1 (cpu_atom)                 #      2.6 %  tma_bad_speculation    
                                                  #     19.0 %  tma_retiring             ( +- 26.54% )  (58.32%)
                                                  #     68.2 %  tma_backend_bound      
                                                  #     68.2 %  tma_backend_bound_aux  
                                                  #     10.2 %  tma_frontend_bound       ( +- 25.43% )  (61.08%)

           0.03006 +- 0.00147 seconds time elapsed  ( +-  4.88% )


 Performance counter stats for './mandelbrot_seq 0.175 0.375 -0.1 0.1 256' (10 runs):

             91.87 msec task-clock                       #    0.993 CPUs utilized               ( +-  0.77% )
                 2      context-switches                 #   21.770 /sec                        ( +- 24.72% )
                 0      cpu-migrations                   #    0.000 /sec                      
                59      page-faults                      #  642.212 /sec                        ( +-  0.38% )
       166,694,570      cpu_atom/cycles/                 #    1.814 GHz                         ( +- 11.38% )  (2.43%)
       199,900,879      cpu_core/cycles/                 #    2.176 GHz                         ( +-  0.54% )  (95.39%)
       152,354,917      cpu_atom/instructions/           #    0.91  insn per cycle              ( +- 11.58% )  (3.51%)
       278,120,953      cpu_core/instructions/           #    1.67  insn per cycle              ( +-  0.45% )  (95.39%)
        14,364,425      cpu_atom/branches/               #  156.356 M/sec                       ( +- 11.61% )  (3.52%)
        20,924,340      cpu_core/branches/               #  227.760 M/sec                       ( +-  0.44% )  (95.39%)
           253,165      cpu_atom/branch-misses/          #    1.76% of all branches             ( +- 20.32% )  (3.52%)
            58,708      cpu_core/branch-misses/          #    0.41% of all branches             ( +-  0.91% )  (95.39%)
             TopdownL1 (cpu_core)                 #     75.7 %  tma_backend_bound      
                                                  #      0.4 %  tma_bad_speculation    
                                                  #      0.7 %  tma_frontend_bound     
                                                  #     23.2 %  tma_retiring             ( +-  0.43% )  (95.39%)
             TopdownL1 (cpu_atom)                 #      0.2 %  tma_bad_speculation    
                                                  #     19.2 %  tma_retiring             ( +- 11.41% )  (4.49%)
                                                  #     72.0 %  tma_backend_bound      
                                                  #     72.0 %  tma_backend_bound_aux  
                                                  #      8.6 %  tma_frontend_bound       ( +- 11.34% )  (4.61%)

          0.092547 +- 0.000710 seconds time elapsed  ( +-  0.77% )


 Performance counter stats for './mandelbrot_seq 0.175 0.375 -0.1 0.1 512' (10 runs):

            359.97 msec task-clock                       #    0.998 CPUs utilized               ( +-  0.24% )
                 2      context-switches                 #    5.556 /sec                        ( +- 19.44% )
                 1      cpu-migrations                   #    2.778 /sec                        ( +- 30.00% )
                59      page-faults                      #  163.904 /sec                        ( +-  0.28% )
       732,979,982      cpu_atom/cycles/                 #    2.036 GHz                         ( +-  2.04% )  (0.10%)
       787,019,888      cpu_core/cycles/                 #    2.186 GHz                         ( +-  0.24% )  (99.90%)
       534,645,081      cpu_atom/instructions/           #    0.73  insn per cycle              ( +- 10.26% )  (0.10%)
     1,097,322,891      cpu_core/instructions/           #    1.50  insn per cycle              ( +-  0.24% )  (99.90%)
        66,240,481      cpu_atom/branches/               #  184.018 M/sec                       ( +-  5.23% )  (0.10%)
        82,422,295      cpu_core/branches/               #  228.972 M/sec                       ( +-  0.24% )  (99.90%)
         2,363,583      cpu_atom/branch-misses/          #    3.57% of all branches             ( +- 23.30% )  (0.10%)
           220,781      cpu_core/branch-misses/          #    0.33% of all branches             ( +-  0.24% )  (99.90%)
             TopdownL1 (cpu_core)                 #     75.9 %  tma_backend_bound      
                                                  #      0.4 %  tma_bad_speculation    
                                                  #      0.5 %  tma_frontend_bound     
                                                  #     23.2 %  tma_retiring             ( +-  0.24% )  (99.90%)
             TopdownL1 (cpu_atom)                 #     10.9 %  tma_bad_speculation    
                                                  #     16.9 %  tma_retiring             ( +-  6.35% )  (0.10%)
                                                  #     44.6 %  tma_backend_bound      
                                                  #     44.6 %  tma_backend_bound_aux  
                                                  #     27.7 %  tma_frontend_bound       ( +-  2.10% )  (0.10%)

          0.360652 +- 0.000861 seconds time elapsed  ( +-  0.24% )


 Performance counter stats for './mandelbrot_seq 0.175 0.375 -0.1 0.1 1024' (10 runs):

          1,433.20 msec task-clock                       #    0.999 CPUs utilized               ( +-  0.15% )
                10      context-switches                 #    6.977 /sec                        ( +- 10.65% )
                 6      cpu-migrations                   #    4.186 /sec                        ( +- 16.29% )
                59      page-faults                      #   41.167 /sec                        ( +-  0.30% )
     2,827,657,794      cpu_atom/cycles/                 #    1.973 GHz                         ( +-  4.18% )  (1.07%)
     3,137,932,044      cpu_core/cycles/                 #    2.189 GHz                         ( +-  0.08% )  (98.51%)
     2,583,363,544      cpu_atom/instructions/           #    0.91  insn per cycle              ( +-  8.83% )  (1.28%)
     4,374,635,996      cpu_core/instructions/           #    1.55  insn per cycle              ( +-  0.08% )  (98.51%)
       212,282,829      cpu_atom/branches/               #  148.118 M/sec                       ( +-  6.01% )  (1.28%)
       328,417,198      cpu_core/branches/               #  229.150 M/sec                       ( +-  0.08% )  (98.51%)
         2,545,650      cpu_atom/branch-misses/          #    1.20% of all branches             ( +- 40.21% )  (1.28%)
           859,447      cpu_core/branch-misses/          #    0.40% of all branches             ( +-  0.08% )  (98.51%)
             TopdownL1 (cpu_core)                 #     75.9 %  tma_backend_bound      
                                                  #      0.4 %  tma_bad_speculation    
                                                  #      0.5 %  tma_frontend_bound     
                                                  #     23.2 %  tma_retiring             ( +-  0.08% )  (98.51%)
             TopdownL1 (cpu_atom)                 #      0.7 %  tma_bad_speculation    
                                                  #     18.5 %  tma_retiring             ( +-  8.33% )  (1.28%)
                                                  #     73.3 %  tma_backend_bound      
                                                  #     73.3 %  tma_backend_bound_aux  
                                                  #      7.5 %  tma_frontend_bound       ( +-  3.32% )  (1.34%)

           1.43471 +- 0.00217 seconds time elapsed  ( +-  0.15% )


 Performance counter stats for './mandelbrot_seq 0.175 0.375 -0.1 0.1 2048' (10 runs):

          5,703.05 msec task-clock                       #    1.000 CPUs utilized               ( +-  0.07% )
                32      context-switches                 #    5.611 /sec                        ( +- 17.42% )
                11      cpu-migrations                   #    1.929 /sec                        ( +- 20.08% )
                58      page-faults                      #   10.170 /sec                        ( +-  0.48% )
    10,306,217,676      cpu_atom/cycles/                 #    1.807 GHz                         ( +- 11.65% )  (0.01%)
    12,492,770,530      cpu_core/cycles/                 #    2.191 GHz                         ( +-  0.02% )  (99.97%)
     9,174,233,196      cpu_atom/instructions/           #    0.89  insn per cycle              ( +- 12.16% )  (0.03%)
    17,427,295,374      cpu_core/instructions/           #    1.69  insn per cycle              ( +-  0.01% )  (99.97%)
       870,817,012      cpu_atom/branches/               #  152.693 M/sec                       ( +- 13.15% )  (0.03%)
     1,308,180,436      cpu_core/branches/               #  229.383 M/sec                       ( +-  0.01% )  (99.97%)
        17,966,299      cpu_atom/branch-misses/          #    2.06% of all branches             ( +- 30.10% )  (0.03%)
         3,380,088      cpu_core/branch-misses/          #    0.39% of all branches             ( +-  0.04% )  (99.97%)
             TopdownL1 (cpu_core)                 #     76.0 %  tma_backend_bound      
                                                  #      0.4 %  tma_bad_speculation    
                                                  #      0.5 %  tma_frontend_bound     
                                                  #     23.1 %  tma_retiring             ( +-  0.02% )  (99.97%)
             TopdownL1 (cpu_atom)                 #     -1.4 %  tma_bad_speculation    
                                                  #     18.4 %  tma_retiring             ( +- 11.77% )  (0.03%)
                                                  #     70.6 %  tma_backend_bound      
                                                  #     70.6 %  tma_backend_bound_aux  
                                                  #     12.4 %  tma_frontend_bound       ( +- 11.17% )  (0.03%)

           5.70519 +- 0.00425 seconds time elapsed  ( +-  0.07% )

