
 Performance counter stats for './mandelbrot_seq -0.8 -0.7 0.05 0.15 16' (10 runs):

              1.14 msec task-clock                       #    0.703 CPUs utilized               ( +-  5.82% )
                 0      context-switches                 #    0.000 /sec                      
                 0      cpu-migrations                   #    0.000 /sec                      
                59      page-faults                      #   51.814 K/sec                       ( +-  0.52% )
     <not counted>      cpu_atom/cycles/                                                        ( +- 47.34% )  (0.00%)
         1,182,491      cpu_core/cycles/                 #    1.038 GHz                         ( +- 22.00% )
     <not counted>      cpu_atom/instructions/                                                  ( +- 48.94% )  (0.00%)
         1,529,581      cpu_core/instructions/           #    2.12  insn per cycle              ( +- 21.83% )
     <not counted>      cpu_atom/branches/                                                      ( +- 48.08% )  (0.00%)
           195,434      cpu_core/branches/               #  171.630 M/sec                       ( +- 21.83% )
     <not counted>      cpu_atom/branch-misses/                                                 ( +- 45.11% )  (0.00%)
             3,581      cpu_core/branch-misses/          #    4.10% of all branches             ( +- 22.44% )
             TopdownL1 (cpu_core)                 #     49.2 %  tma_backend_bound      
                                                  #      5.5 %  tma_bad_speculation    
                                                  #     21.9 %  tma_frontend_bound     
                                                  #     23.3 %  tma_retiring             ( +- 22.02% )

         0.0016199 +- 0.0000878 seconds time elapsed  ( +-  5.42% )


 Performance counter stats for './mandelbrot_seq -0.8 -0.7 0.05 0.15 32' (10 runs):

              2.29 msec task-clock                       #    0.845 CPUs utilized               ( +-  2.20% )
                 0      context-switches                 #    0.000 /sec                      
                 0      cpu-migrations                   #    0.000 /sec                      
                59      page-faults                      #   25.775 K/sec                       ( +-  0.40% )
     <not counted>      cpu_atom/cycles/                                                        ( +-100.00% )  (0.00%)
         4,174,623      cpu_core/cycles/                 #    1.824 GHz                         ( +-  1.13% )
     <not counted>      cpu_atom/instructions/                                                  ( +-100.00% )  (0.00%)
         5,614,728      cpu_core/instructions/           #   13.67  insn per cycle              ( +-  0.65% )
     <not counted>      cpu_atom/branches/                                                      ( +-100.00% )  (0.00%)
           535,975      cpu_core/branches/               #  234.153 M/sec                       ( +-  0.27% )
     <not counted>      cpu_atom/branch-misses/                                                 ( +-100.03% )  (0.00%)
             5,935      cpu_core/branch-misses/          #   14.47% of all branches             ( +-  2.94% )
             TopdownL1 (cpu_core)                 #     65.2 %  tma_backend_bound      
                                                  #      2.7 %  tma_bad_speculation    
                                                  #      9.0 %  tma_frontend_bound     
                                                  #     23.1 %  tma_retiring             ( +-  1.32% )

         0.0027097 +- 0.0000923 seconds time elapsed  ( +-  3.41% )


 Performance counter stats for './mandelbrot_seq -0.8 -0.7 0.05 0.15 64' (10 runs):

              8.05 msec task-clock                       #    0.935 CPUs utilized               ( +-  5.33% )
                 0      context-switches                 #    0.000 /sec                      
                 0      cpu-migrations                   #    0.000 /sec                      
                59      page-faults                      #    7.329 K/sec                       ( +-  0.36% )
         6,428,706      cpu_atom/cycles/                 #    0.799 GHz                         ( +- 41.85% )  (1.05%)
        13,260,130      cpu_core/cycles/                 #    1.647 GHz                         ( +- 11.81% )  (85.49%)
         5,979,385      cpu_atom/instructions/           #    0.93  insn per cycle              ( +- 42.20% )  (14.22%)
        18,143,646      cpu_core/instructions/           #    2.82  insn per cycle              ( +- 11.77% )  (85.49%)
           590,533      cpu_atom/branches/               #   73.352 M/sec                       ( +- 40.91% )  (14.51%)
         1,452,553      cpu_core/branches/               #  180.427 M/sec                       ( +- 11.74% )  (85.49%)
            12,770      cpu_atom/branch-misses/          #    2.16% of all branches             ( +- 51.10% )  (14.51%)
             8,499      cpu_core/branch-misses/          #    1.44% of all branches             ( +- 13.43% )  (85.49%)
             TopdownL1 (cpu_core)                 #     73.1 %  tma_backend_bound      
                                                  #      1.2 %  tma_bad_speculation    
                                                  #      2.7 %  tma_frontend_bound     
                                                  #     23.0 %  tma_retiring             ( +- 11.81% )  (85.49%)
             TopdownL1 (cpu_atom)                 #     -0.6 %  tma_bad_speculation    
                                                  #     19.4 %  tma_retiring             ( +- 41.60% )  (14.51%)
                                                  #     69.1 %  tma_backend_bound      
                                                  #     69.1 %  tma_backend_bound_aux  
                                                  #     12.1 %  tma_frontend_bound       ( +- 41.45% )  (14.51%)

          0.008610 +- 0.000458 seconds time elapsed  ( +-  5.32% )


 Performance counter stats for './mandelbrot_seq -0.8 -0.7 0.05 0.15 128' (10 runs):

             29.49 msec task-clock                       #    0.979 CPUs utilized               ( +-  3.41% )
                 0      context-switches                 #    0.000 /sec                      
                 0      cpu-migrations                   #    0.000 /sec                      
                59      page-faults                      #    2.001 K/sec                       ( +-  0.28% )
        41,913,268      cpu_atom/cycles/                 #    1.421 GHz                         ( +- 22.00% )  (24.27%)
        60,893,281      cpu_core/cycles/                 #    2.065 GHz                         ( +-  3.97% )  (61.49%)
        38,215,401      cpu_atom/instructions/           #    0.91  insn per cycle              ( +- 23.60% )  (31.39%)
        83,920,782      cpu_core/instructions/           #    2.00  insn per cycle              ( +-  3.98% )  (61.49%)
         3,250,458      cpu_atom/branches/               #  110.216 M/sec                       ( +- 21.86% )  (34.53%)
         6,397,263      cpu_core/branches/               #  216.917 M/sec                       ( +-  3.93% )  (61.49%)
            42,715      cpu_atom/branch-misses/          #    1.31% of all branches             ( +- 58.01% )  (34.94%)
            25,121      cpu_core/branch-misses/          #    0.77% of all branches             ( +-  4.28% )  (61.49%)
             TopdownL1 (cpu_core)                 #     75.0 %  tma_backend_bound      
                                                  #      0.8 %  tma_bad_speculation    
                                                  #      1.1 %  tma_frontend_bound     
                                                  #     23.1 %  tma_retiring             ( +-  3.93% )  (61.49%)
             TopdownL1 (cpu_atom)                 #      2.7 %  tma_bad_speculation    
                                                  #     18.9 %  tma_retiring             ( +- 22.84% )  (34.94%)
                                                  #     71.3 %  tma_backend_bound      
                                                  #     71.3 %  tma_backend_bound_aux  
                                                  #      7.1 %  tma_frontend_bound       ( +- 22.03% )  (34.94%)

           0.03013 +- 0.00104 seconds time elapsed  ( +-  3.45% )


 Performance counter stats for './mandelbrot_seq -0.8 -0.7 0.05 0.15 256' (10 runs):

            101.97 msec task-clock                       #    0.990 CPUs utilized               ( +-  3.91% )
                 1      context-switches                 #    9.807 /sec                        ( +- 42.69% )
                 1      cpu-migrations                   #    9.807 /sec                        ( +- 29.81% )
                59      page-faults                      #  578.607 /sec                        ( +-  0.40% )
       133,387,580      cpu_atom/cycles/                 #    1.308 GHz                         ( +- 22.24% )  (0.43%)
       211,751,391      cpu_core/cycles/                 #    2.077 GHz                         ( +-  0.51% )  (99.45%)
       106,345,583      cpu_atom/instructions/           #    0.80  insn per cycle              ( +- 23.37% )  (0.55%)
       292,594,908      cpu_core/instructions/           #    2.19  insn per cycle              ( +-  0.51% )  (99.45%)
        11,966,967      cpu_atom/branches/               #  117.359 M/sec                       ( +- 22.88% )  (0.55%)
        22,024,645      cpu_core/branches/               #  215.993 M/sec                       ( +-  0.48% )  (99.45%)
           349,239      cpu_atom/branch-misses/          #    2.92% of all branches             ( +- 37.69% )  (0.55%)
            70,074      cpu_core/branch-misses/          #    0.59% of all branches             ( +-  0.90% )  (99.45%)
             TopdownL1 (cpu_core)                 #     75.6 %  tma_backend_bound      
                                                  #      0.6 %  tma_bad_speculation    
                                                  #      0.7 %  tma_frontend_bound     
                                                  #     23.1 %  tma_retiring             ( +-  0.51% )  (99.45%)
             TopdownL1 (cpu_atom)                 #      5.1 %  tma_bad_speculation    
                                                  #     17.8 %  tma_retiring             ( +- 22.53% )  (0.55%)
                                                  #     56.9 %  tma_backend_bound      
                                                  #     56.9 %  tma_backend_bound_aux  
                                                  #     20.3 %  tma_frontend_bound       ( +- 22.18% )  (0.55%)

           0.10298 +- 0.00398 seconds time elapsed  ( +-  3.86% )


 Performance counter stats for './mandelbrot_seq -0.8 -0.7 0.05 0.15 512' (10 runs):

            383.98 msec task-clock                       #    0.998 CPUs utilized               ( +-  0.15% )
                 2      context-switches                 #    5.209 /sec                        ( +- 28.92% )
                 1      cpu-migrations                   #    2.604 /sec                        ( +- 29.06% )
                59      page-faults                      #  153.653 /sec                      
       625,512,925      cpu_atom/cycles/                 #    1.629 GHz                         ( +- 16.79% )  (0.04%)
       838,326,877      cpu_core/cycles/                 #    2.183 GHz                         ( +-  0.18% )  (99.44%)
       573,464,271      cpu_atom/instructions/           #    0.92  insn per cycle              ( +- 16.99% )  (0.30%)
     1,159,363,301      cpu_core/instructions/           #    1.85  insn per cycle              ( +-  0.19% )  (99.44%)
        52,993,905      cpu_atom/branches/               #  138.011 M/sec                       ( +- 17.19% )  (0.55%)
        87,036,362      cpu_core/branches/               #  226.668 M/sec                       ( +-  0.18% )  (99.44%)
           864,264      cpu_atom/branch-misses/          #    1.63% of all branches             ( +- 31.16% )  (0.56%)
           262,090      cpu_core/branch-misses/          #    0.49% of all branches             ( +-  0.48% )  (99.44%)
             TopdownL1 (cpu_core)                 #     75.8 %  tma_backend_bound      
                                                  #      0.4 %  tma_bad_speculation    
                                                  #      0.7 %  tma_frontend_bound     
                                                  #     23.2 %  tma_retiring             ( +-  0.18% )  (99.44%)
             TopdownL1 (cpu_atom)                 #     -3.1 %  tma_bad_speculation    
                                                  #     19.3 %  tma_retiring             ( +- 16.83% )  (0.56%)
                                                  #     75.2 %  tma_backend_bound      
                                                  #     75.2 %  tma_backend_bound_aux  
                                                  #      8.6 %  tma_frontend_bound       ( +- 16.78% )  (0.56%)

          0.384837 +- 0.000646 seconds time elapsed  ( +-  0.17% )


 Performance counter stats for './mandelbrot_seq -0.8 -0.7 0.05 0.15 1024' (10 runs):

          1,524.96 msec task-clock                       #    0.999 CPUs utilized               ( +-  0.12% )
                 8      context-switches                 #    5.246 /sec                        ( +- 27.48% )
                 4      cpu-migrations                   #    2.623 /sec                        ( +- 21.02% )
                59      page-faults                      #   38.690 /sec                        ( +-  0.37% )
     2,881,379,401      cpu_atom/cycles/                 #    1.889 GHz                         ( +- 11.14% )  (1.09%)
     3,344,324,962      cpu_core/cycles/                 #    2.193 GHz                         ( +-  0.11% )  (98.52%)
     2,649,577,895      cpu_atom/instructions/           #    0.92  insn per cycle              ( +- 11.78% )  (1.29%)
     4,626,483,010      cpu_core/instructions/           #    1.61  insn per cycle              ( +-  0.10% )  (98.52%)
       233,910,920      cpu_atom/branches/               #  153.389 M/sec                       ( +- 12.75% )  (1.29%)
       347,134,230      cpu_core/branches/               #  227.636 M/sec                       ( +-  0.10% )  (98.52%)
         3,178,033      cpu_atom/branch-misses/          #    1.36% of all branches             ( +- 53.98% )  (1.29%)
         1,031,921      cpu_core/branch-misses/          #    0.44% of all branches             ( +-  0.17% )  (98.52%)
             TopdownL1 (cpu_core)                 #     75.9 %  tma_backend_bound      
                                                  #      0.4 %  tma_bad_speculation    
                                                  #      0.6 %  tma_frontend_bound     
                                                  #     23.1 %  tma_retiring             ( +-  0.10% )  (98.52%)
             TopdownL1 (cpu_atom)                 #      2.4 %  tma_bad_speculation    
                                                  #     19.3 %  tma_retiring             ( +- 11.23% )  (1.29%)
                                                  #     71.1 %  tma_backend_bound      
                                                  #     71.1 %  tma_backend_bound_aux  
                                                  #      7.2 %  tma_frontend_bound       ( +- 11.15% )  (1.29%)

           1.52614 +- 0.00204 seconds time elapsed  ( +-  0.13% )


 Performance counter stats for './mandelbrot_seq -0.8 -0.7 0.05 0.15 2048' (10 runs):

          6,075.05 msec task-clock                       #    1.000 CPUs utilized               ( +-  0.03% )
                28      context-switches                 #    4.609 /sec                        ( +-  6.32% )
                11      cpu-migrations                   #    1.811 /sec                        ( +- 28.61% )
                59      page-faults                      #    9.712 /sec                        ( +-  0.51% )
    11,426,699,346      cpu_atom/cycles/                 #    1.881 GHz                         ( +- 11.15% )  (0.30%)
    13,326,575,342      cpu_core/cycles/                 #    2.194 GHz                         ( +-  0.02% )  (99.58%)
    10,346,268,865      cpu_atom/instructions/           #    0.91  insn per cycle              ( +- 11.75% )  (0.37%)
    18,442,387,253      cpu_core/instructions/           #    1.61  insn per cycle              ( +-  0.02% )  (99.58%)
       954,669,546      cpu_atom/branches/               #  157.146 M/sec                       ( +- 11.64% )  (0.37%)
     1,383,612,356      cpu_core/branches/               #  227.753 M/sec                       ( +-  0.02% )  (99.58%)
        15,516,530      cpu_atom/branch-misses/          #    1.63% of all branches             ( +- 31.26% )  (0.37%)
         4,057,998      cpu_core/branch-misses/          #    0.43% of all branches             ( +-  0.21% )  (99.58%)
             TopdownL1 (cpu_core)                 #     76.0 %  tma_backend_bound      
                                                  #      0.4 %  tma_bad_speculation    
                                                  #      0.5 %  tma_frontend_bound     
                                                  #     23.1 %  tma_retiring             ( +-  0.02% )  (99.58%)
             TopdownL1 (cpu_atom)                 #      1.2 %  tma_bad_speculation    
                                                  #     19.1 %  tma_retiring             ( +- 11.33% )  (0.37%)
                                                  #     71.3 %  tma_backend_bound      
                                                  #     71.3 %  tma_backend_bound_aux  
                                                  #      8.3 %  tma_frontend_bound       ( +- 11.16% )  (0.37%)

           6.07720 +- 0.00224 seconds time elapsed  ( +-  0.04% )

