
 Performance counter stats for './mandelbrot_seq 0.175 0.375 -0.1 0.1 16 0' (10 runs):

              1.16 msec task-clock                       #    0.738 CPUs utilized               ( +-  1.41% )
                 0      context-switches                 #    0.000 /sec                      
                 0      cpu-migrations                   #    0.000 /sec                      
                59      page-faults                      #   50.809 K/sec                       ( +-  0.52% )
         1,964,772      cpu_atom/cycles/                 #    1.692 GHz                         ( +-  4.31% )  (88.73%)
     <not counted>      cpu_core/cycles/                                                        ( +-100.00% )  (0.00%)
         2,037,702      cpu_atom/instructions/           #    1.04  insn per cycle              ( +-  5.12% )
     <not counted>      cpu_core/instructions/                                                  ( +-100.00% )  (0.00%)
           268,173      cpu_atom/branches/               #  230.943 M/sec                       ( +-  3.30% )
     <not counted>      cpu_core/branches/                                                      ( +-100.00% )  (0.00%)
             6,136      cpu_atom/branch-misses/          #    2.29% of all branches             ( +-  9.91% )
     <not counted>      cpu_core/branch-misses/                                                 ( +-100.11% )  (0.00%)
             TopdownL1 (cpu_atom)                 #      1.3 %  tma_bad_speculation    
                                                  #     22.4 %  tma_retiring             ( +-  4.14% )
                                                  #     58.2 %  tma_backend_bound      
                                                  #     58.2 %  tma_backend_bound_aux  
                                                  #     18.1 %  tma_frontend_bound       ( +-  2.23% )

         0.0015743 +- 0.0000331 seconds time elapsed  ( +-  2.10% )


 Performance counter stats for './mandelbrot_seq 0.175 0.375 -0.1 0.1 32 0' (10 runs):

              2.87 msec task-clock                       #    0.866 CPUs utilized               ( +-  3.11% )
                 0      context-switches                 #    0.000 /sec                      
                 0      cpu-migrations                   #    0.000 /sec                      
                59      page-faults                      #   20.571 K/sec                       ( +-  0.36% )
         4,716,938      cpu_atom/cycles/                 #    1.645 GHz                         ( +-  6.48% )  (26.85%)
     <not counted>      cpu_core/cycles/                                                        ( +- 33.68% )  (0.00%)
         4,607,944      cpu_atom/instructions/           #    0.98  insn per cycle              ( +-  8.36% )  (63.33%)
     <not counted>      cpu_core/instructions/                                                  ( +- 33.65% )  (0.00%)
           485,108      cpu_atom/branches/               #  169.142 M/sec                       ( +-  6.32% )  (86.91%)
     <not counted>      cpu_core/branches/                                                      ( +- 34.33% )  (0.00%)
            11,238      cpu_atom/branch-misses/          #    2.32% of all branches             ( +- 21.95% )
     <not counted>      cpu_core/branch-misses/                                                 ( +- 40.14% )  (0.00%)
             TopdownL1 (cpu_atom)                 #      0.7 %  tma_bad_speculation    
                                                  #     20.6 %  tma_retiring             ( +-  7.17% )
                                                  #     65.5 %  tma_backend_bound      
                                                  #     65.5 %  tma_backend_bound_aux  
                                                  #     13.2 %  tma_frontend_bound       ( +-  5.60% )

         0.0033117 +- 0.0000884 seconds time elapsed  ( +-  2.67% )


 Performance counter stats for './mandelbrot_seq 0.175 0.375 -0.1 0.1 64 0' (10 runs):

              8.57 msec task-clock                       #    0.934 CPUs utilized               ( +-  6.40% )
                 1      context-switches                 #  116.643 /sec                        ( +- 20.00% )
                 0      cpu-migrations                   #    0.000 /sec                      
                59      page-faults                      #    6.882 K/sec                       ( +-  0.42% )
        11,467,387      cpu_atom/cycles/                 #    1.338 GHz                         ( +- 19.36% )  (2.23%)
        13,242,501      cpu_core/cycles/                 #    1.545 GHz                         ( +- 12.08% )  (73.30%)
        10,167,093      cpu_atom/instructions/           #    0.89  insn per cycle              ( +- 22.18% )  (14.48%)
        18,110,927      cpu_core/instructions/           #    1.58  insn per cycle              ( +- 11.96% )  (73.30%)
         1,098,193      cpu_atom/branches/               #  128.096 M/sec                       ( +- 19.89% )  (26.39%)
         1,475,058      cpu_core/branches/               #  172.055 M/sec                       ( +- 12.52% )  (73.30%)
            30,782      cpu_atom/branch-misses/          #    2.80% of all branches             ( +- 34.24% )  (26.70%)
             8,647      cpu_core/branch-misses/          #    0.79% of all branches             ( +- 18.46% )  (73.30%)
             TopdownL1 (cpu_core)                 #     72.5 %  tma_backend_bound      
                                                  #      1.2 %  tma_bad_speculation    
                                                  #      3.3 %  tma_frontend_bound     
                                                  #     23.0 %  tma_retiring             ( +- 12.06% )  (73.30%)
             TopdownL1 (cpu_atom)                 #      6.0 %  tma_bad_speculation    
                                                  #     19.3 %  tma_retiring             ( +- 20.87% )  (26.70%)
                                                  #     60.7 %  tma_backend_bound      
                                                  #     60.7 %  tma_backend_bound_aux  
                                                  #     14.0 %  tma_frontend_bound       ( +- 19.31% )  (26.70%)

          0.009184 +- 0.000572 seconds time elapsed  ( +-  6.23% )


 Performance counter stats for './mandelbrot_seq 0.175 0.375 -0.1 0.1 128 0' (10 runs):

             25.90 msec task-clock                       #    0.978 CPUs utilized               ( +-  3.17% )
                 1      context-switches                 #   38.612 /sec                        ( +- 26.67% )
                 1      cpu-migrations                   #   38.612 /sec                        ( +- 26.03% )
                59      page-faults                      #    2.278 K/sec                       ( +-  0.44% )
        47,713,258      cpu_atom/cycles/                 #    1.842 GHz                         ( +- 11.51% )  (1.18%)
        55,583,956      cpu_core/cycles/                 #    2.146 GHz                         ( +-  3.14% )  (98.67%)
        43,398,488      cpu_atom/instructions/           #    0.91  insn per cycle              ( +- 12.76% )  (1.33%)
        77,095,826      cpu_core/instructions/           #    1.62  insn per cycle              ( +-  3.14% )  (98.67%)
         4,313,065      cpu_atom/branches/               #  166.535 M/sec                       ( +- 12.74% )  (1.33%)
         5,840,922      cpu_core/branches/               #  225.528 M/sec                       ( +-  3.17% )  (98.67%)
            96,783      cpu_atom/branch-misses/          #    2.24% of all branches             ( +- 38.61% )  (1.33%)
            19,587      cpu_core/branch-misses/          #    0.45% of all branches             ( +-  3.92% )  (98.67%)
             TopdownL1 (cpu_core)                 #     75.5 %  tma_backend_bound      
                                                  #      0.6 %  tma_bad_speculation    
                                                  #      0.8 %  tma_frontend_bound     
                                                  #     23.2 %  tma_retiring             ( +-  3.10% )  (98.67%)
             TopdownL1 (cpu_atom)                 #      4.3 %  tma_bad_speculation    
                                                  #     19.6 %  tma_retiring             ( +- 11.69% )  (1.33%)
                                                  #     66.1 %  tma_backend_bound      
                                                  #     66.1 %  tma_backend_bound_aux  
                                                  #      9.9 %  tma_frontend_bound       ( +- 11.55% )  (1.33%)

          0.026492 +- 0.000828 seconds time elapsed  ( +-  3.13% )


 Performance counter stats for './mandelbrot_seq 0.175 0.375 -0.1 0.1 256 0' (10 runs):

             98.25 msec task-clock                       #    0.993 CPUs utilized               ( +-  4.93% )
                 1      context-switches                 #   10.178 /sec                        ( +- 26.03% )
                 1      cpu-migrations                   #   10.178 /sec                        ( +- 23.33% )
                59      page-faults                      #  600.495 /sec                        ( +-  0.38% )
       166,199,305      cpu_atom/cycles/                 #    1.692 GHz                         ( +- 12.26% )  (0.67%)
       199,852,662      cpu_core/cycles/                 #    2.034 GHz                         ( +-  0.55% )  (98.11%)
       148,063,398      cpu_atom/instructions/           #    0.89  insn per cycle              ( +- 13.09% )  (1.77%)
       278,036,517      cpu_core/instructions/           #    1.67  insn per cycle              ( +-  0.55% )  (98.11%)
        14,212,413      cpu_atom/branches/               #  144.652 M/sec                       ( +- 12.47% )  (1.89%)
        20,870,894      cpu_core/branches/               #  212.421 M/sec                       ( +-  0.53% )  (98.11%)
           396,719      cpu_atom/branch-misses/          #    2.79% of all branches             ( +- 48.57% )  (1.89%)
            58,966      cpu_core/branch-misses/          #    0.41% of all branches             ( +-  0.96% )  (98.11%)
             TopdownL1 (cpu_core)                 #     76.0 %  tma_backend_bound      
                                                  #      0.4 %  tma_bad_speculation    
                                                  #      0.4 %  tma_frontend_bound     
                                                  #     23.2 %  tma_retiring             ( +-  0.52% )  (98.11%)
             TopdownL1 (cpu_atom)                 #      2.9 %  tma_bad_speculation    
                                                  #     18.7 %  tma_retiring             ( +- 12.80% )  (1.89%)
                                                  #     66.6 %  tma_backend_bound      
                                                  #     66.6 %  tma_backend_bound_aux  
                                                  #     11.8 %  tma_frontend_bound       ( +- 12.27% )  (1.89%)

           0.09890 +- 0.00486 seconds time elapsed  ( +-  4.91% )


 Performance counter stats for './mandelbrot_seq 0.175 0.375 -0.1 0.1 512 0' (10 runs):

            359.59 msec task-clock                       #    0.998 CPUs utilized               ( +-  0.23% )
                 2      context-switches                 #    5.562 /sec                        ( +- 23.63% )
                 1      cpu-migrations                   #    2.781 /sec                        ( +- 34.80% )
                59      page-faults                      #  164.078 /sec                        ( +-  0.23% )
       677,966,602      cpu_atom/cycles/                 #    1.885 GHz                         ( +- 11.17% )  (0.07%)
       785,681,956      cpu_core/cycles/                 #    2.185 GHz                         ( +-  0.26% )  (99.92%)
       588,102,850      cpu_atom/instructions/           #    0.87  insn per cycle              ( +- 12.06% )  (0.08%)
     1,094,089,790      cpu_core/instructions/           #    1.61  insn per cycle              ( +-  0.27% )  (99.92%)
        62,096,619      cpu_atom/branches/               #  172.689 M/sec                       ( +- 13.15% )  (0.08%)
        81,941,959      cpu_core/branches/               #  227.879 M/sec                       ( +-  0.26% )  (99.92%)
         1,588,787      cpu_atom/branch-misses/          #    2.56% of all branches             ( +- 33.98% )  (0.08%)
           218,699      cpu_core/branch-misses/          #    0.35% of all branches             ( +-  0.30% )  (99.92%)
             TopdownL1 (cpu_core)                 #     76.0 %  tma_backend_bound      
                                                  #      0.4 %  tma_bad_speculation    
                                                  #      0.4 %  tma_frontend_bound     
                                                  #     23.1 %  tma_retiring             ( +-  0.26% )  (99.92%)
             TopdownL1 (cpu_atom)                 #      3.3 %  tma_bad_speculation    
                                                  #     19.1 %  tma_retiring             ( +- 11.31% )  (0.08%)
                                                  #     64.3 %  tma_backend_bound      
                                                  #     64.3 %  tma_backend_bound_aux  
                                                  #     13.3 %  tma_frontend_bound       ( +- 11.17% )  (0.08%)

          0.360166 +- 0.000836 seconds time elapsed  ( +-  0.23% )

