
 Performance counter stats for './mandelbrot_seq -0.8 -0.7 0.05 0.15 16 0' (10 runs):

              1.01 msec task-clock                       #    0.694 CPUs utilized               ( +-  3.70% )
                 0      context-switches                 #    0.000 /sec                      
                 0      cpu-migrations                   #    0.000 /sec                      
                59      page-faults                      #   58.485 K/sec                       ( +-  0.37% )
     <not counted>      cpu_atom/cycles/                                                        (0.00%)
         1,689,241      cpu_core/cycles/                 #    1.675 GHz                         ( +-  1.74% )
     <not counted>      cpu_atom/instructions/                                                  (0.00%)
         2,173,985      cpu_core/instructions/                                                  ( +-  0.09% )
     <not counted>      cpu_atom/branches/                                                      (0.00%)
           277,729      cpu_core/branches/               #  275.306 M/sec                       ( +-  0.09% )
     <not counted>      cpu_atom/branch-misses/                                                 (0.00%)
             5,024      cpu_core/branch-misses/                                                 ( +-  5.53% )
             TopdownL1 (cpu_core)                 #     50.7 %  tma_backend_bound      
                                                  #      5.5 %  tma_bad_speculation    
                                                  #     20.8 %  tma_frontend_bound     
                                                  #     22.9 %  tma_retiring             ( +-  1.80% )

         0.0014529 +- 0.0000739 seconds time elapsed  ( +-  5.08% )


 Performance counter stats for './mandelbrot_seq -0.8 -0.7 0.05 0.15 32 0' (10 runs):

              3.06 msec task-clock                       #    0.857 CPUs utilized               ( +-  4.21% )
                 0      context-switches                 #    0.000 /sec                      
                 0      cpu-migrations                   #    0.000 /sec                      
                59      page-faults                      #   19.272 K/sec                       ( +-  0.25% )
         5,221,213      cpu_atom/cycles/                 #    1.706 GHz                         ( +-  3.35% )  (17.85%)
         2,509,619      cpu_core/cycles/                 #    0.820 GHz                         ( +- 33.65% )  (40.79%)
         4,842,625      cpu_atom/instructions/           #    0.93  insn per cycle              ( +-  6.39% )  (55.18%)
         3,243,249      cpu_core/instructions/           #    0.62  insn per cycle              ( +- 33.44% )  (40.79%)
           524,638      cpu_atom/branches/               #  171.373 M/sec                       ( +-  4.23% )  (59.21%)
           303,127      cpu_core/branches/               #   99.016 M/sec                       ( +- 34.00% )  (40.79%)
            11,552      cpu_atom/branch-misses/          #    2.20% of all branches             ( +- 21.97% )  (59.21%)
             3,982      cpu_core/branch-misses/          #    0.76% of all branches             ( +- 49.49% )  (40.79%)
             TopdownL1 (cpu_core)                 #     65.6 %  tma_backend_bound      
                                                  #      3.1 %  tma_bad_speculation    
                                                  #      9.3 %  tma_frontend_bound     
                                                  #     22.1 %  tma_retiring             ( +- 33.61% )  (40.79%)
             TopdownL1 (cpu_atom)                 #      2.9 %  tma_bad_speculation    
                                                  #     20.2 %  tma_retiring             ( +-  3.99% )  (59.21%)
                                                  #     64.7 %  tma_backend_bound      
                                                  #     64.7 %  tma_backend_bound_aux  
                                                  #     12.2 %  tma_frontend_bound       ( +-  3.61% )  (59.21%)

          0.003574 +- 0.000161 seconds time elapsed  ( +-  4.49% )


 Performance counter stats for './mandelbrot_seq -0.8 -0.7 0.05 0.15 64 0' (10 runs):

              8.02 msec task-clock                       #    0.938 CPUs utilized               ( +-  4.74% )
                 0      context-switches                 #    0.000 /sec                      
                 0      cpu-migrations                   #    0.000 /sec                      
                59      page-faults                      #    7.357 K/sec                       ( +-  0.28% )
     <not counted>      cpu_atom/cycles/                                                        ( +- 42.32% )  (0.00%)
        11,539,799      cpu_core/cycles/                 #    1.439 GHz                         ( +- 16.84% )
     <not counted>      cpu_atom/instructions/                                                  ( +- 41.51% )  (0.00%)
        15,819,394      cpu_core/instructions/           #    2.39  insn per cycle              ( +- 16.87% )
     <not counted>      cpu_atom/branches/                                                      ( +- 41.02% )  (0.00%)
         1,264,973      cpu_core/branches/               #  157.742 M/sec                       ( +- 16.79% )
     <not counted>      cpu_atom/branch-misses/                                                 ( +- 44.44% )  (0.00%)
             7,660      cpu_core/branch-misses/          #    1.32% of all branches             ( +- 17.78% )
             TopdownL1 (cpu_core)                 #     73.2 %  tma_backend_bound      
                                                  #      1.2 %  tma_bad_speculation    
                                                  #      2.5 %  tma_frontend_bound     
                                                  #     23.0 %  tma_retiring             ( +- 16.84% )

          0.008552 +- 0.000397 seconds time elapsed  ( +-  4.64% )


 Performance counter stats for './mandelbrot_seq -0.8 -0.7 0.05 0.15 128 0' (10 runs):

             27.45 msec task-clock                       #    0.980 CPUs utilized               ( +-  3.02% )
                 0      context-switches                 #    0.000 /sec                      
                 0      cpu-migrations                   #    0.000 /sec                      
                59      page-faults                      #    2.150 K/sec                       ( +-  0.44% )
     <not counted>      cpu_atom/cycles/                                                        ( +- 27.69% )  (0.00%)
        58,015,896      cpu_core/cycles/                 #    2.114 GHz                         ( +-  3.46% )
     <not counted>      cpu_atom/instructions/                                                  ( +- 28.92% )  (0.00%)
        80,217,244      cpu_core/instructions/           #    2.33  insn per cycle              ( +-  3.51% )
     <not counted>      cpu_atom/branches/                                                      ( +- 27.32% )  (0.00%)
         6,101,455      cpu_core/branches/               #  222.314 M/sec                       ( +-  3.43% )
     <not counted>      cpu_atom/branch-misses/                                                 ( +- 62.73% )  (0.00%)
            22,505      cpu_core/branch-misses/          #    0.81% of all branches             ( +-  3.33% )
             TopdownL1 (cpu_core)                 #     75.2 %  tma_backend_bound      
                                                  #      0.8 %  tma_bad_speculation    
                                                  #      0.9 %  tma_frontend_bound     
                                                  #     23.1 %  tma_retiring             ( +-  3.42% )

          0.028011 +- 0.000850 seconds time elapsed  ( +-  3.04% )


 Performance counter stats for './mandelbrot_seq -0.8 -0.7 0.05 0.15 256 0' (10 runs):

             97.06 msec task-clock                       #    0.994 CPUs utilized               ( +-  0.60% )
                 1      context-switches                 #   10.303 /sec                        ( +- 37.86% )
                 0      cpu-migrations                   #    0.000 /sec                      
                59      page-faults                      #  607.883 /sec                        ( +-  0.49% )
       124,769,107      cpu_atom/cycles/                 #    1.286 GHz                         ( +- 27.25% )  (6.88%)
       211,393,614      cpu_core/cycles/                 #    2.178 GHz                         ( +-  0.70% )  (90.97%)
       119,042,565      cpu_atom/instructions/           #    0.95  insn per cycle              ( +- 27.34% )  (8.01%)
       293,199,212      cpu_core/instructions/           #    2.35  insn per cycle              ( +-  0.72% )  (90.97%)
        10,632,768      cpu_atom/branches/               #  109.550 M/sec                       ( +- 27.92% )  (8.01%)
        22,009,163      cpu_core/branches/               #  226.763 M/sec                       ( +-  0.68% )  (90.97%)
           152,038      cpu_atom/branch-misses/          #    1.43% of all branches             ( +- 51.46% )  (8.01%)
            64,367      cpu_core/branch-misses/          #    0.61% of all branches             ( +-  0.93% )  (90.97%)
             TopdownL1 (cpu_core)                 #     76.0 %  tma_backend_bound      
                                                  #      0.4 %  tma_bad_speculation    
                                                  #      0.4 %  tma_frontend_bound     
                                                  #     23.2 %  tma_retiring             ( +-  0.70% )  (90.97%)
             TopdownL1 (cpu_atom)                 #     -0.8 %  tma_bad_speculation    
                                                  #     19.9 %  tma_retiring             ( +- 27.24% )  (8.01%)
                                                  #     75.9 %  tma_backend_bound      
                                                  #     75.9 %  tma_backend_bound_aux  
                                                  #      5.1 %  tma_frontend_bound       ( +- 27.25% )  (8.01%)

          0.097623 +- 0.000578 seconds time elapsed  ( +-  0.59% )


 Performance counter stats for './mandelbrot_seq -0.8 -0.7 0.05 0.15 512 0' (10 runs):

            379.15 msec task-clock                       #    0.998 CPUs utilized               ( +-  0.23% )
                 4      context-switches                 #   10.550 /sec                        ( +- 21.55% )
                 2      cpu-migrations                   #    5.275 /sec                        ( +- 26.30% )
                59      page-faults                      #  155.613 /sec                        ( +-  0.51% )
       774,421,308      cpu_atom/cycles/                 #    2.043 GHz                         ( +-  2.17% )  (0.25%)
       830,135,514      cpu_core/cycles/                 #    2.189 GHz                         ( +-  0.11% )  (99.74%)
       668,114,986      cpu_atom/instructions/           #    0.86  insn per cycle              ( +-  5.74% )  (0.26%)
     1,152,860,002      cpu_core/instructions/           #    1.49  insn per cycle              ( +-  0.11% )  (99.74%)
        75,755,269      cpu_atom/branches/               #  199.805 M/sec                       ( +-  4.58% )  (0.26%)
        86,300,619      cpu_core/branches/               #  227.619 M/sec                       ( +-  0.11% )  (99.74%)
         2,193,443      cpu_atom/branch-misses/          #    2.90% of all branches             ( +- 20.54% )  (0.26%)
           233,095      cpu_core/branch-misses/          #    0.31% of all branches             ( +-  0.38% )  (99.74%)
             TopdownL1 (cpu_core)                 #     76.1 %  tma_backend_bound      
                                                  #      0.4 %  tma_bad_speculation    
                                                  #      0.4 %  tma_frontend_bound     
                                                  #     23.1 %  tma_retiring             ( +-  0.11% )  (99.74%)
             TopdownL1 (cpu_atom)                 #      6.6 %  tma_bad_speculation    
                                                  #     19.2 %  tma_retiring             ( +-  3.75% )  (0.26%)
                                                  #     59.1 %  tma_backend_bound      
                                                  #     59.1 %  tma_backend_bound_aux  
                                                  #     15.1 %  tma_frontend_bound       ( +-  2.64% )  (0.26%)

          0.379796 +- 0.000966 seconds time elapsed  ( +-  0.25% )

