
 Performance counter stats for './mandelbrot_pth 0.175 0.375 -0.1 0.1 16' (10 runs):

              4.02 msec task-clock                       #    1.390 CPUs utilized               ( +-  2.40% )
                12      context-switches                 #    2.985 K/sec                       ( +- 11.75% )
                 0      cpu-migrations                   #    0.000 /sec                      
               108      page-faults                      #   26.867 K/sec                       ( +-  0.27% )
         5,071,762      cpu_atom/cycles/                 #    1.262 GHz                         ( +-  3.25% )  (7.15%)
     <not counted>      cpu_core/cycles/                                                        ( +- 30.55% )  (0.00%)
         4,418,290      cpu_atom/instructions/           #    0.87  insn per cycle              ( +-  5.29% )  (92.50%)
     <not counted>      cpu_core/instructions/                                                  ( +- 32.82% )  (0.00%)
           722,816      cpu_atom/branches/               #  179.811 M/sec                       ( +-  9.05% )
     <not counted>      cpu_core/branches/                                                      ( +- 34.07% )  (0.00%)
            22,696      cpu_atom/branch-misses/          #    3.14% of all branches             ( +-  6.81% )
     <not counted>      cpu_core/branch-misses/                                                 ( +- 29.23% )  (0.00%)
             TopdownL1 (cpu_atom)                 #     16.0 %  tma_bad_speculation    
                                                  #     20.1 %  tma_retiring             ( +-  7.76% )
                                                  #     31.1 %  tma_backend_bound      
                                                  #     31.1 %  tma_backend_bound_aux  
                                                  #     32.7 %  tma_frontend_bound       ( +-  3.53% )

         0.0028915 +- 0.0000903 seconds time elapsed  ( +-  3.12% )


 Performance counter stats for './mandelbrot_pth 0.175 0.375 -0.1 0.1 32' (10 runs):

              6.93 msec task-clock                       #    2.072 CPUs utilized               ( +-  3.34% )
                14      context-switches                 #    2.020 K/sec                       ( +-  5.91% )
                 1      cpu-migrations                   #  144.260 /sec                        ( +- 48.99% )
               109      page-faults                      #   15.724 K/sec                       ( +-  0.57% )
         7,303,466      cpu_atom/cycles/                 #    1.054 GHz                         ( +-  2.95% )  (58.49%)
         4,121,894      cpu_core/cycles/                 #    0.595 GHz                         ( +-  4.99% )
         6,593,536      cpu_atom/instructions/           #    0.90  insn per cycle              ( +-  2.98% )  (65.23%)
         4,702,504      cpu_core/instructions/           #    0.64  insn per cycle              ( +-  5.21% )
           750,364      cpu_atom/branches/               #  108.247 M/sec                       ( +-  7.14% )  (65.23%)
           679,971      cpu_core/branches/               #   98.092 M/sec                       ( +-  7.53% )
            23,038      cpu_atom/branch-misses/          #    3.07% of all branches             ( +-  8.44% )  (65.23%)
            14,391      cpu_core/branch-misses/          #    1.92% of all branches             ( +-  5.38% )
             TopdownL1 (cpu_core)                 #     41.9 %  tma_backend_bound      
                                                  #      6.4 %  tma_bad_speculation    
                                                  #     30.0 %  tma_frontend_bound     
                                                  #     21.7 %  tma_retiring             ( +-  5.40% )
             TopdownL1 (cpu_atom)                 #     26.2 %  tma_bad_speculation    
                                                  #     18.3 %  tma_retiring             ( +-  5.16% )  (65.23%)
                                                  #     35.7 %  tma_backend_bound      
                                                  #     35.7 %  tma_backend_bound_aux  
                                                  #     19.8 %  tma_frontend_bound       ( +-  3.20% )  (65.23%)

          0.003345 +- 0.000180 seconds time elapsed  ( +-  5.39% )


 Performance counter stats for './mandelbrot_pth 0.175 0.375 -0.1 0.1 64' (10 runs):

             16.47 msec task-clock                       #    3.638 CPUs utilized               ( +-  2.11% )
                24      context-switches                 #    1.457 K/sec                       ( +-  4.74% )
                10      cpu-migrations                   #  607.114 /sec                        ( +-  8.57% )
               109      page-faults                      #    6.618 K/sec                       ( +-  0.66% )
        15,887,890      cpu_atom/cycles/                 #    0.965 GHz                         ( +-  3.84% )  (8.10%)
        10,347,799      cpu_core/cycles/                 #    0.628 GHz                         ( +-  5.99% )  (48.53%)
        13,199,412      cpu_atom/instructions/           #    0.83  insn per cycle              ( +-  5.41% )  (81.02%)
        11,678,348      cpu_core/instructions/           #    0.74  insn per cycle              ( +-  5.89% )  (48.53%)
         1,565,276      cpu_atom/branches/               #   95.030 M/sec                       ( +-  2.97% )  (99.77%)
         1,076,303      cpu_core/branches/               #   65.344 M/sec                       ( +-  5.92% )  (48.53%)
            32,896      cpu_atom/branch-misses/          #    2.10% of all branches             ( +-  5.96% )
            14,052      cpu_core/branch-misses/          #    0.90% of all branches             ( +- 10.84% )  (48.53%)
             TopdownL1 (cpu_core)                 #     51.0 %  tma_backend_bound      
                                                  #      4.2 %  tma_bad_speculation    
                                                  #     17.6 %  tma_frontend_bound     
                                                  #     27.2 %  tma_retiring             ( +-  6.32% )  (48.53%)
             TopdownL1 (cpu_atom)                 #      5.0 %  tma_bad_speculation    
                                                  #     19.7 %  tma_retiring             ( +-  1.98% )
                                                  #     63.3 %  tma_backend_bound      
                                                  #     63.3 %  tma_backend_bound_aux  
                                                  #     12.0 %  tma_frontend_bound       ( +-  2.10% )

          0.004527 +- 0.000155 seconds time elapsed  ( +-  3.43% )


 Performance counter stats for './mandelbrot_pth 0.175 0.375 -0.1 0.1 128' (10 runs):

             56.97 msec task-clock                       #    5.649 CPUs utilized               ( +-  2.00% )
                14      context-switches                 #  245.733 /sec                        ( +-  9.10% )
                 8      cpu-migrations                   #  140.419 /sec                        ( +-  9.87% )
               109      page-faults                      #    1.913 K/sec                       ( +-  0.33% )
        52,113,810      cpu_atom/cycles/                 #    0.915 GHz                         ( +-  1.18% )  (37.13%)
        31,934,430      cpu_core/cycles/                 #    0.561 GHz                         ( +-  5.46% )  (83.37%)
        49,672,584      cpu_atom/instructions/           #    0.95  insn per cycle              ( +-  1.22% )  (62.75%)
        36,593,244      cpu_core/instructions/           #    0.70  insn per cycle              ( +-  5.79% )  (83.37%)
         4,139,470      cpu_atom/branches/               #   72.657 M/sec                       ( +-  1.92% )  (69.98%)
         2,976,643      cpu_core/branches/               #   52.247 M/sec                       ( +-  4.88% )  (83.37%)
            37,428      cpu_atom/branch-misses/          #    0.90% of all branches             ( +-  8.74% )  (84.18%)
            23,039      cpu_core/branch-misses/          #    0.56% of all branches             ( +-  5.70% )  (83.37%)
             TopdownL1 (cpu_core)                 #     52.0 %  tma_backend_bound      
                                                  #      3.3 %  tma_bad_speculation    
                                                  #     15.1 %  tma_frontend_bound     
                                                  #     29.6 %  tma_retiring             ( +-  6.48% )  (83.37%)
             TopdownL1 (cpu_atom)                 #      1.6 %  tma_bad_speculation    
                                                  #     19.3 %  tma_retiring             ( +-  1.41% )  (85.14%)
                                                  #     75.5 %  tma_backend_bound      
                                                  #     75.5 %  tma_backend_bound_aux  
                                                  #      3.6 %  tma_frontend_bound       ( +-  1.51% )  (85.14%)

          0.010086 +- 0.000227 seconds time elapsed  ( +-  2.25% )


 Performance counter stats for './mandelbrot_pth 0.175 0.375 -0.1 0.1 256' (10 runs):

            227.73 msec task-clock                       #    7.960 CPUs utilized               ( +-  1.05% )
                30      context-switches                 #  131.735 /sec                        ( +-  7.58% )
                10      cpu-migrations                   #   43.912 /sec                        ( +-  5.82% )
               108      page-faults                      #  474.247 /sec                        ( +-  0.17% )
       204,829,170      cpu_atom/cycles/                 #    0.899 GHz                         ( +-  2.13% )  (71.54%)
       130,549,531      cpu_core/cycles/                 #    0.573 GHz                         ( +-  6.10% )  (43.57%)
       199,565,696      cpu_atom/instructions/           #    0.97  insn per cycle              ( +-  2.07% )  (87.57%)
       151,286,557      cpu_core/instructions/           #    0.74  insn per cycle              ( +-  6.37% )  (43.57%)
        15,487,220      cpu_atom/branches/               #   68.007 M/sec                       ( +-  2.30% )  (79.50%)
        11,554,142      cpu_core/branches/               #   50.736 M/sec                       ( +-  6.20% )  (43.57%)
            74,766      cpu_atom/branch-misses/          #    0.48% of all branches             ( +-  3.00% )  (80.36%)
            49,432      cpu_core/branch-misses/          #    0.32% of all branches             ( +-  5.99% )  (43.57%)
             TopdownL1 (cpu_core)                 #     54.3 %  tma_backend_bound      
                                                  #      2.6 %  tma_bad_speculation    
                                                  #     13.0 %  tma_frontend_bound     
                                                  #     30.1 %  tma_retiring             ( +-  6.72% )  (43.57%)
             TopdownL1 (cpu_atom)                 #      0.6 %  tma_bad_speculation    
                                                  #     19.7 %  tma_retiring             ( +-  2.16% )  (81.55%)
                                                  #     78.5 %  tma_backend_bound      
                                                  #     78.5 %  tma_backend_bound_aux  
                                                  #      1.3 %  tma_frontend_bound       ( +-  2.28% )  (82.38%)

          0.028608 +- 0.000512 seconds time elapsed  ( +-  1.79% )


 Performance counter stats for './mandelbrot_pth 0.175 0.375 -0.1 0.1 512' (10 runs):

            929.65 msec task-clock                       #    9.263 CPUs utilized               ( +-  0.17% )
                79      context-switches                 #   84.978 /sec                        ( +-  4.91% )
                12      cpu-migrations                   #   12.908 /sec                        ( +-  7.43% )
               108      page-faults                      #  116.173 /sec                        ( +-  0.24% )
       789,216,058      cpu_atom/cycles/                 #    0.849 GHz                         ( +-  1.28% )  (66.68%)
       612,831,730      cpu_core/cycles/                 #    0.659 GHz                         ( +-  6.37% )  (39.75%)
       769,966,412      cpu_atom/instructions/           #    0.98  insn per cycle              ( +-  1.16% )  (78.41%)
       721,770,240      cpu_core/instructions/           #    0.91  insn per cycle              ( +-  6.58% )  (39.75%)
        58,681,869      cpu_atom/branches/               #   63.123 M/sec                       ( +-  1.29% )  (78.56%)
        54,256,053      cpu_core/branches/               #   58.362 M/sec                       ( +-  6.53% )  (39.75%)
           201,226      cpu_atom/branch-misses/          #    0.34% of all branches             ( +-  1.39% )  (78.82%)
           173,900      cpu_core/branch-misses/          #    0.30% of all branches             ( +-  6.01% )  (39.75%)
             TopdownL1 (cpu_core)                 #     56.6 %  tma_backend_bound      
                                                  #      2.3 %  tma_bad_speculation    
                                                  #     11.5 %  tma_frontend_bound     
                                                  #     29.6 %  tma_retiring             ( +-  6.95% )  (39.75%)
             TopdownL1 (cpu_atom)                 #      0.7 %  tma_bad_speculation    
                                                  #     19.7 %  tma_retiring             ( +-  1.30% )  (78.99%)
                                                  #     79.1 %  tma_backend_bound      
                                                  #     79.1 %  tma_backend_bound_aux  
                                                  #      0.5 %  tma_frontend_bound       ( +-  1.28% )  (79.09%)

          0.100357 +- 0.000829 seconds time elapsed  ( +-  0.83% )


 Performance counter stats for './mandelbrot_pth 0.175 0.375 -0.1 0.1 1024' (10 runs):

          3,732.57 msec task-clock                       #    9.692 CPUs utilized               ( +-  0.17% )
               258      context-switches                 #   69.121 /sec                        ( +-  8.35% )
                12      cpu-migrations                   #    3.215 /sec                        ( +-  6.14% )
               108      page-faults                      #   28.935 /sec                        ( +-  0.22% )
     3,009,304,997      cpu_atom/cycles/                 #    0.806 GHz                         ( +-  2.69% )  (74.51%)
     2,584,891,250      cpu_core/cycles/                 #    0.693 GHz                         ( +-  7.29% )  (50.83%)
     2,961,860,801      cpu_atom/instructions/           #    0.98  insn per cycle              ( +-  2.72% )  (87.03%)
     2,996,078,258      cpu_core/instructions/           #    1.00  insn per cycle              ( +-  7.39% )  (50.83%)
       222,511,346      cpu_atom/branches/               #   59.614 M/sec                       ( +-  2.69% )  (87.06%)
       224,569,885      cpu_core/branches/               #   60.165 M/sec                       ( +-  7.36% )  (50.83%)
           664,704      cpu_atom/branch-misses/          #    0.30% of all branches             ( +-  2.33% )  (87.17%)
           643,926      cpu_core/branch-misses/          #    0.29% of all branches             ( +-  7.11% )  (50.83%)
             TopdownL1 (cpu_core)                 #     53.8 %  tma_backend_bound      
                                                  #      2.4 %  tma_bad_speculation    
                                                  #     13.1 %  tma_frontend_bound     
                                                  #     30.6 %  tma_retiring             ( +-  7.57% )  (50.83%)
             TopdownL1 (cpu_atom)                 #      0.7 %  tma_bad_speculation    
                                                  #     19.7 %  tma_retiring             ( +-  2.70% )  (87.26%)
                                                  #     79.3 %  tma_backend_bound      
                                                  #     79.3 %  tma_backend_bound_aux  
                                                  #      0.3 %  tma_frontend_bound       ( +-  2.68% )  (87.26%)

           0.38512 +- 0.00208 seconds time elapsed  ( +-  0.54% )


 Performance counter stats for './mandelbrot_pth 0.175 0.375 -0.1 0.1 2048' (10 runs):

         14,960.97 msec task-clock                       #    9.896 CPUs utilized               ( +-  0.18% )
               948      context-switches                 #   63.365 /sec                        ( +-  3.29% )
                20      cpu-migrations                   #    1.337 /sec                        ( +-  6.99% )
               109      page-faults                      #    7.286 /sec                        ( +-  0.27% )
    12,161,023,930      cpu_atom/cycles/                 #    0.813 GHz                         ( +-  1.88% )  (74.95%)
    10,862,944,481      cpu_core/cycles/                 #    0.726 GHz                         ( +-  5.73% )  (40.76%)
    11,983,729,140      cpu_atom/instructions/           #    0.99  insn per cycle              ( +-  1.89% )  (87.46%)
    12,658,020,566      cpu_core/instructions/           #    1.04  insn per cycle              ( +-  5.85% )  (40.76%)
       898,769,831      cpu_atom/branches/               #   60.074 M/sec                       ( +-  1.88% )  (87.47%)
       947,493,618      cpu_core/branches/               #   63.331 M/sec                       ( +-  5.85% )  (40.76%)
         2,546,424      cpu_atom/branch-misses/          #    0.28% of all branches             ( +-  1.78% )  (87.47%)
         2,572,101      cpu_core/branch-misses/          #    0.29% of all branches             ( +-  5.80% )  (40.76%)
             TopdownL1 (cpu_core)                 #     54.6 %  tma_backend_bound      
                                                  #      2.3 %  tma_bad_speculation    
                                                  #     12.6 %  tma_frontend_bound     
                                                  #     30.4 %  tma_retiring             ( +-  6.16% )  (40.76%)
             TopdownL1 (cpu_atom)                 #      0.7 %  tma_bad_speculation    
                                                  #     19.7 %  tma_retiring             ( +-  1.88% )  (87.50%)
                                                  #     79.4 %  tma_backend_bound      
                                                  #     79.4 %  tma_backend_bound_aux  
                                                  #      0.2 %  tma_frontend_bound       ( +-  1.88% )  (87.54%)

           1.51182 +- 0.00480 seconds time elapsed  ( +-  0.32% )

