
 Performance counter stats for './mandelbrot_pth -2.5 1.5 -2.0 2.0 16' (10 runs):

              3.45 msec task-clock                       #    1.128 CPUs utilized               ( +-  2.78% )
                10      context-switches                 #    2.902 K/sec                       ( +-  7.52% )
                 1      cpu-migrations                   #  290.173 /sec                        ( +- 32.66% )
               108      page-faults                      #   31.339 K/sec                       ( +-  0.27% )
         3,841,834      cpu_atom/cycles/                 #    1.115 GHz                         ( +-  5.62% )  (39.12%)
         2,506,137      cpu_core/cycles/                 #    0.727 GHz                         ( +- 16.99% )  (98.39%)
         3,035,601      cpu_atom/instructions/           #    0.79  insn per cycle              ( +-  8.95% )  (39.41%)
         2,719,063      cpu_core/instructions/           #    0.71  insn per cycle              ( +- 19.60% )  (98.39%)
           562,527      cpu_atom/branches/               #  163.230 M/sec                       ( +- 10.06% )  (39.41%)
           500,306      cpu_core/branches/               #  145.175 M/sec                       ( +- 19.36% )  (98.39%)
            22,290      cpu_atom/branch-misses/          #    3.96% of all branches             ( +-  6.49% )  (39.41%)
            10,854      cpu_core/branch-misses/          #    1.93% of all branches             ( +- 18.18% )  (98.39%)
             TopdownL1 (cpu_core)                 #     34.8 %  tma_backend_bound      
                                                  #      7.7 %  tma_bad_speculation    
                                                  #     36.7 %  tma_frontend_bound     
                                                  #     20.8 %  tma_retiring             ( +- 17.02% )  (98.39%)
             TopdownL1 (cpu_atom)                 #     24.6 %  tma_bad_speculation    
                                                  #     19.2 %  tma_retiring             ( +- 10.58% )  (39.41%)
                                                  #     17.6 %  tma_backend_bound      
                                                  #     17.6 %  tma_backend_bound_aux  
                                                  #     38.6 %  tma_frontend_bound       ( +-  6.15% )  (39.41%)

          0.003056 +- 0.000111 seconds time elapsed  ( +-  3.62% )


 Performance counter stats for './mandelbrot_pth -2.5 1.5 -2.0 2.0 32' (10 runs):

              3.34 msec task-clock                       #    1.247 CPUs utilized               ( +-  2.89% )
                 8      context-switches                 #    2.396 K/sec                       ( +- 10.07% )
                 0      cpu-migrations                   #    0.000 /sec                      
               108      page-faults                      #   32.346 K/sec                       ( +-  0.24% )
         4,280,064      cpu_atom/cycles/                 #    1.282 GHz                         ( +-  3.08% )  (46.63%)
         2,731,529      cpu_core/cycles/                 #    0.818 GHz                         ( +- 12.25% )
         3,580,763      cpu_atom/instructions/           #    0.84  insn per cycle              ( +-  5.04% )  (46.63%)
         3,222,271      cpu_core/instructions/           #    0.75  insn per cycle              ( +- 11.39% )
           567,204      cpu_atom/branches/               #  169.878 M/sec                       ( +-  9.01% )  (46.63%)
           586,307      cpu_core/branches/               #  175.600 M/sec                       ( +- 11.34% )
            20,381      cpu_atom/branch-misses/          #    3.59% of all branches             ( +-  5.71% )  (46.63%)
            13,073      cpu_core/branch-misses/          #    2.30% of all branches             ( +- 15.92% )
             TopdownL1 (cpu_core)                 #     30.6 %  tma_backend_bound      
                                                  #      8.5 %  tma_bad_speculation    
                                                  #     38.3 %  tma_frontend_bound     
                                                  #     22.6 %  tma_retiring             ( +- 12.27% )
             TopdownL1 (cpu_atom)                 #     29.0 %  tma_bad_speculation    
                                                  #     19.4 %  tma_retiring             ( +-  8.01% )  (46.63%)
                                                  #     20.0 %  tma_backend_bound      
                                                  #     20.0 %  tma_backend_bound_aux  
                                                  #     31.6 %  tma_frontend_bound       ( +-  4.88% )  (46.63%)

          0.002679 +- 0.000102 seconds time elapsed  ( +-  3.79% )


 Performance counter stats for './mandelbrot_pth -2.5 1.5 -2.0 2.0 64' (10 runs):

              6.43 msec task-clock                       #    1.601 CPUs utilized               ( +-  3.00% )
                11      context-switches                 #    1.710 K/sec                       ( +-  7.67% )
                 1      cpu-migrations                   #  155.462 /sec                        ( +- 42.30% )
               109      page-faults                      #   16.945 K/sec                       ( +-  0.36% )
         5,812,595      cpu_atom/cycles/                 #    0.904 GHz                         ( +-  5.24% )  (11.87%)
         3,851,358      cpu_core/cycles/                 #    0.599 GHz                         ( +-  4.46% )  (28.22%)
         5,426,484      cpu_atom/instructions/           #    0.93  insn per cycle              ( +-  5.41% )  (89.20%)
         3,937,602      cpu_core/instructions/           #    0.68  insn per cycle              ( +-  8.52% )  (28.22%)
           821,466      cpu_atom/branches/               #  127.707 M/sec                       ( +-  6.77% )  (90.92%)
           576,155      cpu_core/branches/               #   89.570 M/sec                       ( +- 10.15% )  (28.22%)
            26,981      cpu_atom/branch-misses/          #    3.28% of all branches             ( +-  5.78% )  (90.92%)
            18,353      cpu_core/branch-misses/          #    2.23% of all branches             ( +-  9.50% )  (28.22%)
             TopdownL1 (cpu_core)                 #     35.0 %  tma_backend_bound      
                                                  #      8.7 %  tma_bad_speculation    
                                                  #     37.8 %  tma_frontend_bound     
                                                  #     18.5 %  tma_retiring             ( +-  4.77% )  (28.22%)
             TopdownL1 (cpu_atom)                 #     16.2 %  tma_bad_speculation    
                                                  #     20.2 %  tma_retiring             ( +-  5.18% )  (90.92%)
                                                  #     37.7 %  tma_backend_bound      
                                                  #     37.7 %  tma_backend_bound_aux  
                                                  #     25.8 %  tma_frontend_bound       ( +-  3.29% )  (90.92%)

          0.004018 +- 0.000137 seconds time elapsed  ( +-  3.41% )


 Performance counter stats for './mandelbrot_pth -2.5 1.5 -2.0 2.0 128' (10 runs):

             10.13 msec task-clock                       #    2.380 CPUs utilized               ( +-  0.91% )
                11      context-switches                 #    1.086 K/sec                       ( +- 11.34% )
                 1      cpu-migrations                   #   98.746 /sec                        ( +- 49.89% )
               109      page-faults                      #   10.763 K/sec                       ( +-  0.40% )
        10,132,868      cpu_atom/cycles/                 #    1.001 GHz                         ( +-  2.36% )  (42.44%)
         5,592,403      cpu_core/cycles/                 #    0.552 GHz                         ( +-  5.61% )  (55.84%)
        10,656,042      cpu_atom/instructions/           #    1.05  insn per cycle              ( +-  2.33% )  (82.75%)
         6,976,747      cpu_core/instructions/           #    0.69  insn per cycle              ( +-  6.54% )  (55.84%)
         1,242,432      cpu_atom/branches/               #  122.686 M/sec                       ( +-  3.44% )  (83.87%)
           743,490      cpu_core/branches/               #   73.417 M/sec                       ( +-  7.50% )  (55.84%)
            27,914      cpu_atom/branch-misses/          #    2.25% of all branches             ( +-  7.36% )  (83.87%)
            13,246      cpu_core/branch-misses/          #    1.07% of all branches             ( +- 15.95% )  (55.84%)
             TopdownL1 (cpu_core)                 #     53.9 %  tma_backend_bound      
                                                  #      5.1 %  tma_bad_speculation    
                                                  #     17.5 %  tma_frontend_bound     
                                                  #     23.5 %  tma_retiring             ( +-  6.56% )  (55.84%)
             TopdownL1 (cpu_atom)                 #      2.9 %  tma_bad_speculation    
                                                  #     20.8 %  tma_retiring             ( +-  0.94% )  (83.87%)
                                                  #     63.0 %  tma_backend_bound      
                                                  #     63.0 %  tma_backend_bound_aux  
                                                  #     13.3 %  tma_frontend_bound       ( +-  0.66% )  (83.87%)

         0.0042554 +- 0.0000518 seconds time elapsed  ( +-  1.22% )


 Performance counter stats for './mandelbrot_pth -2.5 1.5 -2.0 2.0 256' (10 runs):

             28.64 msec task-clock                       #    3.108 CPUs utilized               ( +-  1.12% )
                14      context-switches                 #  488.898 /sec                        ( +-  6.58% )
                 3      cpu-migrations                   #  104.764 /sec                        ( +- 15.56% )
               109      page-faults                      #    3.806 K/sec                       ( +-  0.16% )
        26,020,545      cpu_atom/cycles/                 #    0.909 GHz                         ( +-  4.56% )  (63.74%)
        25,532,587      cpu_core/cycles/                 #    0.892 GHz                         ( +-  5.60% )  (48.97%)
        27,420,466      cpu_atom/instructions/           #    1.05  insn per cycle              ( +-  4.00% )  (77.22%)
        34,594,747      cpu_core/instructions/           #    1.33  insn per cycle              ( +-  5.83% )  (48.97%)
         2,714,176      cpu_atom/branches/               #   94.782 M/sec                       ( +-  3.39% )  (82.19%)
         2,773,799      cpu_core/branches/               #   96.865 M/sec                       ( +-  5.26% )  (48.97%)
            43,307      cpu_atom/branch-misses/          #    1.60% of all branches             ( +-  3.78% )  (86.40%)
            19,205      cpu_core/branch-misses/          #    0.71% of all branches             ( +- 10.14% )  (48.97%)
             TopdownL1 (cpu_core)                 #     69.4 %  tma_backend_bound      
                                                  #      1.9 %  tma_bad_speculation    
                                                  #      4.4 %  tma_frontend_bound     
                                                  #     24.2 %  tma_retiring             ( +-  5.99% )  (48.97%)
             TopdownL1 (cpu_atom)                 #      0.6 %  tma_bad_speculation    
                                                  #     21.4 %  tma_retiring             ( +-  3.64% )  (91.12%)
                                                  #     70.2 %  tma_backend_bound      
                                                  #     70.2 %  tma_backend_bound_aux  
                                                  #      7.8 %  tma_frontend_bound       ( +-  3.35% )  (95.45%)

         0.0092150 +- 0.0000662 seconds time elapsed  ( +-  0.72% )


 Performance counter stats for './mandelbrot_pth -2.5 1.5 -2.0 2.0 512' (10 runs):

            104.72 msec task-clock                       #    3.864 CPUs utilized               ( +-  0.95% )
                17      context-switches                 #  162.330 /sec                        ( +-  6.01% )
                 6      cpu-migrations                   #   57.293 /sec                        ( +- 10.67% )
               109      page-faults                      #    1.041 K/sec                       ( +-  0.35% )
        91,948,241      cpu_atom/cycles/                 #    0.878 GHz                         ( +-  3.43% )  (65.02%)
        98,175,440      cpu_core/cycles/                 #    0.937 GHz                         ( +-  6.69% )  (40.12%)
        99,800,192      cpu_atom/instructions/           #    1.09  insn per cycle              ( +-  3.06% )  (82.63%)
       138,327,120      cpu_core/instructions/           #    1.50  insn per cycle              ( +-  6.69% )  (40.12%)
         8,294,731      cpu_atom/branches/               #   79.205 M/sec                       ( +-  2.80% )  (86.03%)
        10,785,347      cpu_core/branches/               #  102.987 M/sec                       ( +-  6.59% )  (40.12%)
            62,574      cpu_atom/branch-misses/          #    0.75% of all branches             ( +-  3.63% )  (86.24%)
            51,450      cpu_core/branch-misses/          #    0.62% of all branches             ( +-  7.47% )  (40.12%)
             TopdownL1 (cpu_core)                 #     71.5 %  tma_backend_bound      
                                                  #      1.4 %  tma_bad_speculation    
                                                  #      2.4 %  tma_frontend_bound     
                                                  #     24.6 %  tma_retiring             ( +-  6.68% )  (40.12%)
             TopdownL1 (cpu_atom)                 #      1.1 %  tma_bad_speculation    
                                                  #     21.5 %  tma_retiring             ( +-  2.86% )  (89.66%)
                                                  #     74.7 %  tma_backend_bound      
                                                  #     74.7 %  tma_backend_bound_aux  
                                                  #      2.7 %  tma_frontend_bound       ( +-  3.05% )  (89.83%)

          0.027106 +- 0.000710 seconds time elapsed  ( +-  2.62% )


 Performance counter stats for './mandelbrot_pth -2.5 1.5 -2.0 2.0 1024' (10 runs):

            385.75 msec task-clock                       #    4.151 CPUs utilized               ( +-  0.98% )
                20      context-switches                 #   51.847 /sec                        ( +- 11.94% )
                13      cpu-migrations                   #   33.700 /sec                        ( +-  8.58% )
               109      page-faults                      #  282.564 /sec                        ( +-  0.67% )
       301,078,114      cpu_atom/cycles/                 #    0.780 GHz                         ( +-  1.43% )  (71.36%)
       434,941,830      cpu_core/cycles/                 #    1.128 GHz                         ( +-  3.53% )  (52.80%)
       333,360,695      cpu_atom/instructions/           #    1.11  insn per cycle              ( +-  1.62% )  (84.96%)
       611,805,803      cpu_core/instructions/           #    2.03  insn per cycle              ( +-  3.58% )  (52.80%)
        27,432,050      cpu_atom/branches/               #   71.113 M/sec                       ( +-  1.24% )  (85.71%)
        46,524,698      cpu_core/branches/               #  120.607 M/sec                       ( +-  3.53% )  (52.80%)
           114,896      cpu_atom/branch-misses/          #    0.42% of all branches             ( +-  1.83% )  (86.94%)
           159,653      cpu_core/branch-misses/          #    0.58% of all branches             ( +-  3.73% )  (52.80%)
             TopdownL1 (cpu_core)                 #     73.9 %  tma_backend_bound      
                                                  #      0.8 %  tma_bad_speculation    
                                                  #      1.2 %  tma_frontend_bound     
                                                  #     24.1 %  tma_retiring             ( +-  3.59% )  (52.80%)
             TopdownL1 (cpu_atom)                 #      1.1 %  tma_bad_speculation    
                                                  #     22.4 %  tma_retiring             ( +-  1.17% )  (87.86%)
                                                  #     75.5 %  tma_backend_bound      
                                                  #     75.5 %  tma_backend_bound_aux  
                                                  #      1.0 %  tma_frontend_bound       ( +-  1.25% )  (88.29%)

          0.092936 +- 0.000771 seconds time elapsed  ( +-  0.83% )


 Performance counter stats for './mandelbrot_pth -2.5 1.5 -2.0 2.0 2048' (10 runs):

          1,610.26 msec task-clock                       #    4.589 CPUs utilized               ( +-  1.00% )
                31      context-switches                 #   19.252 /sec                        ( +-  6.33% )
                14      cpu-migrations                   #    8.694 /sec                        ( +-  9.49% )
               108      page-faults                      #   67.070 /sec                        ( +-  0.31% )
     1,258,175,718      cpu_atom/cycles/                 #    0.781 GHz                         ( +-  2.55% )  (74.08%)
     1,449,212,818      cpu_core/cycles/                 #    0.900 GHz                         ( +-  8.32% )  (71.74%)
     1,390,485,021      cpu_atom/instructions/           #    1.11  insn per cycle              ( +-  2.13% )  (86.16%)
     2,037,908,734      cpu_core/instructions/           #    1.62  insn per cycle              ( +-  8.39% )  (71.74%)
       109,424,689      cpu_atom/branches/               #   67.955 M/sec                       ( +-  1.99% )  (86.03%)
       154,481,653      cpu_core/branches/               #   95.936 M/sec                       ( +-  8.43% )  (71.74%)
           344,170      cpu_atom/branch-misses/          #    0.31% of all branches             ( +-  2.02% )  (86.47%)
           444,022      cpu_core/branch-misses/          #    0.41% of all branches             ( +-  8.75% )  (71.74%)
             TopdownL1 (cpu_core)                 #     74.0 %  tma_backend_bound      
                                                  #      0.7 %  tma_bad_speculation    
                                                  #      1.1 %  tma_frontend_bound     
                                                  #     24.2 %  tma_retiring             ( +-  8.09% )  (71.74%)
             TopdownL1 (cpu_atom)                 #      1.0 %  tma_bad_speculation    
                                                  #     22.4 %  tma_retiring             ( +-  2.13% )  (86.78%)
                                                  #     76.3 %  tma_backend_bound      
                                                  #     76.3 %  tma_backend_bound_aux  
                                                  #      0.4 %  tma_frontend_bound       ( +-  2.54% )  (87.07%)

           0.35086 +- 0.00592 seconds time elapsed  ( +-  1.69% )

