
 Performance counter stats for './mandelbrot_pth -0.8 -0.7 0.05 0.15 16' (10 runs):

              4.03 msec task-clock                       #    1.379 CPUs utilized               ( +-  3.32% )
                11      context-switches                 #    2.730 K/sec                       ( +- 11.46% )
                 1      cpu-migrations                   #  248.166 /sec                        ( +- 58.59% )
               108      page-faults                      #   26.802 K/sec                       ( +-  0.22% )
         5,016,568      cpu_atom/cycles/                 #    1.245 GHz                         ( +-  2.39% )  (43.99%)
         2,781,319      cpu_core/cycles/                 #    0.690 GHz                         ( +- 13.34% )  (39.87%)
         4,100,285      cpu_atom/instructions/           #    0.82  insn per cycle              ( +-  3.57% )  (79.58%)
         3,136,064      cpu_core/instructions/           #    0.63  insn per cycle              ( +- 13.22% )  (39.87%)
           629,040      cpu_atom/branches/               #  156.106 M/sec                       ( +-  8.54% )  (79.58%)
           550,815      cpu_core/branches/               #  136.694 M/sec                       ( +- 14.46% )  (39.87%)
            22,278      cpu_atom/branch-misses/          #    3.54% of all branches             ( +-  7.88% )  (79.58%)
            13,081      cpu_core/branch-misses/          #    2.08% of all branches             ( +- 16.99% )  (39.87%)
             TopdownL1 (cpu_core)                 #     32.5 %  tma_backend_bound      
                                                  #      8.1 %  tma_bad_speculation    
                                                  #     38.1 %  tma_frontend_bound     
                                                  #     21.3 %  tma_retiring             ( +- 13.35% )  (39.87%)
             TopdownL1 (cpu_atom)                 #     21.4 %  tma_bad_speculation    
                                                  #     18.8 %  tma_retiring             ( +-  7.23% )  (79.58%)
                                                  #     28.6 %  tma_backend_bound      
                                                  #     28.6 %  tma_backend_bound_aux  
                                                  #     31.1 %  tma_frontend_bound       ( +-  4.05% )  (79.58%)

          0.002921 +- 0.000130 seconds time elapsed  ( +-  4.46% )


 Performance counter stats for './mandelbrot_pth -0.8 -0.7 0.05 0.15 32' (10 runs):

              6.28 msec task-clock                       #    2.294 CPUs utilized               ( +-  0.94% )
                15      context-switches                 #    2.390 K/sec                       ( +-  6.96% )
                 2      cpu-migrations                   #  318.692 /sec                        ( +- 29.06% )
               109      page-faults                      #   17.369 K/sec                       ( +-  0.34% )
         7,645,944      cpu_atom/cycles/                 #    1.218 GHz                         ( +-  1.76% )  (63.79%)
         3,791,836      cpu_core/cycles/                 #    0.604 GHz                         ( +-  3.54% )
         6,685,993      cpu_atom/instructions/           #    0.87  insn per cycle              ( +-  1.83% )  (69.67%)
         4,628,700      cpu_core/instructions/           #    0.61  insn per cycle              ( +-  1.91% )
           709,758      cpu_atom/branches/               #  113.097 M/sec                       ( +-  6.37% )  (69.67%)
           709,915      cpu_core/branches/               #  113.122 M/sec                       ( +-  4.52% )
            20,193      cpu_atom/branch-misses/          #    2.85% of all branches             ( +-  8.89% )  (69.67%)
            12,079      cpu_core/branch-misses/          #    1.70% of all branches             ( +-  6.65% )
             TopdownL1 (cpu_core)                 #     42.2 %  tma_backend_bound      
                                                  #      6.1 %  tma_bad_speculation    
                                                  #     28.6 %  tma_frontend_bound     
                                                  #     23.1 %  tma_retiring             ( +-  3.20% )
             TopdownL1 (cpu_atom)                 #     29.5 %  tma_bad_speculation    
                                                  #     18.1 %  tma_retiring             ( +-  3.57% )  (69.67%)
                                                  #     35.6 %  tma_backend_bound      
                                                  #     35.6 %  tma_backend_bound_aux  
                                                  #     16.9 %  tma_frontend_bound       ( +-  2.03% )  (69.67%)

         0.0027354 +- 0.0000845 seconds time elapsed  ( +-  3.09% )


 Performance counter stats for './mandelbrot_pth -0.8 -0.7 0.05 0.15 64' (10 runs):

             17.32 msec task-clock                       #    4.170 CPUs utilized               ( +-  3.31% )
                23      context-switches                 #    1.328 K/sec                       ( +- 10.56% )
                13      cpu-migrations                   #  750.394 /sec                        ( +-  9.32% )
               109      page-faults                      #    6.292 K/sec                       ( +-  0.31% )
        16,879,619      cpu_atom/cycles/                 #    0.974 GHz                         ( +-  3.16% )  (20.54%)
        11,365,979      cpu_core/cycles/                 #    0.656 GHz                         ( +-  5.64% )  (37.75%)
        15,987,433      cpu_atom/instructions/           #    0.95  insn per cycle              ( +-  5.45% )  (70.10%)
        12,715,597      cpu_core/instructions/           #    0.75  insn per cycle              ( +-  5.82% )  (37.75%)
         1,690,232      cpu_atom/branches/               #   97.565 M/sec                       ( +-  4.54% )  (80.36%)
         1,219,353      cpu_core/branches/               #   70.384 M/sec                       ( +-  4.79% )  (37.75%)
            32,185      cpu_atom/branch-misses/          #    1.90% of all branches             ( +-  9.12% )  (93.93%)
            17,062      cpu_core/branch-misses/          #    1.01% of all branches             ( +-  9.92% )  (37.75%)
             TopdownL1 (cpu_core)                 #     47.5 %  tma_backend_bound      
                                                  #      4.8 %  tma_bad_speculation    
                                                  #     20.5 %  tma_frontend_bound     
                                                  #     27.3 %  tma_retiring             ( +-  6.42% )  (37.75%)
             TopdownL1 (cpu_atom)                 #      5.6 %  tma_bad_speculation    
                                                  #     19.5 %  tma_retiring             ( +-  2.24% )  (93.93%)
                                                  #     64.5 %  tma_backend_bound      
                                                  #     64.5 %  tma_backend_bound_aux  
                                                  #     10.4 %  tma_frontend_bound       ( +-  1.97% )  (93.93%)

          0.004154 +- 0.000205 seconds time elapsed  ( +-  4.93% )


 Performance counter stats for './mandelbrot_pth -0.8 -0.7 0.05 0.15 128' (10 runs):

             59.82 msec task-clock                       #    6.188 CPUs utilized               ( +-  2.54% )
                22      context-switches                 #  367.787 /sec                        ( +-  9.04% )
                13      cpu-migrations                   #  217.329 /sec                        ( +-  8.82% )
               109      page-faults                      #    1.822 K/sec                       ( +-  0.39% )
        58,474,672      cpu_atom/cycles/                 #    0.978 GHz                         ( +-  2.64% )  (61.17%)
        38,711,956      cpu_core/cycles/                 #    0.647 GHz                         ( +-  6.28% )  (48.78%)
        54,908,544      cpu_atom/instructions/           #    0.94  insn per cycle              ( +-  2.46% )  (70.04%)
        42,942,869      cpu_core/instructions/           #    0.73  insn per cycle              ( +-  6.25% )  (48.78%)
         4,617,082      cpu_atom/branches/               #   77.186 M/sec                       ( +-  3.35% )  (70.13%)
         3,471,816      cpu_core/branches/               #   58.040 M/sec                       ( +-  5.30% )  (48.78%)
            43,697      cpu_atom/branch-misses/          #    0.95% of all branches             ( +-  7.51% )  (71.52%)
            27,162      cpu_core/branch-misses/          #    0.59% of all branches             ( +-  5.81% )  (48.78%)
             TopdownL1 (cpu_core)                 #     47.3 %  tma_backend_bound      
                                                  #      3.9 %  tma_bad_speculation    
                                                  #     17.8 %  tma_frontend_bound     
                                                  #     31.0 %  tma_retiring             ( +-  6.45% )  (48.78%)
             TopdownL1 (cpu_atom)                 #      1.3 %  tma_bad_speculation    
                                                  #     19.4 %  tma_retiring             ( +-  2.59% )  (89.68%)
                                                  #     75.7 %  tma_backend_bound      
                                                  #     75.7 %  tma_backend_bound_aux  
                                                  #      3.5 %  tma_frontend_bound       ( +-  2.34% )  (90.81%)

          0.009666 +- 0.000268 seconds time elapsed  ( +-  2.78% )


 Performance counter stats for './mandelbrot_pth -0.8 -0.7 0.05 0.15 256' (10 runs):

            247.17 msec task-clock                       #    8.642 CPUs utilized               ( +-  1.11% )
                32      context-switches                 #  129.468 /sec                        ( +-  6.37% )
                10      cpu-migrations                   #   40.459 /sec                        ( +-  7.63% )
               109      page-faults                      #  440.999 /sec                        ( +-  0.36% )
       211,664,131      cpu_atom/cycles/                 #    0.856 GHz                         ( +-  1.66% )  (68.69%)
       147,956,616      cpu_core/cycles/                 #    0.599 GHz                         ( +-  8.06% )  (42.97%)
       208,659,038      cpu_atom/instructions/           #    0.99  insn per cycle              ( +-  1.62% )  (82.78%)
       165,666,470      cpu_core/instructions/           #    0.78  insn per cycle              ( +-  8.29% )  (42.97%)
        16,014,422      cpu_atom/branches/               #   64.792 M/sec                       ( +-  1.53% )  (84.32%)
        12,665,855      cpu_core/branches/               #   51.244 M/sec                       ( +-  7.85% )  (42.97%)
            73,391      cpu_atom/branch-misses/          #    0.46% of all branches             ( +-  3.58% )  (84.91%)
            54,878      cpu_core/branch-misses/          #    0.34% of all branches             ( +-  5.38% )  (42.97%)
             TopdownL1 (cpu_core)                 #     47.6 %  tma_backend_bound      
                                                  #      3.3 %  tma_bad_speculation    
                                                  #     16.8 %  tma_frontend_bound     
                                                  #     32.3 %  tma_retiring             ( +-  8.78% )  (42.97%)
             TopdownL1 (cpu_atom)                 #      1.1 %  tma_bad_speculation    
                                                  #     19.6 %  tma_retiring             ( +-  1.64% )  (87.04%)
                                                  #     78.1 %  tma_backend_bound      
                                                  #     78.1 %  tma_backend_bound_aux  
                                                  #      1.1 %  tma_frontend_bound       ( +-  1.65% )  (87.10%)

          0.028601 +- 0.000418 seconds time elapsed  ( +-  1.46% )


 Performance counter stats for './mandelbrot_pth -0.8 -0.7 0.05 0.15 512' (10 runs):

            993.54 msec task-clock                       #    9.508 CPUs utilized               ( +-  0.37% )
                78      context-switches                 #   78.507 /sec                        ( +-  5.94% )
                10      cpu-migrations                   #   10.065 /sec                        ( +-  6.87% )
               108      page-faults                      #  108.702 /sec                        ( +-  0.31% )
       875,510,036      cpu_atom/cycles/                 #    0.881 GHz                         ( +-  1.68% )  (59.88%)
       521,193,585      cpu_core/cycles/                 #    0.525 GHz                         ( +-  8.58% )  (91.82%)
       861,208,216      cpu_atom/instructions/           #    0.98  insn per cycle              ( +-  1.67% )  (70.29%)
       588,868,647      cpu_core/instructions/           #    0.67  insn per cycle              ( +-  8.82% )  (91.82%)
        64,902,671      cpu_atom/branches/               #   65.325 M/sec                       ( +-  1.59% )  (70.33%)
        44,385,383      cpu_core/branches/               #   44.674 M/sec                       ( +-  8.68% )  (91.82%)
           213,101      cpu_atom/branch-misses/          #    0.33% of all branches             ( +-  1.21% )  (70.55%)
           146,685      cpu_core/branch-misses/          #    0.23% of all branches             ( +-  7.03% )  (91.82%)
             TopdownL1 (cpu_core)                 #     49.2 %  tma_backend_bound      
                                                  #      3.0 %  tma_bad_speculation    
                                                  #     15.8 %  tma_frontend_bound     
                                                  #     32.0 %  tma_retiring             ( +-  9.34% )  (91.82%)
             TopdownL1 (cpu_atom)                 #      0.7 %  tma_bad_speculation    
                                                  #     19.7 %  tma_retiring             ( +-  1.65% )  (70.83%)
                                                  #     79.2 %  tma_backend_bound      
                                                  #     79.2 %  tma_backend_bound_aux  
                                                  #      0.4 %  tma_frontend_bound       ( +-  1.70% )  (71.02%)

          0.104500 +- 0.000819 seconds time elapsed  ( +-  0.78% )


 Performance counter stats for './mandelbrot_pth -0.8 -0.7 0.05 0.15 1024' (10 runs):

          3,963.16 msec task-clock                       #    9.931 CPUs utilized               ( +-  0.17% )
               321      context-switches                 #   80.996 /sec                        ( +-  1.33% )
                 9      cpu-migrations                   #    2.271 /sec                        ( +-  7.04% )
               108      page-faults                      #   27.251 /sec                        ( +-  0.17% )
     3,014,655,232      cpu_atom/cycles/                 #    0.761 GHz                         ( +-  0.85% )  (74.78%)
     2,669,707,599      cpu_core/cycles/                 #    0.674 GHz                         ( +-  3.58% )  (61.58%)
     2,965,646,772      cpu_atom/instructions/           #    0.98  insn per cycle              ( +-  0.84% )  (87.35%)
     3,040,047,028      cpu_core/instructions/           #    1.01  insn per cycle              ( +-  3.62% )  (61.58%)
       222,820,463      cpu_atom/branches/               #   56.223 M/sec                       ( +-  0.83% )  (87.41%)
       227,529,636      cpu_core/branches/               #   57.411 M/sec                       ( +-  3.62% )  (61.58%)
           670,381      cpu_atom/branch-misses/          #    0.30% of all branches             ( +-  0.79% )  (87.50%)
           646,036      cpu_core/branch-misses/          #    0.29% of all branches             ( +-  3.80% )  (61.58%)
             TopdownL1 (cpu_core)                 #     50.8 %  tma_backend_bound      
                                                  #      2.8 %  tma_bad_speculation    
                                                  #     14.8 %  tma_frontend_bound     
                                                  #     31.6 %  tma_retiring             ( +-  3.71% )  (61.58%)
             TopdownL1 (cpu_atom)                 #      0.7 %  tma_bad_speculation    
                                                  #     19.7 %  tma_retiring             ( +-  0.83% )  (87.52%)
                                                  #     79.3 %  tma_backend_bound      
                                                  #     79.3 %  tma_backend_bound_aux  
                                                  #      0.3 %  tma_frontend_bound       ( +-  0.83% )  (87.58%)

           0.39905 +- 0.00142 seconds time elapsed  ( +-  0.36% )


 Performance counter stats for './mandelbrot_pth -0.8 -0.7 0.05 0.15 2048' (10 runs):

         16,025.71 msec task-clock                       #   10.318 CPUs utilized               ( +-  0.33% )
             1,200      context-switches                 #   74.880 /sec                        ( +-  2.57% )
                27      cpu-migrations                   #    1.685 /sec                        ( +- 10.62% )
               109      page-faults                      #    6.802 /sec                        ( +-  0.18% )
    13,584,211,511      cpu_atom/cycles/                 #    0.848 GHz                         ( +-  2.85% )  (73.44%)
    10,911,287,844      cpu_core/cycles/                 #    0.681 GHz                         ( +-  4.12% )  (54.60%)
    13,372,324,451      cpu_atom/instructions/           #    0.98  insn per cycle              ( +-  2.84% )  (85.70%)
    12,301,237,090      cpu_core/instructions/           #    0.91  insn per cycle              ( +-  4.20% )  (54.60%)
     1,002,833,227      cpu_atom/branches/               #   62.577 M/sec                       ( +-  2.83% )  (85.71%)
       920,459,462      cpu_core/branches/               #   57.436 M/sec                       ( +-  4.19% )  (54.60%)
         2,839,765      cpu_atom/branch-misses/          #    0.28% of all branches             ( +-  2.71% )  (85.74%)
         2,541,188      cpu_core/branch-misses/          #    0.25% of all branches             ( +-  3.95% )  (54.60%)
             TopdownL1 (cpu_core)                 #     48.6 %  tma_backend_bound      
                                                  #      2.9 %  tma_bad_speculation    
                                                  #     16.1 %  tma_frontend_bound     
                                                  #     32.4 %  tma_retiring             ( +-  4.48% )  (54.60%)
             TopdownL1 (cpu_atom)                 #      0.7 %  tma_bad_speculation    
                                                  #     19.7 %  tma_retiring             ( +-  2.84% )  (85.73%)
                                                  #     79.4 %  tma_backend_bound      
                                                  #     79.4 %  tma_backend_bound_aux  
                                                  #      0.2 %  tma_frontend_bound       ( +-  2.85% )  (85.74%)

            1.5532 +- 0.0103 seconds time elapsed  ( +-  0.66% )

