
 Performance counter stats for './mandelbrot_pth -0.188 -0.012 0.554 0.754 16' (10 runs):

              3.90 msec task-clock                       #    1.476 CPUs utilized               ( +-  3.16% )
                 9      context-switches                 #    2.307 K/sec                       ( +-  9.83% )
                 0      cpu-migrations                   #    0.000 /sec                      
               108      page-faults                      #   27.688 K/sec                       ( +-  0.20% )
         5,046,507      cpu_atom/cycles/                 #    1.294 GHz                         ( +-  1.96% )  (53.63%)
         2,556,752      cpu_core/cycles/                 #    0.655 GHz                         ( +- 11.21% )
         3,890,690      cpu_atom/instructions/           #    0.77  insn per cycle              ( +-  1.40% )  (54.69%)
         3,207,610      cpu_core/instructions/           #    0.64  insn per cycle              ( +- 11.14% )
           508,632      cpu_atom/branches/               #  130.398 M/sec                       ( +-  7.00% )  (54.69%)
           579,703      cpu_core/branches/               #  148.619 M/sec                       ( +- 11.13% )
            18,311      cpu_atom/branch-misses/          #    3.60% of all branches             ( +-  7.15% )  (54.69%)
            10,386      cpu_core/branch-misses/          #    2.04% of all branches             ( +- 12.20% )
             TopdownL1 (cpu_core)                 #     33.4 %  tma_backend_bound      
                                                  #      7.5 %  tma_bad_speculation    
                                                  #     35.1 %  tma_frontend_bound     
                                                  #     24.0 %  tma_retiring             ( +- 11.22% )
             TopdownL1 (cpu_atom)                 #     30.4 %  tma_bad_speculation    
                                                  #     17.4 %  tma_retiring             ( +-  6.30% )  (54.69%)
                                                  #     24.0 %  tma_backend_bound      
                                                  #     24.0 %  tma_backend_bound_aux  
                                                  #     28.1 %  tma_frontend_bound       ( +-  3.64% )  (54.69%)

          0.002643 +- 0.000126 seconds time elapsed  ( +-  4.77% )


 Performance counter stats for './mandelbrot_pth -0.188 -0.012 0.554 0.754 32' (10 runs):

              9.42 msec task-clock                       #    2.092 CPUs utilized               ( +-  2.77% )
                17      context-switches                 #    1.804 K/sec                       ( +-  6.40% )
                 4      cpu-migrations                   #  424.476 /sec                        ( +- 22.73% )
               109      page-faults                      #   11.567 K/sec                       ( +-  0.46% )
         7,960,589      cpu_atom/cycles/                 #    0.845 GHz                         ( +-  5.62% )  (65.11%)
         5,127,549      cpu_core/cycles/                 #    0.544 GHz                         ( +-  4.88% )  (71.02%)
         6,787,661      cpu_atom/instructions/           #    0.85  insn per cycle              ( +-  5.36% )  (73.72%)
         5,510,190      cpu_core/instructions/           #    0.69  insn per cycle              ( +-  4.67% )  (71.02%)
           882,473      cpu_atom/branches/               #   93.647 M/sec                       ( +-  4.64% )  (73.72%)
           731,228      cpu_core/branches/               #   77.597 M/sec                       ( +-  5.51% )  (71.02%)
            27,676      cpu_atom/branch-misses/          #    3.14% of all branches             ( +-  5.50% )  (73.72%)
            15,932      cpu_core/branch-misses/          #    1.81% of all branches             ( +-  7.10% )  (71.02%)
             TopdownL1 (cpu_core)                 #     44.5 %  tma_backend_bound      
                                                  #      5.8 %  tma_bad_speculation    
                                                  #     28.5 %  tma_frontend_bound     
                                                  #     21.2 %  tma_retiring             ( +-  6.26% )  (71.02%)
             TopdownL1 (cpu_atom)                 #     15.3 %  tma_bad_speculation    
                                                  #     18.2 %  tma_retiring             ( +-  3.01% )  (73.72%)
                                                  #     45.5 %  tma_backend_bound      
                                                  #     45.5 %  tma_backend_bound_aux  
                                                  #     21.0 %  tma_frontend_bound       ( +-  1.97% )  (73.72%)

          0.004505 +- 0.000136 seconds time elapsed  ( +-  3.03% )


 Performance counter stats for './mandelbrot_pth -0.188 -0.012 0.554 0.754 64' (10 runs):

             19.27 msec task-clock                       #    4.047 CPUs utilized               ( +-  2.78% )
                22      context-switches                 #    1.142 K/sec                       ( +-  6.26% )
                13      cpu-migrations                   #  674.553 /sec                        ( +-  5.55% )
               109      page-faults                      #    5.656 K/sec                       ( +-  0.39% )
        19,343,592      cpu_atom/cycles/                 #    1.004 GHz                         ( +-  3.03% )  (30.11%)
        13,855,263      cpu_core/cycles/                 #    0.719 GHz                         ( +-  4.90% )  (44.56%)
        16,222,741      cpu_atom/instructions/           #    0.84  insn per cycle              ( +-  3.04% )  (60.24%)
        15,549,855      cpu_core/instructions/           #    0.80  insn per cycle              ( +-  4.50% )  (44.56%)
         1,849,898      cpu_atom/branches/               #   95.989 M/sec                       ( +-  4.58% )  (70.45%)
         1,291,216      cpu_core/branches/               #   66.999 M/sec                       ( +-  4.90% )  (44.56%)
            38,561      cpu_atom/branch-misses/          #    2.08% of all branches             ( +-  3.04% )  (86.43%)
            13,314      cpu_core/branch-misses/          #    0.72% of all branches             ( +-  7.94% )  (44.56%)
             TopdownL1 (cpu_core)                 #     54.1 %  tma_backend_bound      
                                                  #      3.4 %  tma_bad_speculation    
                                                  #     15.3 %  tma_frontend_bound     
                                                  #     27.3 %  tma_retiring             ( +-  4.45% )  (44.56%)
             TopdownL1 (cpu_atom)                 #      4.4 %  tma_bad_speculation    
                                                  #     19.7 %  tma_retiring             ( +-  1.70% )  (86.74%)
                                                  #     64.0 %  tma_backend_bound      
                                                  #     64.0 %  tma_backend_bound_aux  
                                                  #     11.9 %  tma_frontend_bound       ( +-  1.55% )  (86.74%)

          0.004762 +- 0.000120 seconds time elapsed  ( +-  2.52% )


 Performance counter stats for './mandelbrot_pth -0.188 -0.012 0.554 0.754 128' (10 runs):

             66.91 msec task-clock                       #    6.297 CPUs utilized               ( +-  2.98% )
                17      context-switches                 #  254.062 /sec                        ( +-  7.27% )
                 9      cpu-migrations                   #  134.504 /sec                        ( +- 11.21% )
               108      page-faults                      #    1.614 K/sec                       ( +-  0.27% )
        61,153,929      cpu_atom/cycles/                 #    0.914 GHz                         ( +-  2.43% )  (46.24%)
        42,537,552      cpu_core/cycles/                 #    0.636 GHz                         ( +-  8.60% )  (88.85%)
        59,854,194      cpu_atom/instructions/           #    0.98  insn per cycle              ( +-  2.26% )  (66.22%)
        48,590,406      cpu_core/instructions/           #    0.79  insn per cycle              ( +-  9.09% )  (88.85%)
         4,828,039      cpu_atom/branches/               #   72.154 M/sec                       ( +-  2.58% )  (67.76%)
         3,947,479      cpu_core/branches/               #   58.994 M/sec                       ( +-  7.95% )  (88.85%)
            36,666      cpu_atom/branch-misses/          #    0.76% of all branches             ( +-  6.44% )  (76.72%)
            28,314      cpu_core/branch-misses/          #    0.59% of all branches             ( +-  4.20% )  (88.85%)
             TopdownL1 (cpu_core)                 #     51.1 %  tma_backend_bound      
                                                  #      3.3 %  tma_bad_speculation    
                                                  #     15.5 %  tma_frontend_bound     
                                                  #     30.1 %  tma_retiring             ( +- 10.10% )  (88.85%)
             TopdownL1 (cpu_atom)                 #     -0.0 %  tma_bad_speculation    
                                                  #     19.6 %  tma_retiring             ( +-  1.88% )  (85.29%)
                                                  #     77.6 %  tma_backend_bound      
                                                  #     77.6 %  tma_backend_bound_aux  
                                                  #      2.8 %  tma_frontend_bound       ( +-  2.20% )  (86.21%)

          0.010626 +- 0.000269 seconds time elapsed  ( +-  2.53% )


 Performance counter stats for './mandelbrot_pth -0.188 -0.012 0.554 0.754 256' (10 runs):

            282.22 msec task-clock                       #    8.789 CPUs utilized               ( +-  0.97% )
                38      context-switches                 #  134.648 /sec                        ( +-  6.64% )
                12      cpu-migrations                   #   42.520 /sec                        ( +-  5.19% )
               108      page-faults                      #  382.684 /sec                        ( +-  0.23% )
       243,011,480      cpu_atom/cycles/                 #    0.861 GHz                         ( +-  1.11% )  (69.77%)
       150,591,716      cpu_core/cycles/                 #    0.534 GHz                         ( +-  4.70% )  (54.12%)
       237,864,685      cpu_atom/instructions/           #    0.98  insn per cycle              ( +-  1.18% )  (82.61%)
       172,949,899      cpu_core/instructions/           #    0.71  insn per cycle              ( +-  4.91% )  (54.12%)
        18,296,791      cpu_atom/branches/               #   64.832 M/sec                       ( +-  1.21% )  (83.07%)
        13,171,796      cpu_core/branches/               #   46.673 M/sec                       ( +-  4.72% )  (54.12%)
            80,495      cpu_atom/branch-misses/          #    0.44% of all branches             ( +-  1.76% )  (83.50%)
            53,132      cpu_core/branch-misses/          #    0.29% of all branches             ( +-  3.87% )  (54.12%)
             TopdownL1 (cpu_core)                 #     52.8 %  tma_backend_bound      
                                                  #      2.7 %  tma_bad_speculation    
                                                  #     13.8 %  tma_frontend_bound     
                                                  #     30.7 %  tma_retiring             ( +-  5.41% )  (54.12%)
             TopdownL1 (cpu_atom)                 #      1.1 %  tma_bad_speculation    
                                                  #     19.6 %  tma_retiring             ( +-  1.18% )  (84.46%)
                                                  #     78.3 %  tma_backend_bound      
                                                  #     78.3 %  tma_backend_bound_aux  
                                                  #      1.1 %  tma_frontend_bound       ( +-  1.26% )  (85.23%)

          0.032112 +- 0.000303 seconds time elapsed  ( +-  0.94% )


 Performance counter stats for './mandelbrot_pth -0.188 -0.012 0.554 0.754 512' (10 runs):

          1,128.68 msec task-clock                       #    9.490 CPUs utilized               ( +-  0.28% )
                90      context-switches                 #   79.739 /sec                        ( +-  4.41% )
                13      cpu-migrations                   #   11.518 /sec                        ( +-  8.01% )
               109      page-faults                      #   96.573 /sec                        ( +-  0.27% )
       999,469,861      cpu_atom/cycles/                 #    0.886 GHz                         ( +-  1.35% )  (65.61%)
       626,856,479      cpu_core/cycles/                 #    0.555 GHz                         ( +-  6.65% )  (48.64%)
       981,589,377      cpu_atom/instructions/           #    0.98  insn per cycle              ( +-  1.37% )  (76.91%)
       719,274,082      cpu_core/instructions/           #    0.72  insn per cycle              ( +-  7.36% )  (48.64%)
        73,882,783      cpu_atom/branches/               #   65.459 M/sec                       ( +-  1.34% )  (77.15%)
        54,152,977      cpu_core/branches/               #   47.979 M/sec                       ( +-  7.26% )  (48.64%)
           236,204      cpu_atom/branch-misses/          #    0.32% of all branches             ( +-  1.55% )  (77.31%)
           173,083      cpu_core/branch-misses/          #    0.23% of all branches             ( +-  6.26% )  (48.64%)
             TopdownL1 (cpu_core)                 #     52.2 %  tma_backend_bound      
                                                  #      2.6 %  tma_bad_speculation    
                                                  #     14.1 %  tma_frontend_bound     
                                                  #     31.0 %  tma_retiring             ( +-  8.78% )  (48.64%)
             TopdownL1 (cpu_atom)                 #      0.8 %  tma_bad_speculation    
                                                  #     19.6 %  tma_retiring             ( +-  1.36% )  (77.50%)
                                                  #     79.2 %  tma_backend_bound      
                                                  #     79.2 %  tma_backend_bound_aux  
                                                  #      0.4 %  tma_frontend_bound       ( +-  1.36% )  (77.51%)

           0.11894 +- 0.00113 seconds time elapsed  ( +-  0.95% )


 Performance counter stats for './mandelbrot_pth -0.188 -0.012 0.554 0.754 1024' (10 runs):

          4,529.67 msec task-clock                       #    9.940 CPUs utilized               ( +-  0.15% )
               280      context-switches                 #   61.815 /sec                        ( +-  6.94% )
                12      cpu-migrations                   #    2.649 /sec                        ( +-  3.74% )
               109      page-faults                      #   24.064 /sec                        ( +-  0.16% )
     3,697,829,501      cpu_atom/cycles/                 #    0.816 GHz                         ( +-  2.40% )  (65.59%)
     2,578,417,705      cpu_core/cycles/                 #    0.569 GHz                         ( +-  7.34% )  (80.86%)
     3,629,764,330      cpu_atom/instructions/           #    0.98  insn per cycle              ( +-  2.41% )  (76.57%)
     2,929,191,251      cpu_core/instructions/           #    0.79  insn per cycle              ( +-  7.56% )  (80.86%)
       272,169,178      cpu_atom/branches/               #   60.086 M/sec                       ( +-  2.38% )  (76.59%)
       219,344,274      cpu_core/branches/               #   48.424 M/sec                       ( +-  7.52% )  (80.86%)
           783,192      cpu_atom/branch-misses/          #    0.29% of all branches             ( +-  2.02% )  (76.66%)
           623,356      cpu_core/branch-misses/          #    0.23% of all branches             ( +-  7.37% )  (80.86%)
             TopdownL1 (cpu_core)                 #     50.4 %  tma_backend_bound      
                                                  #      2.8 %  tma_bad_speculation    
                                                  #     15.1 %  tma_frontend_bound     
                                                  #     31.8 %  tma_retiring             ( +-  8.03% )  (80.86%)
             TopdownL1 (cpu_atom)                 #      0.7 %  tma_bad_speculation    
                                                  #     19.7 %  tma_retiring             ( +-  2.40% )  (76.79%)
                                                  #     79.4 %  tma_backend_bound      
                                                  #     79.4 %  tma_backend_bound_aux  
                                                  #      0.2 %  tma_frontend_bound       ( +-  2.40% )  (76.84%)

           0.45570 +- 0.00182 seconds time elapsed  ( +-  0.40% )


 Performance counter stats for './mandelbrot_pth -0.188 -0.012 0.554 0.754 2048' (10 runs):

         18,371.95 msec task-clock                       #   10.500 CPUs utilized               ( +-  0.30% )
             1,305      context-switches                 #   71.032 /sec                        ( +-  2.32% )
                26      cpu-migrations                   #    1.415 /sec                        ( +-  7.22% )
               108      page-faults                      #    5.879 /sec                        ( +-  0.21% )
    15,096,982,853      cpu_atom/cycles/                 #    0.822 GHz                         ( +-  3.07% )  (74.97%)
    12,176,539,410      cpu_core/cycles/                 #    0.663 GHz                         ( +-  7.87% )  (57.66%)
    14,818,443,471      cpu_atom/instructions/           #    0.98  insn per cycle              ( +-  3.07% )  (87.48%)
    13,818,805,851      cpu_core/instructions/           #    0.92  insn per cycle              ( +-  8.05% )  (57.66%)
     1,110,353,376      cpu_atom/branches/               #   60.437 M/sec                       ( +-  3.06% )  (87.48%)
     1,033,531,934      cpu_core/branches/               #   56.256 M/sec                       ( +-  8.04% )  (57.66%)
         3,104,090      cpu_atom/branch-misses/          #    0.28% of all branches             ( +-  2.95% )  (87.48%)
         2,804,813      cpu_core/branch-misses/          #    0.25% of all branches             ( +-  7.96% )  (57.66%)
             TopdownL1 (cpu_core)                 #     50.0 %  tma_backend_bound      
                                                  #      2.8 %  tma_bad_speculation    
                                                  #     15.3 %  tma_frontend_bound     
                                                  #     31.9 %  tma_retiring             ( +-  8.56% )  (57.66%)
             TopdownL1 (cpu_atom)                 #      0.6 %  tma_bad_speculation    
                                                  #     19.7 %  tma_retiring             ( +-  3.07% )  (87.51%)
                                                  #     79.5 %  tma_backend_bound      
                                                  #     79.5 %  tma_backend_bound_aux  
                                                  #      0.2 %  tma_frontend_bound       ( +-  3.06% )  (87.52%)

            1.7497 +- 0.0139 seconds time elapsed  ( +-  0.79% )

