
 Performance counter stats for './mandelbrot_seq 0.175 0.375 -0.1 0.1 16 1' (10 runs):

              1.10 msec task-clock                       #    0.703 CPUs utilized               ( +-  4.64% )
                 0      context-switches                 #    0.000 /sec                      
                 0      cpu-migrations                   #    0.000 /sec                      
                64      page-faults                      #   58.140 K/sec                       ( +-  0.39% )
     <not counted>      cpu_atom/cycles/                                                        ( +-100.00% )  (0.00%)
         1,643,314      cpu_core/cycles/                 #    1.493 GHz                         ( +- 11.28% )
     <not counted>      cpu_atom/instructions/                                                  ( +-100.00% )  (0.00%)
         2,162,908      cpu_core/instructions/           #    8.40  insn per cycle              ( +- 11.11% )
     <not counted>      cpu_atom/branches/                                                      ( +-100.00% )  (0.00%)
           288,213      cpu_core/branches/               #  261.821 M/sec                       ( +- 11.11% )
     <not counted>      cpu_atom/branch-misses/                                                 ( +-100.02% )  (0.00%)
             5,387      cpu_core/branch-misses/          #   16.78% of all branches             ( +- 12.07% )
             TopdownL1 (cpu_core)                 #     46.2 %  tma_backend_bound      
                                                  #      5.9 %  tma_bad_speculation    
                                                  #     24.6 %  tma_frontend_bound     
                                                  #     23.4 %  tma_retiring             ( +- 11.26% )

         0.0015648 +- 0.0000632 seconds time elapsed  ( +-  4.04% )


 Performance counter stats for './mandelbrot_seq 0.175 0.375 -0.1 0.1 32 1' (10 runs):

              2.54 msec task-clock                       #    0.856 CPUs utilized               ( +-  4.55% )
                 0      context-switches                 #    0.000 /sec                      
                 0      cpu-migrations                   #    0.000 /sec                      
                72      page-faults                      #   28.345 K/sec                       ( +-  0.31% )
     <not counted>      cpu_atom/cycles/                                                        ( +- 66.86% )  (0.00%)
         4,013,825      cpu_core/cycles/                 #    1.580 GHz                         ( +- 11.36% )
     <not counted>      cpu_atom/instructions/                                                  ( +- 66.90% )  (0.00%)
         5,526,926      cpu_core/instructions/           #    4.98  insn per cycle              ( +- 11.27% )
     <not counted>      cpu_atom/branches/                                                      ( +- 66.67% )  (0.00%)
           574,543      cpu_core/branches/               #  226.185 M/sec                       ( +- 11.14% )
     <not counted>      cpu_atom/branch-misses/                                                 ( +- 66.70% )  (0.00%)
             7,104      cpu_core/branch-misses/          #    5.98% of all branches             ( +- 11.95% )
             TopdownL1 (cpu_core)                 #     61.0 %  tma_backend_bound      
                                                  #      3.2 %  tma_bad_speculation    
                                                  #     12.4 %  tma_frontend_bound     
                                                  #     23.5 %  tma_retiring             ( +- 11.35% )

          0.002967 +- 0.000141 seconds time elapsed  ( +-  4.75% )


 Performance counter stats for './mandelbrot_seq 0.175 0.375 -0.1 0.1 64 1' (10 runs):

              7.26 msec task-clock                       #    0.933 CPUs utilized               ( +-  1.10% )
                 0      context-switches                 #    0.000 /sec                      
                 0      cpu-migrations                   #    0.000 /sec                      
               102      page-faults                      #   14.052 K/sec                       ( +-  0.23% )
     <not counted>      cpu_atom/cycles/                                                        (0.00%)
        14,042,608      cpu_core/cycles/                 #    1.935 GHz                         ( +-  0.25% )
     <not counted>      cpu_atom/instructions/                                                  (0.00%)
        20,463,935      cpu_core/instructions/                                                  ( +-  0.02% )
     <not counted>      cpu_atom/branches/                                                      (0.00%)
         1,890,275      cpu_core/branches/               #  260.422 M/sec                       ( +-  0.06% )
     <not counted>      cpu_atom/branch-misses/                                                 (0.00%)
            11,445      cpu_core/branch-misses/                                                 ( +-  2.57% )
             TopdownL1 (cpu_core)                 #     69.1 %  tma_backend_bound      
                                                  #      1.6 %  tma_bad_speculation    
                                                  #      4.8 %  tma_frontend_bound     
                                                  #     24.4 %  tma_retiring             ( +-  0.25% )

          0.007783 +- 0.000115 seconds time elapsed  ( +-  1.47% )


 Performance counter stats for './mandelbrot_seq 0.175 0.375 -0.1 0.1 128 1' (10 runs):

             28.45 msec task-clock                       #    0.978 CPUs utilized               ( +-  2.92% )
                 1      context-switches                 #   35.152 /sec                        ( +- 21.08% )
                 0      cpu-migrations                   #    0.000 /sec                      
               222      page-faults                      #    7.804 K/sec                       ( +-  0.08% )
        44,729,175      cpu_atom/cycles/                 #    1.572 GHz                         ( +- 17.15% )  (49.19%)
        58,539,366      cpu_core/cycles/                 #    2.058 GHz                         ( +-  2.82% )  (31.68%)
        48,946,406      cpu_atom/instructions/           #    1.09  insn per cycle              ( +- 18.16% )  (58.75%)
        85,530,553      cpu_core/instructions/           #    1.91  insn per cycle              ( +-  2.82% )  (31.68%)
         5,750,997      cpu_atom/branches/               #  202.162 M/sec                       ( +- 19.01% )  (58.75%)
         7,256,772      cpu_core/branches/               #  255.094 M/sec                       ( +-  3.14% )  (31.68%)
            55,538      cpu_atom/branch-misses/          #    0.97% of all branches             ( +- 48.69% )  (58.74%)
            24,928      cpu_core/branch-misses/          #    0.43% of all branches             ( +-  4.35% )  (31.68%)
             TopdownL1 (cpu_core)                 #     72.8 %  tma_backend_bound      
                                                  #      0.8 %  tma_bad_speculation    
                                                  #      2.1 %  tma_frontend_bound     
                                                  #     24.3 %  tma_retiring             ( +-  2.78% )  (31.68%)
             TopdownL1 (cpu_atom)                 #      0.6 %  tma_bad_speculation    
                                                  #     22.9 %  tma_retiring             ( +- 17.50% )  (58.75%)
                                                  #     69.0 %  tma_backend_bound      
                                                  #     69.0 %  tma_backend_bound_aux  
                                                  #      7.4 %  tma_frontend_bound       ( +- 17.15% )  (61.63%)

          0.029088 +- 0.000849 seconds time elapsed  ( +-  2.92% )


 Performance counter stats for './mandelbrot_seq 0.175 0.375 -0.1 0.1 256 1' (10 runs):

             98.01 msec task-clock                       #    0.994 CPUs utilized               ( +-  1.45% )
                 1      context-switches                 #   10.203 /sec                        ( +- 26.03% )
                 0      cpu-migrations                   #    0.000 /sec                      
               703      page-faults                      #    7.173 K/sec                       ( +-  0.03% )
       102,128,371      cpu_atom/cycles/                 #    1.042 GHz                         ( +- 33.77% )  (31.19%)
       212,694,601      cpu_core/cycles/                 #    2.170 GHz                         ( +-  1.57% )  (57.73%)
       129,714,607      cpu_atom/instructions/           #    1.27  insn per cycle              ( +- 34.53% )  (36.72%)
       313,488,309      cpu_core/instructions/           #    3.07  insn per cycle              ( +-  1.32% )  (57.73%)
        19,156,558      cpu_atom/branches/               #  195.463 M/sec                       ( +- 40.19% )  (36.73%)
        26,486,377      cpu_core/branches/               #  270.252 M/sec                       ( +-  1.19% )  (57.73%)
           163,541      cpu_atom/branch-misses/          #    0.85% of all branches             ( +- 69.55% )  (36.73%)
            66,043      cpu_core/branch-misses/          #    0.34% of all branches             ( +-  1.44% )  (57.73%)
             TopdownL1 (cpu_core)                 #     73.7 %  tma_backend_bound      
                                                  #      0.5 %  tma_bad_speculation    
                                                  #      1.2 %  tma_frontend_bound     
                                                  #     24.6 %  tma_retiring             ( +-  1.54% )  (57.73%)
             TopdownL1 (cpu_atom)                 #      5.4 %  tma_bad_speculation    
                                                  #     28.9 %  tma_retiring             ( +- 34.70% )  (36.73%)
                                                  #     55.2 %  tma_backend_bound      
                                                  #     55.2 %  tma_backend_bound_aux  
                                                  #     10.6 %  tma_frontend_bound       ( +- 33.71% )  (37.56%)

           0.09860 +- 0.00143 seconds time elapsed  ( +-  1.45% )


 Performance counter stats for './mandelbrot_seq 0.175 0.375 -0.1 0.1 512 1' (10 runs):

            376.02 msec task-clock                       #    0.998 CPUs utilized               ( +-  0.11% )
                 2      context-switches                 #    5.319 /sec                        ( +- 28.92% )
                 0      cpu-migrations                   #    0.000 /sec                      
             2,623      page-faults                      #    6.976 K/sec                       ( +-  0.01% )
     <not counted>      cpu_atom/cycles/                                                        ( +- 66.67% )  (0.00%)
       821,240,195      cpu_core/cycles/                 #    2.184 GHz                         ( +-  0.11% )
     <not counted>      cpu_atom/instructions/                                                  ( +- 67.22% )  (0.00%)
     1,221,855,411      cpu_core/instructions/           #    8.25  insn per cycle              ( +-  0.12% )
     <not counted>      cpu_atom/branches/                                                      ( +- 67.40% )  (0.00%)
       105,064,538      cpu_core/branches/               #  279.409 M/sec                       ( +-  0.68% )
     <not counted>      cpu_atom/branch-misses/                                                 ( +- 77.06% )  (0.00%)
           229,995      cpu_core/branch-misses/          #    0.35% of all branches             ( +-  0.24% )
             TopdownL1 (cpu_core)                 #     73.8 %  tma_backend_bound      
                                                  #      0.4 %  tma_bad_speculation    
                                                  #      1.1 %  tma_frontend_bound     
                                                  #     24.7 %  tma_retiring             ( +-  0.10% )

          0.376769 +- 0.000443 seconds time elapsed  ( +-  0.12% )

