
 Performance counter stats for './mandelbrot_seq -0.188 -0.012 0.554 0.754 16 1' (10 runs):

              1.19 msec task-clock                       #    0.727 CPUs utilized               ( +-  5.39% )
                 0      context-switches                 #    0.000 /sec                      
                 0      cpu-migrations                   #    0.000 /sec                      
                64      page-faults                      #   53.984 K/sec                       ( +-  0.33% )
     <not counted>      cpu_atom/cycles/                                                        ( +-100.00% )  (0.00%)
         1,772,835      cpu_core/cycles/                 #    1.495 GHz                         ( +- 11.20% )
     <not counted>      cpu_atom/instructions/                                                  ( +-100.00% )  (0.00%)
         2,333,917      cpu_core/instructions/           #    8.13  insn per cycle              ( +- 11.11% )
     <not counted>      cpu_atom/branches/                                                      ( +-100.00% )  (0.00%)
           301,308      cpu_core/branches/               #  254.154 M/sec                       ( +- 11.12% )
     <not counted>      cpu_atom/branch-misses/                                                 ( +-100.01% )  (0.00%)
             5,319      cpu_core/branch-misses/          #   15.83% of all branches             ( +- 12.11% )
             TopdownL1 (cpu_core)                 #     48.6 %  tma_backend_bound      
                                                  #      5.3 %  tma_bad_speculation    
                                                  #     22.8 %  tma_frontend_bound     
                                                  #     23.3 %  tma_retiring             ( +- 11.19% )

          0.001632 +- 0.000101 seconds time elapsed  ( +-  6.21% )


 Performance counter stats for './mandelbrot_seq -0.188 -0.012 0.554 0.754 32 1' (10 runs):

              3.12 msec task-clock                       #    0.874 CPUs utilized               ( +-  3.43% )
                 0      context-switches                 #    0.000 /sec                      
                 0      cpu-migrations                   #    0.000 /sec                      
                72      page-faults                      #   23.072 K/sec                       ( +-  0.19% )
         4,799,213      cpu_atom/cycles/                 #    1.538 GHz                         ( +- 17.28% )  (8.68%)
         3,863,393      cpu_core/cycles/                 #    1.238 GHz                         ( +- 21.99% )  (54.12%)
         4,797,745      cpu_atom/instructions/           #    1.00  insn per cycle              ( +- 17.96% )  (44.08%)
         5,445,092      cpu_core/instructions/           #    1.13  insn per cycle              ( +- 22.27% )  (54.12%)
           533,682      cpu_atom/branches/               #  171.015 M/sec                       ( +- 16.86% )  (45.88%)
           571,824      cpu_core/branches/               #  183.238 M/sec                       ( +- 24.71% )  (54.12%)
            10,015      cpu_atom/branch-misses/          #    1.88% of all branches             ( +- 22.28% )  (45.88%)
             5,581      cpu_core/branch-misses/          #    1.05% of all branches             ( +- 27.41% )  (54.12%)
             TopdownL1 (cpu_core)                 #     62.4 %  tma_backend_bound      
                                                  #      2.6 %  tma_bad_speculation    
                                                  #     11.2 %  tma_frontend_bound     
                                                  #     23.8 %  tma_retiring             ( +- 22.00% )  (54.12%)
             TopdownL1 (cpu_atom)                 #     -0.4 %  tma_bad_speculation    
                                                  #     21.5 %  tma_retiring             ( +- 17.28% )  (45.88%)
                                                  #     66.4 %  tma_backend_bound      
                                                  #     66.4 %  tma_backend_bound_aux  
                                                  #     12.5 %  tma_frontend_bound       ( +- 17.32% )  (45.88%)

          0.003569 +- 0.000105 seconds time elapsed  ( +-  2.94% )


 Performance counter stats for './mandelbrot_seq -0.188 -0.012 0.554 0.754 64 1' (10 runs):

              9.12 msec task-clock                       #    0.938 CPUs utilized               ( +-  2.16% )
                 0      context-switches                 #    0.000 /sec                      
                 0      cpu-migrations                   #    0.000 /sec                      
               102      page-faults                      #   11.187 K/sec                       ( +-  0.16% )
     <not counted>      cpu_atom/cycles/                                                        ( +- 27.36% )  (0.00%)
        17,369,630      cpu_core/cycles/                 #    1.905 GHz                         ( +-  1.88% )
     <not counted>      cpu_atom/instructions/                                                  ( +- 29.48% )  (0.00%)
        24,834,425      cpu_core/instructions/           #    2.39  insn per cycle              ( +-  1.80% )
     <not counted>      cpu_atom/branches/                                                      ( +- 30.35% )  (0.00%)
         2,155,027      cpu_core/branches/               #  236.351 M/sec                       ( +-  1.64% )
     <not counted>      cpu_atom/branch-misses/                                                 ( +- 36.87% )  (0.00%)
            12,307      cpu_core/branch-misses/          #    0.81% of all branches             ( +-  5.60% )
             TopdownL1 (cpu_core)                 #     71.3 %  tma_backend_bound      
                                                  #      1.3 %  tma_bad_speculation    
                                                  #      3.5 %  tma_frontend_bound     
                                                  #     23.9 %  tma_retiring             ( +-  1.84% )

          0.009724 +- 0.000223 seconds time elapsed  ( +-  2.29% )


 Performance counter stats for './mandelbrot_seq -0.188 -0.012 0.554 0.754 128 1' (10 runs):

             34.75 msec task-clock                       #    0.982 CPUs utilized               ( +-  9.00% )
                 0      context-switches                 #    0.000 /sec                      
                 0      cpu-migrations                   #    0.000 /sec                      
               222      page-faults                      #    6.389 K/sec                       ( +-  0.10% )
        43,367,718      cpu_atom/cycles/                 #    1.248 GHz                         ( +- 22.57% )  (1.57%)
        66,551,052      cpu_core/cycles/                 #    1.915 GHz                         ( +-  2.28% )  (98.32%)
        43,065,299      cpu_atom/instructions/           #    0.99  insn per cycle              ( +- 24.57% )  (1.68%)
        96,188,696      cpu_core/instructions/           #    2.22  insn per cycle              ( +-  1.98% )  (98.32%)
         5,797,750      cpu_atom/branches/               #  166.861 M/sec                       ( +- 25.00% )  (1.68%)
         8,062,712      cpu_core/branches/               #  232.047 M/sec                       ( +-  1.63% )  (98.32%)
           119,178      cpu_atom/branch-misses/          #    2.06% of all branches             ( +- 42.55% )  (1.68%)
            25,658      cpu_core/branch-misses/          #    0.44% of all branches             ( +-  3.93% )  (98.32%)
             TopdownL1 (cpu_core)                 #     73.4 %  tma_backend_bound      
                                                  #      0.6 %  tma_bad_speculation    
                                                  #      1.7 %  tma_frontend_bound     
                                                  #     24.2 %  tma_retiring             ( +-  2.11% )  (98.32%)
             TopdownL1 (cpu_atom)                 #     10.0 %  tma_bad_speculation    
                                                  #     22.5 %  tma_retiring             ( +- 23.50% )  (1.68%)
                                                  #     52.1 %  tma_backend_bound      
                                                  #     52.1 %  tma_backend_bound_aux  
                                                  #     15.3 %  tma_frontend_bound       ( +- 22.69% )  (1.68%)

           0.03539 +- 0.00314 seconds time elapsed  ( +-  8.87% )


 Performance counter stats for './mandelbrot_seq -0.188 -0.012 0.554 0.754 256 1' (10 runs):

            115.60 msec task-clock                       #    0.994 CPUs utilized               ( +-  0.83% )
                 2      context-switches                 #   17.302 /sec                        ( +- 21.08% )
                 0      cpu-migrations                   #    0.000 /sec                      
               703      page-faults                      #    6.082 K/sec                       ( +-  0.03% )
        67,643,906      cpu_atom/cycles/                 #    0.585 GHz                         ( +- 51.19% )  (15.71%)
       249,212,904      cpu_core/cycles/                 #    2.156 GHz                         ( +-  0.79% )  (77.78%)
        94,657,776      cpu_atom/instructions/           #    1.40  insn per cycle              ( +- 54.85% )  (18.97%)
       364,487,838      cpu_core/instructions/           #    5.39  insn per cycle              ( +-  0.55% )  (77.78%)
        14,027,176      cpu_atom/branches/               #  121.347 M/sec                       ( +- 67.86% )  (18.97%)
        30,742,871      cpu_core/branches/               #  265.951 M/sec                       ( +-  0.12% )  (77.78%)
            50,149      cpu_atom/branch-misses/          #    0.36% of all branches             ( +- 56.25% )  (19.70%)
            75,840      cpu_core/branch-misses/          #    0.54% of all branches             ( +-  0.65% )  (77.78%)
             TopdownL1 (cpu_core)                 #     74.0 %  tma_backend_bound      
                                                  #      0.4 %  tma_bad_speculation    
                                                  #      1.2 %  tma_frontend_bound     
                                                  #     24.4 %  tma_retiring             ( +-  0.78% )  (77.78%)
             TopdownL1 (cpu_atom)                 #     11.3 %  tma_bad_speculation    
                                                  #     30.6 %  tma_retiring             ( +- 55.59% )  (19.78%)
                                                  #     51.3 %  tma_backend_bound      
                                                  #     51.3 %  tma_backend_bound_aux  
                                                  #      6.7 %  tma_frontend_bound       ( +- 51.29% )  (19.78%)

          0.116278 +- 0.000996 seconds time elapsed  ( +-  0.86% )


 Performance counter stats for './mandelbrot_seq -0.188 -0.012 0.554 0.754 512 1' (10 runs):

            451.68 msec task-clock                       #    0.998 CPUs utilized               ( +-  0.10% )
                 3      context-switches                 #    6.642 /sec                        ( +- 15.71% )
                 0      cpu-migrations                   #    0.000 /sec                      
             2,623      page-faults                      #    5.807 K/sec                       ( +-  0.01% )
     <not counted>      cpu_atom/cycles/                                                        ( +- 79.13% )  (0.00%)
       985,466,772      cpu_core/cycles/                 #    2.182 GHz                         ( +-  0.07% )
     <not counted>      cpu_atom/instructions/                                                  ( +- 94.87% )  (0.00%)
     1,445,026,433      cpu_core/instructions/           #   12.82  insn per cycle              ( +-  0.05% )
     <not counted>      cpu_atom/branches/                                                      ( +- 95.15% )  (0.00%)
       122,054,646      cpu_core/branches/               #  270.222 M/sec                       ( +-  0.33% )
     <not counted>      cpu_atom/branch-misses/                                                 ( +- 71.50% )  (0.00%)
           270,860      cpu_core/branch-misses/          #    0.64% of all branches             ( +-  0.11% )
             TopdownL1 (cpu_core)                 #     74.2 %  tma_backend_bound      
                                                  #      0.4 %  tma_bad_speculation    
                                                  #      1.1 %  tma_frontend_bound     
                                                  #     24.4 %  tma_retiring             ( +-  0.07% )

          0.452528 +- 0.000560 seconds time elapsed  ( +-  0.12% )

