
 Performance counter stats for './mandelbrot_pth 0.175 0.375 -0.1 0.1 16' (10 runs):

              3.63 msec task-clock                       #    1.510 CPUs utilized               ( +-  2.06% )
                 9      context-switches                 #    2.480 K/sec                       ( +- 11.14% )
                 1      cpu-migrations                   #  275.589 /sec                        ( +- 40.14% )
               109      page-faults                      #   30.039 K/sec                       ( +-  0.27% )
         4,576,172      cpu_atom/cycles/                 #    1.261 GHz                         ( +-  1.93% )  (39.89%)
         2,878,240      cpu_core/cycles/                 #    0.793 GHz                         ( +-  3.04% )  (93.27%)
         3,724,319      cpu_atom/instructions/           #    0.81  insn per cycle              ( +-  0.47% )  (50.91%)
         3,697,062      cpu_core/instructions/           #    0.81  insn per cycle              ( +-  2.15% )  (93.27%)
           476,039      cpu_atom/branches/               #  131.191 M/sec                       ( +-  0.62% )  (50.91%)
           670,861      cpu_core/branches/               #  184.882 M/sec                       ( +-  2.16% )  (93.27%)
            13,793      cpu_atom/branch-misses/          #    2.90% of all branches             ( +-  7.91% )  (50.91%)
             9,980      cpu_core/branch-misses/          #    2.10% of all branches             ( +-  5.10% )  (93.27%)
             TopdownL1 (cpu_core)                 #     35.1 %  tma_backend_bound      
                                                  #      6.8 %  tma_bad_speculation    
                                                  #     33.7 %  tma_frontend_bound     
                                                  #     24.4 %  tma_retiring             ( +-  3.04% )  (93.27%)
             TopdownL1 (cpu_atom)                 #     27.4 %  tma_bad_speculation    
                                                  #     17.4 %  tma_retiring             ( +-  0.50% )  (50.91%)
                                                  #     26.7 %  tma_backend_bound      
                                                  #     26.7 %  tma_backend_bound_aux  
                                                  #     28.5 %  tma_frontend_bound       ( +-  1.57% )  (50.91%)

         0.0024035 +- 0.0000725 seconds time elapsed  ( +-  3.02% )


 Performance counter stats for './mandelbrot_pth 0.175 0.375 -0.1 0.1 32' (10 runs):

              6.29 msec task-clock                       #    2.167 CPUs utilized               ( +-  2.57% )
                16      context-switches                 #    2.545 K/sec                       ( +-  4.32% )
                 2      cpu-migrations                   #  318.139 /sec                        ( +- 24.09% )
               109      page-faults                      #   17.339 K/sec                       ( +-  0.31% )
         7,188,407      cpu_atom/cycles/                 #    1.143 GHz                         ( +-  1.96% )  (10.35%)
         3,876,388      cpu_core/cycles/                 #    0.617 GHz                         ( +-  5.15% )  (9.72%)
         6,860,137      cpu_atom/instructions/           #    0.95  insn per cycle              ( +-  1.78% )
         4,680,577      cpu_core/instructions/           #    0.65  insn per cycle              ( +-  3.16% )  (9.72%)
           725,754      cpu_atom/branches/               #  115.445 M/sec                       ( +-  6.46% )
           733,713      cpu_core/branches/               #  116.711 M/sec                       ( +-  2.31% )  (9.72%)
            15,978      cpu_atom/branch-misses/          #    2.20% of all branches             ( +-  6.23% )
            13,112      cpu_core/branch-misses/          #    1.81% of all branches             ( +-  9.24% )  (9.72%)
             TopdownL1 (cpu_core)                 #     39.9 %  tma_backend_bound      
                                                  #      6.7 %  tma_bad_speculation    
                                                  #     30.3 %  tma_frontend_bound     
                                                  #     23.1 %  tma_retiring             ( +-  4.23% )  (9.72%)
             TopdownL1 (cpu_atom)                 #     26.8 %  tma_bad_speculation    
                                                  #     18.5 %  tma_retiring             ( +-  3.83% )
                                                  #     37.4 %  tma_backend_bound      
                                                  #     37.4 %  tma_backend_bound_aux  
                                                  #     17.3 %  tma_frontend_bound       ( +-  2.31% )

          0.002901 +- 0.000155 seconds time elapsed  ( +-  5.34% )


 Performance counter stats for './mandelbrot_pth 0.175 0.375 -0.1 0.1 64' (10 runs):

             17.03 msec task-clock                       #    3.772 CPUs utilized               ( +-  1.73% )
                24      context-switches                 #    1.409 K/sec                       ( +-  4.03% )
                12      cpu-migrations                   #  704.565 /sec                        ( +-  8.89% )
               109      page-faults                      #    6.400 K/sec                       ( +-  0.30% )
        16,533,654      cpu_atom/cycles/                 #    0.971 GHz                         ( +-  3.83% )  (51.80%)
        10,296,216      cpu_core/cycles/                 #    0.605 GHz                         ( +-  3.61% )  (73.50%)
        13,728,615      cpu_atom/instructions/           #    0.83  insn per cycle              ( +-  6.25% )  (74.35%)
        11,996,205      cpu_core/instructions/           #    0.73  insn per cycle              ( +-  4.08% )  (73.50%)
         1,601,684      cpu_atom/branches/               #   94.041 M/sec                       ( +-  3.29% )  (74.90%)
         1,202,713      cpu_core/branches/               #   70.616 M/sec                       ( +-  4.74% )  (73.50%)
            26,436      cpu_atom/branch-misses/          #    1.65% of all branches             ( +-  7.82% )  (74.90%)
            14,510      cpu_core/branch-misses/          #    0.91% of all branches             ( +- 11.28% )  (73.50%)
             TopdownL1 (cpu_core)                 #     51.1 %  tma_backend_bound      
                                                  #      4.2 %  tma_bad_speculation    
                                                  #     17.9 %  tma_frontend_bound     
                                                  #     26.8 %  tma_retiring             ( +-  4.42% )  (73.50%)
             TopdownL1 (cpu_atom)                 #      3.8 %  tma_bad_speculation    
                                                  #     19.6 %  tma_retiring             ( +-  2.76% )  (74.90%)
                                                  #     66.0 %  tma_backend_bound      
                                                  #     66.0 %  tma_backend_bound_aux  
                                                  #     10.6 %  tma_frontend_bound       ( +-  2.04% )  (74.90%)

          0.004516 +- 0.000151 seconds time elapsed  ( +-  3.34% )


 Performance counter stats for './mandelbrot_pth 0.175 0.375 -0.1 0.1 128' (10 runs):

             55.31 msec task-clock                       #    5.900 CPUs utilized               ( +-  1.39% )
                14      context-switches                 #  253.134 /sec                        ( +-  7.74% )
                 9      cpu-migrations                   #  162.729 /sec                        ( +-  8.11% )
               109      page-faults                      #    1.971 K/sec                       ( +-  0.47% )
        51,138,066      cpu_atom/cycles/                 #    0.925 GHz                         ( +-  0.94% )  (37.48%)
        33,907,132      cpu_core/cycles/                 #    0.613 GHz                         ( +-  6.28% )  (79.50%)
        49,174,889      cpu_atom/instructions/           #    0.96  insn per cycle              ( +-  1.07% )  (62.24%)
        39,780,448      cpu_core/instructions/           #    0.78  insn per cycle              ( +-  6.44% )  (79.50%)
         3,731,450      cpu_atom/branches/               #   67.468 M/sec                       ( +-  2.22% )  (74.12%)
         3,428,731      cpu_core/branches/               #   61.995 M/sec                       ( +-  5.29% )  (79.50%)
            23,826      cpu_atom/branch-misses/          #    0.64% of all branches             ( +- 12.04% )  (85.11%)
            26,636      cpu_core/branch-misses/          #    0.71% of all branches             ( +-  3.81% )  (79.50%)
             TopdownL1 (cpu_core)                 #     51.9 %  tma_backend_bound      
                                                  #      3.4 %  tma_bad_speculation    
                                                  #     15.4 %  tma_frontend_bound     
                                                  #     29.3 %  tma_retiring             ( +-  6.96% )  (79.50%)
             TopdownL1 (cpu_atom)                 #      1.1 %  tma_bad_speculation    
                                                  #     19.3 %  tma_retiring             ( +-  1.44% )  (85.88%)
                                                  #     77.3 %  tma_backend_bound      
                                                  #     77.3 %  tma_backend_bound_aux  
                                                  #      2.3 %  tma_frontend_bound       ( +-  1.08% )  (85.88%)

          0.009373 +- 0.000126 seconds time elapsed  ( +-  1.34% )


 Performance counter stats for './mandelbrot_pth 0.175 0.375 -0.1 0.1 256' (10 runs):

            231.17 msec task-clock                       #    7.988 CPUs utilized               ( +-  0.49% )
                29      context-switches                 #  125.450 /sec                        ( +-  6.91% )
                11      cpu-migrations                   #   47.584 /sec                        ( +-  7.45% )
               108      page-faults                      #  467.193 /sec                        ( +-  0.32% )
       202,687,095      cpu_atom/cycles/                 #    0.877 GHz                         ( +-  2.26% )  (58.68%)
       142,034,496      cpu_core/cycles/                 #    0.614 GHz                         ( +-  6.55% )  (60.24%)
       199,054,279      cpu_atom/instructions/           #    0.98  insn per cycle              ( +-  2.20% )  (69.68%)
       164,722,417      cpu_core/instructions/           #    0.81  insn per cycle              ( +-  7.15% )  (60.24%)
        15,359,515      cpu_atom/branches/               #   66.443 M/sec                       ( +-  1.91% )  (70.73%)
        12,638,073      cpu_core/branches/               #   54.671 M/sec                       ( +-  6.66% )  (60.24%)
            70,139      cpu_atom/branch-misses/          #    0.46% of all branches             ( +-  2.25% )  (72.36%)
            54,183      cpu_core/branch-misses/          #    0.35% of all branches             ( +-  4.89% )  (60.24%)
             TopdownL1 (cpu_core)                 #     53.1 %  tma_backend_bound      
                                                  #      2.7 %  tma_bad_speculation    
                                                  #     14.0 %  tma_frontend_bound     
                                                  #     30.1 %  tma_retiring             ( +-  8.21% )  (60.24%)
             TopdownL1 (cpu_atom)                 #      0.8 %  tma_bad_speculation    
                                                  #     19.7 %  tma_retiring             ( +-  2.13% )  (72.94%)
                                                  #     78.3 %  tma_backend_bound      
                                                  #     78.3 %  tma_backend_bound_aux  
                                                  #      1.2 %  tma_frontend_bound       ( +-  2.16% )  (74.45%)

          0.028938 +- 0.000479 seconds time elapsed  ( +-  1.66% )


 Performance counter stats for './mandelbrot_pth 0.175 0.375 -0.1 0.1 512' (10 runs):

            925.48 msec task-clock                       #    9.050 CPUs utilized               ( +-  0.20% )
                70      context-switches                 #   75.637 /sec                        ( +-  5.62% )
                12      cpu-migrations                   #   12.966 /sec                        ( +-  4.85% )
               108      page-faults                      #  116.697 /sec                        ( +-  0.24% )
       802,047,544      cpu_atom/cycles/                 #    0.867 GHz                         ( +-  2.29% )  (58.94%)
       556,552,510      cpu_core/cycles/                 #    0.601 GHz                         ( +-  8.99% )  (85.70%)
       789,830,893      cpu_atom/instructions/           #    0.98  insn per cycle              ( +-  2.31% )  (69.11%)
       652,358,169      cpu_core/instructions/           #    0.81  insn per cycle              ( +-  9.42% )  (85.70%)
        59,559,365      cpu_atom/branches/               #   64.355 M/sec                       ( +-  2.27% )  (69.21%)
        49,217,906      cpu_core/branches/               #   53.181 M/sec                       ( +-  9.32% )  (85.70%)
           198,501      cpu_atom/branch-misses/          #    0.33% of all branches             ( +-  2.05% )  (69.23%)
           160,568      cpu_core/branch-misses/          #    0.27% of all branches             ( +-  8.77% )  (85.70%)
             TopdownL1 (cpu_core)                 #     54.8 %  tma_backend_bound      
                                                  #      2.4 %  tma_bad_speculation    
                                                  #     12.8 %  tma_frontend_bound     
                                                  #     30.0 %  tma_retiring             ( +- 10.27% )  (85.70%)
             TopdownL1 (cpu_atom)                 #      0.7 %  tma_bad_speculation    
                                                  #     19.7 %  tma_retiring             ( +-  2.27% )  (69.33%)
                                                  #     79.1 %  tma_backend_bound      
                                                  #     79.1 %  tma_backend_bound_aux  
                                                  #      0.4 %  tma_frontend_bound       ( +-  2.27% )  (69.67%)

          0.102263 +- 0.000537 seconds time elapsed  ( +-  0.53% )


 Performance counter stats for './mandelbrot_pth 0.175 0.375 -0.1 0.1 1024' (10 runs):

          3,722.57 msec task-clock                       #    9.624 CPUs utilized               ( +-  0.23% )
               216      context-switches                 #   58.024 /sec                        ( +-  8.26% )
                12      cpu-migrations                   #    3.224 /sec                        ( +-  4.38% )
               108      page-faults                      #   29.012 /sec                        ( +-  0.25% )
     3,096,142,284      cpu_atom/cycles/                 #    0.832 GHz                         ( +-  2.64% )  (63.56%)
     2,353,982,747      cpu_core/cycles/                 #    0.632 GHz                         ( +-  6.56% )  (65.47%)
     3,050,642,564      cpu_atom/instructions/           #    0.99  insn per cycle              ( +-  2.66% )  (74.13%)
     2,730,150,188      cpu_core/instructions/           #    0.88  insn per cycle              ( +-  6.56% )  (65.47%)
       229,052,297      cpu_atom/branches/               #   61.531 M/sec                       ( +-  2.64% )  (74.18%)
       204,746,741      cpu_core/branches/               #   55.001 M/sec                       ( +-  6.52% )  (65.47%)
           676,081      cpu_atom/branch-misses/          #    0.30% of all branches             ( +-  2.35% )  (74.22%)
           586,716      cpu_core/branch-misses/          #    0.26% of all branches             ( +-  6.23% )  (65.47%)
             TopdownL1 (cpu_core)                 #     53.0 %  tma_backend_bound      
                                                  #      2.5 %  tma_bad_speculation    
                                                  #     13.7 %  tma_frontend_bound     
                                                  #     30.8 %  tma_retiring             ( +-  6.47% )  (65.47%)
             TopdownL1 (cpu_atom)                 #      0.7 %  tma_bad_speculation    
                                                  #     19.7 %  tma_retiring             ( +-  2.65% )  (74.28%)
                                                  #     79.4 %  tma_backend_bound      
                                                  #     79.4 %  tma_backend_bound_aux  
                                                  #      0.3 %  tma_frontend_bound       ( +-  2.65% )  (74.35%)

           0.38680 +- 0.00192 seconds time elapsed  ( +-  0.50% )


 Performance counter stats for './mandelbrot_pth 0.175 0.375 -0.1 0.1 2048' (10 runs):

         15,008.37 msec task-clock                       #    9.983 CPUs utilized               ( +-  0.20% )
               845      context-switches                 #   56.302 /sec                        ( +-  5.20% )
                24      cpu-migrations                   #    1.599 /sec                        ( +-  7.19% )
               108      page-faults                      #    7.196 /sec                        ( +-  0.20% )
    12,652,353,715      cpu_atom/cycles/                 #    0.843 GHz                         ( +-  2.52% )  (67.65%)
     9,607,517,882      cpu_core/cycles/                 #    0.640 GHz                         ( +-  6.86% )  (49.27%)
    12,472,445,226      cpu_atom/instructions/           #    0.99  insn per cycle              ( +-  2.53% )  (78.92%)
    11,088,129,039      cpu_core/instructions/           #    0.88  insn per cycle              ( +-  7.10% )  (49.27%)
       935,179,376      cpu_atom/branches/               #   62.311 M/sec                       ( +-  2.53% )  (78.93%)
       830,390,571      cpu_core/branches/               #   55.328 M/sec                       ( +-  7.10% )  (49.27%)
         2,629,392      cpu_atom/branch-misses/          #    0.28% of all branches             ( +-  2.48% )  (78.95%)
         2,274,625      cpu_core/branch-misses/          #    0.24% of all branches             ( +-  6.93% )  (49.27%)
             TopdownL1 (cpu_core)                 #     52.3 %  tma_backend_bound      
                                                  #      2.5 %  tma_bad_speculation    
                                                  #     14.2 %  tma_frontend_bound     
                                                  #     31.0 %  tma_retiring             ( +-  7.56% )  (49.27%)
             TopdownL1 (cpu_atom)                 #      0.7 %  tma_bad_speculation    
                                                  #     19.7 %  tma_retiring             ( +-  2.53% )  (78.98%)
                                                  #     79.4 %  tma_backend_bound      
                                                  #     79.4 %  tma_backend_bound_aux  
                                                  #      0.2 %  tma_frontend_bound       ( +-  2.52% )  (78.96%)

           1.50341 +- 0.00857 seconds time elapsed  ( +-  0.57% )

