
 Performance counter stats for './mandelbrot_pth -2.5 1.5 -2.0 2.0 16' (10 runs):

              3.33 msec task-clock                       #    1.194 CPUs utilized               ( +-  4.87% )
                10      context-switches                 #    3.003 K/sec                       ( +- 11.04% )
                 0      cpu-migrations                   #    0.000 /sec                      
               108      page-faults                      #   32.433 K/sec                       ( +-  0.25% )
         3,699,670      cpu_atom/cycles/                 #    1.111 GHz                         ( +-  6.44% )  (33.70%)
         2,690,402      cpu_core/cycles/                 #    0.808 GHz                         ( +- 12.30% )
         2,831,915      cpu_atom/instructions/           #    0.77  insn per cycle              ( +-  7.44% )  (41.58%)
         3,195,417      cpu_core/instructions/           #    0.86  insn per cycle              ( +- 11.59% )
           495,546      cpu_atom/branches/               #  148.813 M/sec                       ( +-  7.85% )  (41.58%)
           586,112      cpu_core/branches/               #  176.010 M/sec                       ( +- 11.59% )
            17,108      cpu_atom/branch-misses/          #    3.45% of all branches             ( +-  8.03% )  (41.58%)
            10,634      cpu_core/branch-misses/          #    2.15% of all branches             ( +- 18.03% )
             TopdownL1 (cpu_core)                 #     33.3 %  tma_backend_bound      
                                                  #      7.4 %  tma_bad_speculation    
                                                  #     36.7 %  tma_frontend_bound     
                                                  #     22.6 %  tma_retiring             ( +- 12.30% )
             TopdownL1 (cpu_atom)                 #     18.6 %  tma_bad_speculation    
                                                  #     18.6 %  tma_retiring             ( +- 10.49% )  (41.58%)
                                                  #     22.9 %  tma_backend_bound      
                                                  #     22.9 %  tma_backend_bound_aux  
                                                  #     40.0 %  tma_frontend_bound       ( +-  7.12% )  (41.58%)

          0.002789 +- 0.000171 seconds time elapsed  ( +-  6.13% )


 Performance counter stats for './mandelbrot_pth -2.5 1.5 -2.0 2.0 32' (10 runs):

              3.30 msec task-clock                       #    1.324 CPUs utilized               ( +-  1.77% )
                10      context-switches                 #    3.035 K/sec                       ( +- 11.81% )
                 0      cpu-migrations                   #    0.000 /sec                      
               108      page-faults                      #   32.776 K/sec                       ( +-  0.47% )
         4,136,849      cpu_atom/cycles/                 #    1.255 GHz                         ( +-  2.64% )  (47.76%)
         2,802,167      cpu_core/cycles/                 #    0.850 GHz                         ( +-  2.76% )
         3,382,816      cpu_atom/instructions/           #    0.82  insn per cycle              ( +-  2.84% )  (48.39%)
         3,524,807      cpu_core/instructions/           #    0.85  insn per cycle              ( +-  1.73% )
           486,554      cpu_atom/branches/               #  147.660 M/sec                       ( +-  4.36% )  (48.39%)
           643,295      cpu_core/branches/               #  195.227 M/sec                       ( +-  1.70% )
            16,094      cpu_atom/branch-misses/          #    3.31% of all branches             ( +-  6.89% )  (48.39%)
            10,804      cpu_core/branch-misses/          #    2.22% of all branches             ( +-  4.78% )
             TopdownL1 (cpu_core)                 #     33.9 %  tma_backend_bound      
                                                  #      7.3 %  tma_bad_speculation    
                                                  #     34.7 %  tma_frontend_bound     
                                                  #     24.1 %  tma_retiring             ( +-  2.76% )
             TopdownL1 (cpu_atom)                 #     30.0 %  tma_bad_speculation    
                                                  #     18.3 %  tma_retiring             ( +-  2.74% )  (48.39%)
                                                  #     22.7 %  tma_backend_bound      
                                                  #     22.7 %  tma_backend_bound_aux  
                                                  #     29.0 %  tma_frontend_bound       ( +-  2.22% )  (48.39%)

         0.0024881 +- 0.0000712 seconds time elapsed  ( +-  2.86% )


 Performance counter stats for './mandelbrot_pth -2.5 1.5 -2.0 2.0 64' (10 runs):

              4.71 msec task-clock                       #    1.773 CPUs utilized               ( +-  2.35% )
                12      context-switches                 #    2.548 K/sec                       ( +- 10.32% )
                 0      cpu-migrations                   #    0.000 /sec                      
               108      page-faults                      #   22.932 K/sec                       ( +-  0.25% )
         5,400,387      cpu_atom/cycles/                 #    1.147 GHz                         ( +-  4.82% )  (66.74%)
         3,148,196      cpu_core/cycles/                 #    0.668 GHz                         ( +-  3.56% )  (13.89%)
         5,603,038      cpu_atom/instructions/           #    1.04  insn per cycle              ( +-  1.90% )
         3,783,226      cpu_core/instructions/           #    0.70  insn per cycle              ( +-  1.21% )  (13.89%)
           622,204      cpu_atom/branches/               #  132.115 M/sec                       ( +-  5.44% )
           665,976      cpu_core/branches/               #  141.409 M/sec                       ( +-  1.45% )  (13.89%)
            15,594      cpu_atom/branch-misses/          #    2.51% of all branches             ( +-  7.44% )
            13,388      cpu_core/branch-misses/          #    2.15% of all branches             ( +- 13.49% )  (13.89%)
             TopdownL1 (cpu_core)                 #     33.8 %  tma_backend_bound      
                                                  #      8.1 %  tma_bad_speculation    
                                                  #     35.2 %  tma_frontend_bound     
                                                  #     22.9 %  tma_retiring             ( +-  3.66% )  (13.89%)
             TopdownL1 (cpu_atom)                 #     18.1 %  tma_bad_speculation    
                                                  #     19.6 %  tma_retiring             ( +-  3.38% )
                                                  #     45.5 %  tma_backend_bound      
                                                  #     45.5 %  tma_backend_bound_aux  
                                                  #     16.8 %  tma_frontend_bound       ( +-  2.02% )

          0.002657 +- 0.000102 seconds time elapsed  ( +-  3.83% )


 Performance counter stats for './mandelbrot_pth -2.5 1.5 -2.0 2.0 128' (10 runs):

              9.92 msec task-clock                       #    2.351 CPUs utilized               ( +-  0.97% )
                 9      context-switches                 #  907.064 /sec                        ( +-  9.94% )
                 1      cpu-migrations                   #  100.785 /sec                        ( +- 74.61% )
               108      page-faults                      #   10.885 K/sec                       ( +-  0.15% )
         9,304,252      cpu_atom/cycles/                 #    0.938 GHz                         ( +-  5.36% )  (27.60%)
         6,359,587      cpu_core/cycles/                 #    0.641 GHz                         ( +-  9.20% )  (41.59%)
         9,776,699      cpu_atom/instructions/           #    1.05  insn per cycle              ( +-  5.04% )  (62.74%)
         8,396,893      cpu_core/instructions/           #    0.90  insn per cycle              ( +-  9.60% )  (41.59%)
         1,223,493      cpu_atom/branches/               #  123.310 M/sec                       ( +-  2.91% )
           795,872      cpu_core/branches/               #   80.212 M/sec                       ( +-  8.27% )  (41.59%)
            23,559      cpu_atom/branch-misses/          #    1.93% of all branches             ( +-  6.90% )
             9,200      cpu_core/branch-misses/          #    0.75% of all branches             ( +- 11.78% )  (41.59%)
             TopdownL1 (cpu_core)                 #     63.4 %  tma_backend_bound      
                                                  #      3.5 %  tma_bad_speculation    
                                                  #      9.6 %  tma_frontend_bound     
                                                  #     23.5 %  tma_retiring             ( +- 10.12% )  (41.59%)
             TopdownL1 (cpu_atom)                 #      4.0 %  tma_bad_speculation    
                                                  #     21.0 %  tma_retiring             ( +-  2.00% )
                                                  #     58.5 %  tma_backend_bound      
                                                  #     58.5 %  tma_backend_bound_aux  
                                                  #     16.5 %  tma_frontend_bound       ( +-  2.35% )

         0.0042209 +- 0.0000843 seconds time elapsed  ( +-  2.00% )


 Performance counter stats for './mandelbrot_pth -2.5 1.5 -2.0 2.0 256' (10 runs):

             28.55 msec task-clock                       #    3.268 CPUs utilized               ( +-  1.37% )
                14      context-switches                 #  490.379 /sec                        ( +-  8.65% )
                 4      cpu-migrations                   #  140.108 /sec                        ( +- 19.81% )
               108      page-faults                      #    3.783 K/sec                       ( +-  0.28% )
        27,983,458      cpu_atom/cycles/                 #    0.980 GHz                         ( +-  4.83% )  (53.54%)
        22,922,801      cpu_core/cycles/                 #    0.803 GHz                         ( +-  6.79% )  (80.46%)
        30,569,947      cpu_atom/instructions/           #    1.09  insn per cycle              ( +-  4.36% )  (79.67%)
        30,825,637      cpu_core/instructions/           #    1.10  insn per cycle              ( +-  6.77% )  (80.46%)
         2,678,098      cpu_atom/branches/               #   93.806 M/sec                       ( +-  3.70% )  (80.80%)
         2,947,101      cpu_core/branches/               #  103.228 M/sec                       ( +-  6.30% )  (80.46%)
            27,880      cpu_atom/branch-misses/          #    1.04% of all branches             ( +-  7.37% )  (80.66%)
            31,021      cpu_core/branch-misses/          #    1.16% of all branches             ( +-  9.52% )  (80.46%)
             TopdownL1 (cpu_core)                 #     61.7 %  tma_backend_bound      
                                                  #      3.2 %  tma_bad_speculation    
                                                  #     10.0 %  tma_frontend_bound     
                                                  #     25.0 %  tma_retiring             ( +-  7.01% )  (80.46%)
             TopdownL1 (cpu_atom)                 #      0.8 %  tma_bad_speculation    
                                                  #     20.9 %  tma_retiring             ( +-  3.81% )  (88.65%)
                                                  #     74.5 %  tma_backend_bound      
                                                  #     74.5 %  tma_backend_bound_aux  
                                                  #      3.8 %  tma_frontend_bound       ( +-  4.24% )  (88.90%)

          0.008735 +- 0.000145 seconds time elapsed  ( +-  1.66% )


 Performance counter stats for './mandelbrot_pth -2.5 1.5 -2.0 2.0 512' (10 runs):

            106.40 msec task-clock                       #    3.730 CPUs utilized               ( +-  0.87% )
                18      context-switches                 #  169.178 /sec                        ( +-  7.28% )
                 6      cpu-migrations                   #   56.393 /sec                        ( +-  9.77% )
               108      page-faults                      #    1.015 K/sec                       ( +-  0.32% )
        95,487,263      cpu_atom/cycles/                 #    0.897 GHz                         ( +-  5.20% )  (71.19%)
        97,208,684      cpu_core/cycles/                 #    0.914 GHz                         ( +-  5.73% )  (54.27%)
       101,097,065      cpu_atom/instructions/           #    1.06  insn per cycle              ( +-  5.13% )  (83.44%)
       137,635,278      cpu_core/instructions/           #    1.44  insn per cycle              ( +-  5.50% )  (54.27%)
         8,371,167      cpu_atom/branches/               #   78.679 M/sec                       ( +-  4.75% )  (83.61%)
        10,705,906      cpu_core/branches/               #  100.623 M/sec                       ( +-  5.44% )  (54.27%)
            61,772      cpu_atom/branch-misses/          #    0.74% of all branches             ( +-  3.52% )  (86.74%)
            49,766      cpu_core/branch-misses/          #    0.59% of all branches             ( +-  6.05% )  (54.27%)
             TopdownL1 (cpu_core)                 #     71.2 %  tma_backend_bound      
                                                  #      1.5 %  tma_bad_speculation    
                                                  #      2.6 %  tma_frontend_bound     
                                                  #     24.8 %  tma_retiring             ( +-  5.86% )  (54.27%)
             TopdownL1 (cpu_atom)                 #      1.2 %  tma_bad_speculation    
                                                  #     21.4 %  tma_retiring             ( +-  4.79% )  (88.31%)
                                                  #     74.3 %  tma_backend_bound      
                                                  #     74.3 %  tma_backend_bound_aux  
                                                  #      3.1 %  tma_frontend_bound       ( +-  5.05% )  (89.83%)

          0.028522 +- 0.000370 seconds time elapsed  ( +-  1.30% )


 Performance counter stats for './mandelbrot_pth -2.5 1.5 -2.0 2.0 1024' (10 runs):

            408.14 msec task-clock                       #    4.265 CPUs utilized               ( +-  0.90% )
                19      context-switches                 #   46.552 /sec                        ( +-  7.81% )
                10      cpu-migrations                   #   24.501 /sec                        ( +-  9.24% )
               108      page-faults                      #  264.613 /sec                        ( +-  0.36% )
       325,165,559      cpu_atom/cycles/                 #    0.797 GHz                         ( +-  1.73% )  (71.92%)
       379,529,177      cpu_core/cycles/                 #    0.930 GHz                         ( +-  6.46% )  (64.75%)
       349,610,458      cpu_atom/instructions/           #    1.08  insn per cycle              ( +-  1.90% )  (85.77%)
       530,762,921      cpu_core/instructions/           #    1.63  insn per cycle              ( +-  6.53% )  (64.75%)
        28,687,903      cpu_atom/branches/               #   70.289 M/sec                       ( +-  1.79% )  (86.18%)
        40,320,429      cpu_core/branches/               #   98.790 M/sec                       ( +-  6.52% )  (64.75%)
           126,791      cpu_atom/branch-misses/          #    0.44% of all branches             ( +-  1.59% )  (86.45%)
           132,643      cpu_core/branch-misses/          #    0.46% of all branches             ( +-  6.91% )  (64.75%)
             TopdownL1 (cpu_core)                 #     73.4 %  tma_backend_bound      
                                                  #      0.8 %  tma_bad_speculation    
                                                  #      1.6 %  tma_frontend_bound     
                                                  #     24.1 %  tma_retiring             ( +-  6.50% )  (64.75%)
             TopdownL1 (cpu_atom)                 #      1.0 %  tma_bad_speculation    
                                                  #     22.3 %  tma_retiring             ( +-  1.66% )  (86.83%)
                                                  #     75.5 %  tma_backend_bound      
                                                  #     75.5 %  tma_backend_bound_aux  
                                                  #      1.2 %  tma_frontend_bound       ( +-  1.78% )  (86.83%)

           0.09569 +- 0.00191 seconds time elapsed  ( +-  2.00% )


 Performance counter stats for './mandelbrot_pth -2.5 1.5 -2.0 2.0 2048' (10 runs):

          1,584.74 msec task-clock                       #    4.442 CPUs utilized               ( +-  0.66% )
                29      context-switches                 #   18.300 /sec                        ( +-  5.13% )
                13      cpu-migrations                   #    8.203 /sec                        ( +-  4.93% )
               109      page-faults                      #   68.781 /sec                        ( +-  0.20% )
     1,195,520,944      cpu_atom/cycles/                 #    0.754 GHz                         ( +-  2.05% )  (72.84%)
     1,697,026,903      cpu_core/cycles/                 #    1.071 GHz                         ( +-  7.01% )  (50.73%)
     1,324,341,060      cpu_atom/instructions/           #    1.11  insn per cycle              ( +-  1.85% )  (85.34%)
     2,400,465,775      cpu_core/instructions/           #    2.01  insn per cycle              ( +-  7.07% )  (50.73%)
       104,779,530      cpu_atom/branches/               #   66.118 M/sec                       ( +-  1.74% )  (85.64%)
       181,995,995      cpu_core/branches/               #  114.843 M/sec                       ( +-  7.03% )  (50.73%)
           320,958      cpu_atom/branch-misses/          #    0.31% of all branches             ( +-  1.94% )  (85.97%)
           532,280      cpu_core/branch-misses/          #    0.51% of all branches             ( +-  7.25% )  (50.73%)
             TopdownL1 (cpu_core)                 #     74.0 %  tma_backend_bound      
                                                  #      0.7 %  tma_bad_speculation    
                                                  #      1.1 %  tma_frontend_bound     
                                                  #     24.1 %  tma_retiring             ( +-  7.11% )  (50.73%)
             TopdownL1 (cpu_atom)                 #      1.0 %  tma_bad_speculation    
                                                  #     22.3 %  tma_retiring             ( +-  1.82% )  (86.34%)
                                                  #     76.2 %  tma_backend_bound      
                                                  #     76.2 %  tma_backend_bound_aux  
                                                  #      0.4 %  tma_frontend_bound       ( +-  2.01% )  (86.43%)

           0.35674 +- 0.00357 seconds time elapsed  ( +-  1.00% )

