
 Performance counter stats for './mandelbrot_pth -0.8 -0.7 0.05 0.15 16' (10 runs):

              3.72 msec task-clock                       #    1.466 CPUs utilized               ( +-  2.16% )
                 9      context-switches                 #    2.419 K/sec                       ( +- 13.07% )
                 1      cpu-migrations                   #  268.804 /sec                        ( +- 55.88% )
               109      page-faults                      #   29.300 K/sec                       ( +-  0.27% )
         4,712,378      cpu_atom/cycles/                 #    1.267 GHz                         ( +-  2.89% )  (45.24%)
         3,007,251      cpu_core/cycles/                 #    0.808 GHz                         ( +-  5.58% )  (96.83%)
         3,812,627      cpu_atom/instructions/           #    0.81  insn per cycle              ( +-  2.81% )  (49.65%)
         3,712,609      cpu_core/instructions/           #    0.79  insn per cycle              ( +-  3.68% )  (96.83%)
           500,489      cpu_atom/branches/               #  134.534 M/sec                       ( +-  5.25% )  (49.65%)
           669,078      cpu_core/branches/               #  179.851 M/sec                       ( +-  3.43% )  (96.83%)
            14,028      cpu_atom/branch-misses/          #    2.80% of all branches             ( +-  5.90% )  (49.65%)
            11,782      cpu_core/branch-misses/          #    2.35% of all branches             ( +- 11.67% )  (96.83%)
             TopdownL1 (cpu_core)                 #     33.9 %  tma_backend_bound      
                                                  #      7.4 %  tma_bad_speculation    
                                                  #     35.1 %  tma_frontend_bound     
                                                  #     23.5 %  tma_retiring             ( +-  5.58% )  (96.83%)
             TopdownL1 (cpu_atom)                 #     30.5 %  tma_bad_speculation    
                                                  #     17.7 %  tma_retiring             ( +-  4.08% )  (49.65%)
                                                  #     22.7 %  tma_backend_bound      
                                                  #     22.7 %  tma_backend_bound_aux  
                                                  #     29.0 %  tma_frontend_bound       ( +-  2.19% )  (49.65%)

         0.0025372 +- 0.0000797 seconds time elapsed  ( +-  3.14% )


 Performance counter stats for './mandelbrot_pth -0.8 -0.7 0.05 0.15 32' (10 runs):

              6.71 msec task-clock                       #    2.113 CPUs utilized               ( +-  1.25% )
                14      context-switches                 #    2.086 K/sec                       ( +-  7.32% )
                 1      cpu-migrations                   #  148.985 /sec                        ( +- 37.12% )
               109      page-faults                      #   16.239 K/sec                       ( +-  0.37% )
         6,622,752      cpu_atom/cycles/                 #    0.987 GHz                         ( +-  3.87% )  (16.15%)
         4,023,540      cpu_core/cycles/                 #    0.599 GHz                         ( +-  3.20% )  (15.57%)
         6,305,708      cpu_atom/instructions/           #    0.95  insn per cycle              ( +-  4.89% )  (71.50%)
         4,905,529      cpu_core/instructions/           #    0.74  insn per cycle              ( +-  4.45% )  (15.57%)
           996,904      cpu_atom/branches/               #  148.524 M/sec                       ( +-  4.81% )  (95.01%)
           612,282      cpu_core/branches/               #   91.221 M/sec                       ( +- 10.04% )  (15.57%)
            20,813      cpu_atom/branch-misses/          #    2.09% of all branches             ( +-  6.56% )  (96.94%)
            10,603      cpu_core/branch-misses/          #    1.06% of all branches             ( +-  8.54% )  (15.57%)
             TopdownL1 (cpu_core)                 #     53.0 %  tma_backend_bound      
                                                  #      4.7 %  tma_bad_speculation    
                                                  #     21.0 %  tma_frontend_bound     
                                                  #     21.3 %  tma_retiring             ( +-  3.30% )  (15.57%)
             TopdownL1 (cpu_atom)                 #      6.0 %  tma_bad_speculation    
                                                  #     20.7 %  tma_retiring             ( +-  3.26% )  (96.94%)
                                                  #     52.3 %  tma_backend_bound      
                                                  #     52.3 %  tma_backend_bound_aux  
                                                  #     21.0 %  tma_frontend_bound       ( +-  2.01% )  (96.94%)

         0.0031759 +- 0.0000686 seconds time elapsed  ( +-  2.16% )


 Performance counter stats for './mandelbrot_pth -0.8 -0.7 0.05 0.15 64' (10 runs):

             17.51 msec task-clock                       #    4.247 CPUs utilized               ( +-  2.35% )
                22      context-switches                 #    1.256 K/sec                       ( +-  9.24% )
                13      cpu-migrations                   #  742.377 /sec                        ( +-  8.96% )
               109      page-faults                      #    6.225 K/sec                       ( +-  0.54% )
        15,831,382      cpu_atom/cycles/                 #    0.904 GHz                         ( +-  4.07% )  (52.60%)
        10,767,052      cpu_core/cycles/                 #    0.615 GHz                         ( +-  5.82% )  (79.35%)
        15,295,185      cpu_atom/instructions/           #    0.97  insn per cycle              ( +-  4.23% )  (79.08%)
        12,137,415      cpu_core/instructions/           #    0.77  insn per cycle              ( +-  6.04% )  (79.35%)
         1,642,867      cpu_atom/branches/               #   93.817 M/sec                       ( +-  3.39% )  (79.96%)
         1,196,210      cpu_core/branches/               #   68.311 M/sec                       ( +-  7.35% )  (79.35%)
            24,095      cpu_atom/branch-misses/          #    1.47% of all branches             ( +-  9.26% )  (79.96%)
            15,458      cpu_core/branch-misses/          #    0.94% of all branches             ( +- 14.67% )  (79.35%)
             TopdownL1 (cpu_core)                 #     46.7 %  tma_backend_bound      
                                                  #      4.9 %  tma_bad_speculation    
                                                  #     20.3 %  tma_frontend_bound     
                                                  #     28.1 %  tma_retiring             ( +-  6.95% )  (79.35%)
             TopdownL1 (cpu_atom)                 #      4.0 %  tma_bad_speculation    
                                                  #     19.7 %  tma_retiring             ( +-  2.35% )  (79.96%)
                                                  #     66.9 %  tma_backend_bound      
                                                  #     66.9 %  tma_backend_bound_aux  
                                                  #      9.4 %  tma_frontend_bound       ( +-  1.75% )  (79.96%)

          0.004123 +- 0.000169 seconds time elapsed  ( +-  4.10% )


 Performance counter stats for './mandelbrot_pth -0.8 -0.7 0.05 0.15 128' (10 runs):

             59.03 msec task-clock                       #    6.592 CPUs utilized               ( +-  2.10% )
                20      context-switches                 #  338.836 /sec                        ( +-  6.77% )
                12      cpu-migrations                   #  203.301 /sec                        ( +-  5.34% )
               109      page-faults                      #    1.847 K/sec                       ( +-  0.80% )
        58,572,158      cpu_atom/cycles/                 #    0.992 GHz                         ( +-  1.28% )  (40.36%)
        30,676,223      cpu_core/cycles/                 #    0.520 GHz                         ( +-  2.65% )  (92.45%)
        57,396,363      cpu_atom/instructions/           #    0.98  insn per cycle              ( +-  1.31% )  (61.81%)
        34,542,077      cpu_core/instructions/           #    0.59  insn per cycle              ( +-  2.80% )  (92.45%)
         4,562,972      cpu_atom/branches/               #   77.305 M/sec                       ( +-  1.35% )  (62.78%)
         2,987,637      cpu_core/branches/               #   50.616 M/sec                       ( +-  2.88% )  (92.45%)
            26,455      cpu_atom/branch-misses/          #    0.58% of all branches             ( +-  5.12% )  (72.57%)
            23,457      cpu_core/branch-misses/          #    0.51% of all branches             ( +-  2.89% )  (92.45%)
             TopdownL1 (cpu_core)                 #     44.9 %  tma_backend_bound      
                                                  #      4.2 %  tma_bad_speculation    
                                                  #     19.6 %  tma_frontend_bound     
                                                  #     31.3 %  tma_retiring             ( +-  2.97% )  (92.45%)
             TopdownL1 (cpu_atom)                 #      0.6 %  tma_bad_speculation    
                                                  #     19.5 %  tma_retiring             ( +-  1.24% )  (79.38%)
                                                  #     78.0 %  tma_backend_bound      
                                                  #     78.0 %  tma_backend_bound_aux  
                                                  #      2.0 %  tma_frontend_bound       ( +-  1.35% )  (79.43%)

          0.008954 +- 0.000138 seconds time elapsed  ( +-  1.54% )


 Performance counter stats for './mandelbrot_pth -0.8 -0.7 0.05 0.15 256' (10 runs):

            249.36 msec task-clock                       #    9.028 CPUs utilized               ( +-  0.71% )
                30      context-switches                 #  120.306 /sec                        ( +-  4.61% )
                 8      cpu-migrations                   #   32.082 /sec                        ( +-  4.66% )
               109      page-faults                      #  437.111 /sec                        ( +-  0.33% )
       218,254,432      cpu_atom/cycles/                 #    0.875 GHz                         ( +-  1.44% )  (62.36%)
       110,104,063      cpu_core/cycles/                 #    0.442 GHz                         ( +-  6.15% )  (92.11%)
       215,400,725      cpu_atom/instructions/           #    0.99  insn per cycle              ( +-  1.49% )  (75.64%)
       122,270,748      cpu_core/instructions/           #    0.56  insn per cycle              ( +-  6.48% )  (92.11%)
        16,281,423      cpu_atom/branches/               #   65.292 M/sec                       ( +-  1.48% )  (78.08%)
         9,613,335      cpu_core/branches/               #   38.551 M/sec                       ( +-  6.03% )  (92.11%)
            62,714      cpu_atom/branch-misses/          #    0.39% of all branches             ( +-  2.25% )  (78.35%)
            48,139      cpu_core/branch-misses/          #    0.30% of all branches             ( +-  3.37% )  (92.11%)
             TopdownL1 (cpu_core)                 #     43.9 %  tma_backend_bound      
                                                  #      3.8 %  tma_bad_speculation    
                                                  #     19.4 %  tma_frontend_bound     
                                                  #     32.9 %  tma_retiring             ( +-  7.09% )  (92.11%)
             TopdownL1 (cpu_atom)                 #      0.9 %  tma_bad_speculation    
                                                  #     19.6 %  tma_retiring             ( +-  1.53% )  (78.45%)
                                                  #     78.8 %  tma_backend_bound      
                                                  #     78.8 %  tma_backend_bound_aux  
                                                  #      0.6 %  tma_frontend_bound       ( +-  1.53% )  (78.41%)

          0.027622 +- 0.000298 seconds time elapsed  ( +-  1.08% )


 Performance counter stats for './mandelbrot_pth -0.8 -0.7 0.05 0.15 512' (10 runs):

          1,003.22 msec task-clock                       #    9.832 CPUs utilized               ( +-  0.22% )
                78      context-switches                 #   77.749 /sec                        ( +-  6.70% )
                10      cpu-migrations                   #    9.968 /sec                        ( +-  5.77% )
               108      page-faults                      #  107.653 /sec                        ( +-  0.28% )
       872,668,426      cpu_atom/cycles/                 #    0.870 GHz                         ( +-  1.94% )  (59.17%)
       467,556,266      cpu_core/cycles/                 #    0.466 GHz                         ( +-  5.83% )  (93.06%)
       858,872,847      cpu_atom/instructions/           #    0.98  insn per cycle              ( +-  1.92% )  (69.56%)
       527,016,750      cpu_core/instructions/           #    0.60  insn per cycle              ( +-  6.23% )  (93.06%)
        64,676,338      cpu_atom/branches/               #   64.469 M/sec                       ( +-  1.83% )  (69.61%)
        39,825,044      cpu_core/branches/               #   39.697 M/sec                       ( +-  6.05% )  (93.06%)
           208,160      cpu_atom/branch-misses/          #    0.32% of all branches             ( +-  1.11% )  (69.82%)
           137,871      cpu_core/branch-misses/          #    0.21% of all branches             ( +-  4.02% )  (93.06%)
             TopdownL1 (cpu_core)                 #     47.7 %  tma_backend_bound      
                                                  #      3.2 %  tma_bad_speculation    
                                                  #     16.8 %  tma_frontend_bound     
                                                  #     32.3 %  tma_retiring             ( +-  7.07% )  (93.06%)
             TopdownL1 (cpu_atom)                 #      0.8 %  tma_bad_speculation    
                                                  #     19.7 %  tma_retiring             ( +-  1.90% )  (69.84%)
                                                  #     79.2 %  tma_backend_bound      
                                                  #     79.2 %  tma_backend_bound_aux  
                                                  #      0.4 %  tma_frontend_bound       ( +-  1.92% )  (70.15%)

           0.10204 +- 0.00107 seconds time elapsed  ( +-  1.05% )


 Performance counter stats for './mandelbrot_pth -0.8 -0.7 0.05 0.15 1024' (10 runs):

          4,010.80 msec task-clock                       #    9.880 CPUs utilized               ( +-  0.29% )
               342      context-switches                 #   85.270 /sec                        ( +-  9.57% )
                11      cpu-migrations                   #    2.743 /sec                        ( +-  8.36% )
               108      page-faults                      #   26.927 /sec                        ( +-  0.15% )
     3,246,983,712      cpu_atom/cycles/                 #    0.810 GHz                         ( +-  1.53% )  (72.46%)
     2,178,368,519      cpu_core/cycles/                 #    0.543 GHz                         ( +-  7.41% )  (71.43%)
     3,191,647,686      cpu_atom/instructions/           #    0.98  insn per cycle              ( +-  1.51% )  (84.46%)
     2,459,374,282      cpu_core/instructions/           #    0.76  insn per cycle              ( +-  7.66% )  (71.43%)
       239,658,367      cpu_atom/branches/               #   59.753 M/sec                       ( +-  1.49% )  (84.49%)
       184,364,781      cpu_core/branches/               #   45.967 M/sec                       ( +-  7.61% )  (71.43%)
           715,023      cpu_atom/branch-misses/          #    0.30% of all branches             ( +-  1.23% )  (84.53%)
           557,861      cpu_core/branch-misses/          #    0.23% of all branches             ( +-  6.66% )  (71.43%)
             TopdownL1 (cpu_core)                 #     47.9 %  tma_backend_bound      
                                                  #      3.0 %  tma_bad_speculation    
                                                  #     16.6 %  tma_frontend_bound     
                                                  #     32.4 %  tma_retiring             ( +-  8.13% )  (71.43%)
             TopdownL1 (cpu_atom)                 #      0.7 %  tma_bad_speculation    
                                                  #     19.7 %  tma_retiring             ( +-  1.50% )  (84.63%)
                                                  #     79.3 %  tma_backend_bound      
                                                  #     79.3 %  tma_backend_bound_aux  
                                                  #      0.3 %  tma_frontend_bound       ( +-  1.52% )  (84.73%)

           0.40596 +- 0.00403 seconds time elapsed  ( +-  0.99% )


 Performance counter stats for './mandelbrot_pth -0.8 -0.7 0.05 0.15 2048' (10 runs):

         16,250.45 msec task-clock                       #   10.372 CPUs utilized               ( +-  1.11% )
             1,308      context-switches                 #   80.490 /sec                        ( +-  2.98% )
                26      cpu-migrations                   #    1.600 /sec                        ( +-  7.87% )
               108      page-faults                      #    6.646 /sec                        ( +-  0.29% )
    13,281,075,490      cpu_atom/cycles/                 #    0.817 GHz                         ( +-  3.50% )  (67.33%)
    10,717,503,235      cpu_core/cycles/                 #    0.660 GHz                         ( +-  5.62% )  (64.15%)
    13,067,196,235      cpu_atom/instructions/           #    0.98  insn per cycle              ( +-  3.49% )  (78.59%)
    12,043,543,191      cpu_core/instructions/           #    0.91  insn per cycle              ( +-  5.82% )  (64.15%)
       979,967,991      cpu_atom/branches/               #   60.304 M/sec                       ( +-  3.48% )  (78.57%)
       901,772,607      cpu_core/branches/               #   55.492 M/sec                       ( +-  5.79% )  (64.15%)
         2,767,528      cpu_atom/branch-misses/          #    0.28% of all branches             ( +-  3.24% )  (78.60%)
         2,627,665      cpu_core/branch-misses/          #    0.27% of all branches             ( +-  4.55% )  (64.15%)
             TopdownL1 (cpu_core)                 #     47.1 %  tma_backend_bound      
                                                  #      3.1 %  tma_bad_speculation    
                                                  #     17.1 %  tma_frontend_bound     
                                                  #     32.6 %  tma_retiring             ( +-  6.28% )  (64.15%)
             TopdownL1 (cpu_atom)                 #      0.7 %  tma_bad_speculation    
                                                  #     19.7 %  tma_retiring             ( +-  3.49% )  (78.65%)
                                                  #     79.4 %  tma_backend_bound      
                                                  #     79.4 %  tma_backend_bound_aux  
                                                  #      0.2 %  tma_frontend_bound       ( +-  3.50% )  (78.68%)

            1.5667 +- 0.0182 seconds time elapsed  ( +-  1.16% )

