
 Performance counter stats for './mandelbrot_pth -0.188 -0.012 0.554 0.754 16' (10 runs):

              4.24 msec task-clock                       #    1.428 CPUs utilized               ( +-  2.37% )
                12      context-switches                 #    2.832 K/sec                       ( +-  6.89% )
                 0      cpu-migrations                   #    0.000 /sec                      
               108      page-faults                      #   25.492 K/sec                       ( +-  0.23% )
         5,082,054      cpu_atom/cycles/                 #    1.200 GHz                         ( +-  4.46% )  (4.01%)
           988,210      cpu_core/cycles/                 #    0.233 GHz                         ( +- 51.99% )  (11.14%)
         4,892,267      cpu_atom/instructions/           #    0.96  insn per cycle              ( +-  4.76% )  (54.50%)
         1,026,748      cpu_core/instructions/           #    0.20  insn per cycle              ( +- 51.26% )  (11.14%)
           839,739      cpu_atom/branches/               #  198.211 M/sec                       ( +-  5.50% )
           166,529      cpu_core/branches/               #   39.307 M/sec                       ( +- 53.94% )  (11.14%)
            20,766      cpu_atom/branch-misses/          #    2.47% of all branches             ( +-  5.57% )
             2,976      cpu_core/branch-misses/          #    0.35% of all branches             ( +- 51.59% )  (11.14%)
             TopdownL1 (cpu_core)                 #     51.0 %  tma_backend_bound      
                                                  #      6.7 %  tma_bad_speculation    
                                                  #     23.3 %  tma_frontend_bound     
                                                  #     19.0 %  tma_retiring             ( +- 52.01% )  (11.14%)
             TopdownL1 (cpu_atom)                 #     14.2 %  tma_bad_speculation    
                                                  #     21.8 %  tma_retiring             ( +-  4.55% )
                                                  #     33.9 %  tma_backend_bound      
                                                  #     33.9 %  tma_backend_bound_aux  
                                                  #     30.2 %  tma_frontend_bound       ( +-  2.93% )

         0.0029662 +- 0.0000966 seconds time elapsed  ( +-  3.26% )


 Performance counter stats for './mandelbrot_pth -0.188 -0.012 0.554 0.754 32' (10 runs):

              7.14 msec task-clock                       #    2.215 CPUs utilized               ( +-  1.48% )
                16      context-switches                 #    2.240 K/sec                       ( +-  6.40% )
                 0      cpu-migrations                   #    0.000 /sec                      
               109      page-faults                      #   15.258 K/sec                       ( +-  0.57% )
         7,608,943      cpu_atom/cycles/                 #    1.065 GHz                         ( +-  4.12% )  (47.01%)
         3,995,513      cpu_core/cycles/                 #    0.559 GHz                         ( +-  2.90% )  (95.67%)
         7,575,672      cpu_atom/instructions/           #    1.00  insn per cycle              ( +-  4.04% )  (69.86%)
         4,681,950      cpu_core/instructions/           #    0.62  insn per cycle              ( +-  2.38% )  (95.67%)
         1,030,206      cpu_atom/branches/               #  144.208 M/sec                       ( +-  6.41% )  (69.86%)
           515,537      cpu_core/branches/               #   72.165 M/sec                       ( +-  9.42% )  (95.67%)
            20,735      cpu_atom/branch-misses/          #    2.01% of all branches             ( +-  8.82% )  (69.86%)
             9,932      cpu_core/branch-misses/          #    0.96% of all branches             ( +- 10.00% )  (95.67%)
             TopdownL1 (cpu_core)                 #     54.4 %  tma_backend_bound      
                                                  #      4.2 %  tma_bad_speculation    
                                                  #     20.5 %  tma_frontend_bound     
                                                  #     21.0 %  tma_retiring             ( +-  4.03% )  (95.67%)
             TopdownL1 (cpu_atom)                 #     11.5 %  tma_bad_speculation    
                                                  #     20.4 %  tma_retiring             ( +-  3.91% )  (69.86%)
                                                  #     49.0 %  tma_backend_bound      
                                                  #     49.0 %  tma_backend_bound_aux  
                                                  #     19.1 %  tma_frontend_bound       ( +-  2.00% )  (69.86%)

          0.003226 +- 0.000105 seconds time elapsed  ( +-  3.25% )


 Performance counter stats for './mandelbrot_pth -0.188 -0.012 0.554 0.754 64' (10 runs):

             19.16 msec task-clock                       #    4.204 CPUs utilized               ( +-  2.14% )
                24      context-switches                 #    1.253 K/sec                       ( +-  9.19% )
                14      cpu-migrations                   #  730.686 /sec                        ( +- 13.13% )
               110      page-faults                      #    5.741 K/sec                       ( +-  0.61% )
        18,949,961      cpu_atom/cycles/                 #    0.989 GHz                         ( +-  3.45% )  (21.12%)
        12,742,411      cpu_core/cycles/                 #    0.665 GHz                         ( +-  6.82% )  (44.04%)
        17,427,134      cpu_atom/instructions/           #    0.92  insn per cycle              ( +-  3.53% )  (49.89%)
        14,658,072      cpu_core/instructions/           #    0.77  insn per cycle              ( +-  7.24% )  (44.04%)
         1,901,286      cpu_atom/branches/               #   99.232 M/sec                       ( +-  3.49% )  (75.49%)
         1,336,008      cpu_core/branches/               #   69.729 M/sec                       ( +-  7.33% )  (44.04%)
            27,019      cpu_atom/branch-misses/          #    1.42% of all branches             ( +-  9.41% )  (81.52%)
            14,266      cpu_core/branch-misses/          #    0.75% of all branches             ( +- 15.78% )  (44.04%)
             TopdownL1 (cpu_core)                 #     53.0 %  tma_backend_bound      
                                                  #      3.7 %  tma_bad_speculation    
                                                  #     16.0 %  tma_frontend_bound     
                                                  #     27.2 %  tma_retiring             ( +-  8.08% )  (44.04%)
             TopdownL1 (cpu_atom)                 #      2.9 %  tma_bad_speculation    
                                                  #     19.8 %  tma_retiring             ( +-  2.57% )  (81.52%)
                                                  #     67.4 %  tma_backend_bound      
                                                  #     67.4 %  tma_backend_bound_aux  
                                                  #      9.8 %  tma_frontend_bound       ( +-  2.26% )  (81.52%)

          0.004557 +- 0.000193 seconds time elapsed  ( +-  4.24% )


 Performance counter stats for './mandelbrot_pth -0.188 -0.012 0.554 0.754 128' (10 runs):

             66.80 msec task-clock                       #    6.161 CPUs utilized               ( +-  2.04% )
                20      context-switches                 #  299.411 /sec                        ( +-  7.13% )
                10      cpu-migrations                   #  149.705 /sec                        ( +-  8.85% )
               108      page-faults                      #    1.617 K/sec                       ( +-  0.25% )
        63,666,190      cpu_atom/cycles/                 #    0.953 GHz                         ( +-  3.16% )  (44.42%)
        42,477,971      cpu_core/cycles/                 #    0.636 GHz                         ( +-  9.12% )  (77.74%)
        61,689,567      cpu_atom/instructions/           #    0.97  insn per cycle              ( +-  3.14% )  (65.03%)
        48,858,789      cpu_core/instructions/           #    0.77  insn per cycle              ( +-  9.63% )  (77.74%)
         5,006,329      cpu_atom/branches/               #   74.947 M/sec                       ( +-  2.60% )  (65.18%)
         3,993,763      cpu_core/branches/               #   59.789 M/sec                       ( +-  8.63% )  (77.74%)
            34,057      cpu_atom/branch-misses/          #    0.68% of all branches             ( +-  4.62% )  (73.63%)
            26,050      cpu_core/branch-misses/          #    0.52% of all branches             ( +-  8.09% )  (77.74%)
             TopdownL1 (cpu_core)                 #     50.7 %  tma_backend_bound      
                                                  #      3.3 %  tma_bad_speculation    
                                                  #     15.8 %  tma_frontend_bound     
                                                  #     30.2 %  tma_retiring             ( +- 10.76% )  (77.74%)
             TopdownL1 (cpu_atom)                 #     -0.4 %  tma_bad_speculation    
                                                  #     19.7 %  tma_retiring             ( +-  2.89% )  (82.02%)
                                                  #     78.0 %  tma_backend_bound      
                                                  #     78.0 %  tma_backend_bound_aux  
                                                  #      2.6 %  tma_frontend_bound       ( +-  2.76% )  (82.35%)

          0.010842 +- 0.000158 seconds time elapsed  ( +-  1.46% )


 Performance counter stats for './mandelbrot_pth -0.188 -0.012 0.554 0.754 256' (10 runs):

            283.00 msec task-clock                       #    8.575 CPUs utilized               ( +-  0.35% )
                35      context-switches                 #  123.675 /sec                        ( +-  3.11% )
                11      cpu-migrations                   #   38.869 /sec                        ( +-  5.29% )
               108      page-faults                      #  381.625 /sec                        ( +-  0.30% )
       246,740,407      cpu_atom/cycles/                 #    0.872 GHz                         ( +-  1.76% )  (72.34%)
       164,421,160      cpu_core/cycles/                 #    0.581 GHz                         ( +-  5.73% )  (43.26%)
       240,438,862      cpu_atom/instructions/           #    0.97  insn per cycle              ( +-  1.95% )  (84.54%)
       189,448,317      cpu_core/instructions/           #    0.77  insn per cycle              ( +-  6.02% )  (43.26%)
        18,553,697      cpu_atom/branches/               #   65.561 M/sec                       ( +-  1.77% )  (84.95%)
        14,433,159      cpu_core/branches/               #   51.001 M/sec                       ( +-  5.98% )  (43.26%)
            79,449      cpu_atom/branch-misses/          #    0.43% of all branches             ( +-  2.18% )  (85.20%)
            57,562      cpu_core/branch-misses/          #    0.31% of all branches             ( +-  6.05% )  (43.26%)
             TopdownL1 (cpu_core)                 #     52.4 %  tma_backend_bound      
                                                  #      2.7 %  tma_bad_speculation    
                                                  #     14.3 %  tma_frontend_bound     
                                                  #     30.6 %  tma_retiring             ( +-  6.69% )  (43.26%)
             TopdownL1 (cpu_atom)                 #      0.9 %  tma_bad_speculation    
                                                  #     19.6 %  tma_retiring             ( +-  1.75% )  (86.58%)
                                                  #     78.4 %  tma_backend_bound      
                                                  #     78.4 %  tma_backend_bound_aux  
                                                  #      1.1 %  tma_frontend_bound       ( +-  1.74% )  (86.89%)

          0.033002 +- 0.000395 seconds time elapsed  ( +-  1.20% )


 Performance counter stats for './mandelbrot_pth -0.188 -0.012 0.554 0.754 512' (10 runs):

          1,139.10 msec task-clock                       #    9.709 CPUs utilized               ( +-  0.22% )
                87      context-switches                 #   76.376 /sec                        ( +-  6.89% )
                12      cpu-migrations                   #   10.535 /sec                        ( +-  7.18% )
               108      page-faults                      #   94.811 /sec                        ( +-  0.30% )
       973,450,963      cpu_atom/cycles/                 #    0.855 GHz                         ( +-  1.38% )  (65.91%)
       571,420,139      cpu_core/cycles/                 #    0.502 GHz                         ( +-  7.17% )  (80.63%)
       956,361,000      cpu_atom/instructions/           #    0.98  insn per cycle              ( +-  1.44% )  (77.79%)
       646,873,496      cpu_core/instructions/           #    0.66  insn per cycle              ( +-  7.95% )  (80.63%)
        71,911,124      cpu_atom/branches/               #   63.130 M/sec                       ( +-  1.43% )  (78.03%)
        48,791,254      cpu_core/branches/               #   42.833 M/sec                       ( +-  7.81% )  (80.63%)
           225,982      cpu_atom/branch-misses/          #    0.31% of all branches             ( +-  0.97% )  (78.07%)
           159,964      cpu_core/branch-misses/          #    0.22% of all branches             ( +-  6.42% )  (80.63%)
             TopdownL1 (cpu_core)                 #     49.1 %  tma_backend_bound      
                                                  #      3.0 %  tma_bad_speculation    
                                                  #     16.2 %  tma_frontend_bound     
                                                  #     31.8 %  tma_retiring             ( +-  9.49% )  (80.63%)
             TopdownL1 (cpu_atom)                 #      0.8 %  tma_bad_speculation    
                                                  #     19.6 %  tma_retiring             ( +-  1.45% )  (78.22%)
                                                  #     79.3 %  tma_backend_bound      
                                                  #     79.3 %  tma_backend_bound_aux  
                                                  #      0.4 %  tma_frontend_bound       ( +-  1.46% )  (78.32%)

          0.117327 +- 0.000642 seconds time elapsed  ( +-  0.55% )


 Performance counter stats for './mandelbrot_pth -0.188 -0.012 0.554 0.754 1024' (10 runs):

          4,540.73 msec task-clock                       #    9.976 CPUs utilized               ( +-  0.11% )
               285      context-switches                 #   62.765 /sec                        ( +-  5.19% )
                11      cpu-migrations                   #    2.423 /sec                        ( +-  4.33% )
               108      page-faults                      #   23.785 /sec                        ( +-  0.28% )
     3,663,612,587      cpu_atom/cycles/                 #    0.807 GHz                         ( +-  1.97% )  (74.77%)
     2,669,969,724      cpu_core/cycles/                 #    0.588 GHz                         ( +-  6.17% )  (49.38%)
     3,595,785,749      cpu_atom/instructions/           #    0.98  insn per cycle              ( +-  1.98% )  (87.39%)
     3,032,139,630      cpu_core/instructions/           #    0.83  insn per cycle              ( +-  6.27% )  (49.38%)
       269,757,931      cpu_atom/branches/               #   59.409 M/sec                       ( +-  1.97% )  (87.39%)
       226,954,596      cpu_core/branches/               #   49.982 M/sec                       ( +-  6.25% )  (49.38%)
           782,230      cpu_atom/branch-misses/          #    0.29% of all branches             ( +-  1.74% )  (87.49%)
           646,106      cpu_core/branch-misses/          #    0.24% of all branches             ( +-  6.08% )  (49.38%)
             TopdownL1 (cpu_core)                 #     49.6 %  tma_backend_bound      
                                                  #      2.8 %  tma_bad_speculation    
                                                  #     15.7 %  tma_frontend_bound     
                                                  #     31.8 %  tma_retiring             ( +-  6.46% )  (49.38%)
             TopdownL1 (cpu_atom)                 #      0.6 %  tma_bad_speculation    
                                                  #     19.7 %  tma_retiring             ( +-  1.98% )  (87.55%)
                                                  #     79.5 %  tma_backend_bound      
                                                  #     79.5 %  tma_backend_bound_aux  
                                                  #      0.2 %  tma_frontend_bound       ( +-  1.97% )  (87.62%)

           0.45519 +- 0.00272 seconds time elapsed  ( +-  0.60% )


 Performance counter stats for './mandelbrot_pth -0.188 -0.012 0.554 0.754 2048' (10 runs):

         18,373.67 msec task-clock                       #   10.485 CPUs utilized               ( +-  0.21% )
             1,209      context-switches                 #   65.801 /sec                        ( +-  3.48% )
                27      cpu-migrations                   #    1.469 /sec                        ( +-  6.39% )
               108      page-faults                      #    5.878 /sec                        ( +-  0.15% )
    15,615,848,289      cpu_atom/cycles/                 #    0.850 GHz                         ( +-  1.87% )  (62.12%)
    11,628,424,267      cpu_core/cycles/                 #    0.633 GHz                         ( +-  5.45% )  (69.43%)
    15,333,618,044      cpu_atom/instructions/           #    0.98  insn per cycle              ( +-  1.88% )  (72.51%)
    13,144,299,586      cpu_core/instructions/           #    0.84  insn per cycle              ( +-  5.77% )  (69.43%)
     1,148,745,050      cpu_atom/branches/               #   62.521 M/sec                       ( +-  1.87% )  (72.53%)
       983,318,007      cpu_core/branches/               #   53.518 M/sec                       ( +-  5.76% )  (69.43%)
         3,198,872      cpu_atom/branch-misses/          #    0.28% of all branches             ( +-  1.74% )  (72.53%)
         2,719,752      cpu_core/branch-misses/          #    0.24% of all branches             ( +-  5.66% )  (69.43%)
             TopdownL1 (cpu_core)                 #     48.6 %  tma_backend_bound      
                                                  #      2.9 %  tma_bad_speculation    
                                                  #     16.3 %  tma_frontend_bound     
                                                  #     32.2 %  tma_retiring             ( +-  6.51% )  (69.43%)
             TopdownL1 (cpu_atom)                 #      0.6 %  tma_bad_speculation    
                                                  #     19.7 %  tma_retiring             ( +-  1.88% )  (72.55%)
                                                  #     79.5 %  tma_backend_bound      
                                                  #     79.5 %  tma_backend_bound_aux  
                                                  #      0.2 %  tma_frontend_bound       ( +-  1.87% )  (72.55%)

            1.7524 +- 0.0122 seconds time elapsed  ( +-  0.69% )

