
 Performance counter stats for './mandelbrot_omp 0.175 0.375 -0.1 0.1 16' (10 runs):

              5.45 msec task-clock                       #    1.751 CPUs utilized               ( +-  3.50% )
                46      context-switches                 #    8.433 K/sec                       ( +-  2.57% )
                13      cpu-migrations                   #    2.383 K/sec                       ( +-  7.09% )
               117      page-faults                      #   21.450 K/sec                       ( +-  0.28% )
         6,252,139      cpu_atom/cycles/                 #    1.146 GHz                         ( +-  5.68% )  (7.30%)
         3,904,146      cpu_core/cycles/                 #    0.716 GHz                         ( +-  5.23% )  (30.10%)
         3,844,231      cpu_atom/instructions/           #    0.61  insn per cycle              ( +-  8.30% )  (85.96%)
         3,046,063      cpu_core/instructions/           #    0.49  insn per cycle              ( +-  9.66% )  (30.10%)
           682,784      cpu_atom/branches/               #  125.179 M/sec                       ( +-  9.24% )  (99.04%)
           478,221      cpu_core/branches/               #   87.675 M/sec                       ( +- 13.22% )  (30.10%)
            23,793      cpu_atom/branch-misses/          #    3.48% of all branches             ( +-  5.19% )  (99.04%)
            14,197      cpu_core/branch-misses/          #    2.08% of all branches             ( +-  4.15% )  (30.10%)
             TopdownL1 (cpu_core)                 #     40.7 %  tma_backend_bound      
                                                  #      7.3 %  tma_bad_speculation    
                                                  #     33.3 %  tma_frontend_bound     
                                                  #     18.7 %  tma_retiring             ( +-  7.09% )  (30.10%)
             TopdownL1 (cpu_atom)                 #      9.7 %  tma_bad_speculation    
                                                  #     18.4 %  tma_retiring             ( +-  7.70% )  (99.04%)
                                                  #     40.3 %  tma_backend_bound      
                                                  #     40.3 %  tma_backend_bound_aux  
                                                  #     31.6 %  tma_frontend_bound       ( +-  4.65% )  (99.04%)

         0.0031152 +- 0.0000861 seconds time elapsed  ( +-  2.76% )


 Performance counter stats for './mandelbrot_omp 0.175 0.375 -0.1 0.1 32' (10 runs):

              9.34 msec task-clock                       #    2.126 CPUs utilized               ( +-  5.60% )
                52      context-switches                 #    5.570 K/sec                       ( +-  2.82% )
                20      cpu-migrations                   #    2.142 K/sec                       ( +- 14.06% )
               117      page-faults                      #   12.532 K/sec                       ( +-  0.17% )
         9,605,083      cpu_atom/cycles/                 #    1.029 GHz                         ( +-  3.86% )  (12.47%)
         6,627,280      cpu_core/cycles/                 #    0.710 GHz                         ( +-  8.51% )  (74.27%)
         5,980,035      cpu_atom/instructions/           #    0.62  insn per cycle              ( +-  5.35% )  (74.38%)
         5,908,130      cpu_core/instructions/           #    0.62  insn per cycle              ( +-  7.07% )  (74.27%)
           958,917      cpu_atom/branches/               #  102.707 M/sec                       ( +-  6.37% )  (76.20%)
           740,618      cpu_core/branches/               #   79.326 M/sec                       ( +-  8.94% )  (74.27%)
            30,916      cpu_atom/branch-misses/          #    3.22% of all branches             ( +-  5.14% )  (76.20%)
            17,424      cpu_core/branch-misses/          #    1.82% of all branches             ( +-  8.36% )  (74.27%)
             TopdownL1 (cpu_core)                 #     45.1 %  tma_backend_bound      
                                                  #      6.3 %  tma_bad_speculation    
                                                  #     26.5 %  tma_frontend_bound     
                                                  #     22.1 %  tma_retiring             ( +-  6.37% )  (74.27%)
             TopdownL1 (cpu_atom)                 #      6.4 %  tma_bad_speculation    
                                                  #     18.1 %  tma_retiring             ( +-  5.56% )  (76.20%)
                                                  #     49.7 %  tma_backend_bound      
                                                  #     49.7 %  tma_backend_bound_aux  
                                                  #     25.7 %  tma_frontend_bound       ( +-  4.90% )  (76.20%)

          0.004392 +- 0.000244 seconds time elapsed  ( +-  5.55% )


 Performance counter stats for './mandelbrot_omp 0.175 0.375 -0.1 0.1 64' (10 runs):

             17.87 msec task-clock                       #    3.603 CPUs utilized               ( +-  3.25% )
                51      context-switches                 #    2.854 K/sec                       ( +-  3.45% )
                14      cpu-migrations                   #  783.544 /sec                        ( +- 11.00% )
               117      page-faults                      #    6.548 K/sec                       ( +-  0.23% )
        19,195,374      cpu_atom/cycles/                 #    1.074 GHz                         ( +-  3.57% )  (22.20%)
        11,182,532      cpu_core/cycles/                 #    0.626 GHz                         ( +-  6.25% )  (98.50%)
        13,957,338      cpu_atom/instructions/           #    0.73  insn per cycle              ( +-  4.79% )  (64.84%)
        12,098,092      cpu_core/instructions/           #    0.63  insn per cycle              ( +-  5.48% )  (98.50%)
         1,679,794      cpu_atom/branches/               #   94.014 M/sec                       ( +-  4.39% )  (78.12%)
         1,233,235      cpu_core/branches/               #   69.021 M/sec                       ( +-  6.08% )  (98.50%)
            33,347      cpu_atom/branch-misses/          #    1.99% of all branches             ( +-  6.28% )  (78.86%)
            17,036      cpu_core/branch-misses/          #    1.01% of all branches             ( +-  8.91% )  (98.50%)
             TopdownL1 (cpu_core)                 #     49.5 %  tma_backend_bound      
                                                  #      4.4 %  tma_bad_speculation    
                                                  #     19.8 %  tma_frontend_bound     
                                                  #     26.3 %  tma_retiring             ( +-  7.03% )  (98.50%)
             TopdownL1 (cpu_atom)                 #     -0.7 %  tma_bad_speculation    
                                                  #     18.7 %  tma_retiring             ( +-  3.38% )  (78.86%)
                                                  #     69.5 %  tma_backend_bound      
                                                  #     69.5 %  tma_backend_bound_aux  
                                                  #     12.5 %  tma_frontend_bound       ( +-  3.45% )  (78.86%)

          0.004959 +- 0.000202 seconds time elapsed  ( +-  4.08% )


 Performance counter stats for './mandelbrot_omp 0.175 0.375 -0.1 0.1 128' (10 runs):

             58.79 msec task-clock                       #    6.151 CPUs utilized               ( +-  2.67% )
                53      context-switches                 #  901.557 /sec                        ( +-  3.86% )
                17      cpu-migrations                   #  289.179 /sec                        ( +-  9.31% )
               117      page-faults                      #    1.990 K/sec                       ( +-  0.18% )
        59,919,451      cpu_atom/cycles/                 #    1.019 GHz                         ( +-  2.06% )  (44.65%)
        37,261,719      cpu_core/cycles/                 #    0.634 GHz                         ( +-  6.41% )  (57.66%)
        56,554,961      cpu_atom/instructions/           #    0.94  insn per cycle              ( +-  1.99% )  (62.28%)
        43,103,778      cpu_core/instructions/           #    0.72  insn per cycle              ( +-  6.91% )  (57.66%)
         4,610,683      cpu_atom/branches/               #   78.430 M/sec                       ( +-  1.74% )  (63.87%)
         3,721,374      cpu_core/branches/               #   63.302 M/sec                       ( +-  7.67% )  (57.66%)
            43,778      cpu_atom/branch-misses/          #    0.95% of all branches             ( +-  5.49% )  (66.96%)
            30,106      cpu_core/branch-misses/          #    0.65% of all branches             ( +- 11.31% )  (57.66%)
             TopdownL1 (cpu_core)                 #     45.1 %  tma_backend_bound      
                                                  #      4.0 %  tma_bad_speculation    
                                                  #     19.5 %  tma_frontend_bound     
                                                  #     31.3 %  tma_retiring             ( +-  7.96% )  (57.66%)
             TopdownL1 (cpu_atom)                 #      0.1 %  tma_bad_speculation    
                                                  #     19.4 %  tma_retiring             ( +-  2.02% )  (72.67%)
                                                  #     76.9 %  tma_backend_bound      
                                                  #     76.9 %  tma_backend_bound_aux  
                                                  #      3.6 %  tma_frontend_bound       ( +-  1.91% )  (76.53%)

          0.009557 +- 0.000293 seconds time elapsed  ( +-  3.07% )


 Performance counter stats for './mandelbrot_omp 0.175 0.375 -0.1 0.1 256' (10 runs):

            232.33 msec task-clock                       #    8.040 CPUs utilized               ( +-  0.89% )
                57      context-switches                 #  245.336 /sec                        ( +-  6.28% )
                18      cpu-migrations                   #   77.474 /sec                        ( +-  5.12% )
               117      page-faults                      #  503.584 /sec                        ( +-  0.23% )
       228,139,066      cpu_atom/cycles/                 #    0.982 GHz                         ( +-  1.80% )  (64.84%)
       134,452,843      cpu_core/cycles/                 #    0.579 GHz                         ( +-  3.82% )  (47.81%)
       222,380,971      cpu_atom/instructions/           #    0.97  insn per cycle              ( +-  1.92% )  (74.53%)
       153,266,509      cpu_core/instructions/           #    0.67  insn per cycle              ( +-  4.13% )  (47.81%)
        17,215,260      cpu_atom/branches/               #   74.097 M/sec                       ( +-  1.88% )  (73.44%)
        11,798,310      cpu_core/branches/               #   50.781 M/sec                       ( +-  4.03% )  (47.81%)
            92,737      cpu_atom/branch-misses/          #    0.54% of all branches             ( +-  2.60% )  (74.65%)
            49,865      cpu_core/branch-misses/          #    0.29% of all branches             ( +-  4.64% )  (47.81%)
             TopdownL1 (cpu_core)                 #     47.9 %  tma_backend_bound      
                                                  #      3.2 %  tma_bad_speculation    
                                                  #     17.0 %  tma_frontend_bound     
                                                  #     31.9 %  tma_retiring             ( +-  5.54% )  (47.81%)
             TopdownL1 (cpu_atom)                 #      1.0 %  tma_bad_speculation    
                                                  #     19.6 %  tma_retiring             ( +-  1.87% )  (74.85%)
                                                  #     77.7 %  tma_backend_bound      
                                                  #     77.7 %  tma_backend_bound_aux  
                                                  #      1.6 %  tma_frontend_bound       ( +-  1.86% )  (75.64%)

          0.028899 +- 0.000711 seconds time elapsed  ( +-  2.46% )


 Performance counter stats for './mandelbrot_omp 0.175 0.375 -0.1 0.1 512' (10 runs):

            934.45 msec task-clock                       #    9.436 CPUs utilized               ( +-  0.30% )
                75      context-switches                 #   80.261 /sec                        ( +-  5.92% )
                16      cpu-migrations                   #   17.122 /sec                        ( +-  2.95% )
               118      page-faults                      #  126.278 /sec                        ( +-  0.28% )
       914,071,804      cpu_atom/cycles/                 #    0.978 GHz                         ( +-  2.13% )  (65.33%)
       503,948,950      cpu_core/cycles/                 #    0.539 GHz                         ( +-  2.13% )  (62.32%)
       901,245,793      cpu_atom/instructions/           #    0.99  insn per cycle              ( +-  2.17% )  (76.51%)
       588,924,188      cpu_core/instructions/           #    0.64  insn per cycle              ( +-  2.62% )  (62.32%)
        68,234,317      cpu_atom/branches/               #   73.021 M/sec                       ( +-  2.16% )  (76.53%)
        44,711,756      cpu_core/branches/               #   47.848 M/sec                       ( +-  2.63% )  (62.32%)
           233,692      cpu_atom/branch-misses/          #    0.34% of all branches             ( +-  2.05% )  (76.53%)
           148,332      cpu_core/branch-misses/          #    0.22% of all branches             ( +-  2.88% )  (62.32%)
             TopdownL1 (cpu_core)                 #     46.0 %  tma_backend_bound      
                                                  #      3.1 %  tma_bad_speculation    
                                                  #     17.5 %  tma_frontend_bound     
                                                  #     33.3 %  tma_retiring             ( +-  2.53% )  (62.32%)
             TopdownL1 (cpu_atom)                 #      0.8 %  tma_bad_speculation    
                                                  #     19.7 %  tma_retiring             ( +-  2.18% )  (76.65%)
                                                  #     78.9 %  tma_backend_bound      
                                                  #     78.9 %  tma_backend_bound_aux  
                                                  #      0.5 %  tma_frontend_bound       ( +-  2.15% )  (76.67%)

          0.099025 +- 0.000495 seconds time elapsed  ( +-  0.50% )


 Performance counter stats for './mandelbrot_omp 0.175 0.375 -0.1 0.1 1024' (10 runs):

          3,703.79 msec task-clock                       #    9.913 CPUs utilized               ( +-  0.09% )
                92      context-switches                 #   24.839 /sec                        ( +-  5.56% )
                18      cpu-migrations                   #    4.860 /sec                        ( +-  2.99% )
               117      page-faults                      #   31.589 /sec                        ( +-  0.19% )
     3,652,373,359      cpu_atom/cycles/                 #    0.986 GHz                         ( +-  0.76% )  (56.69%)
     2,502,140,306      cpu_core/cycles/                 #    0.676 GHz                         ( +-  4.77% )  (51.61%)
     3,605,605,745      cpu_atom/instructions/           #    0.99  insn per cycle              ( +-  0.78% )  (66.62%)
     2,994,355,426      cpu_core/instructions/           #    0.82  insn per cycle              ( +-  4.72% )  (51.61%)
       271,801,459      cpu_atom/branches/               #   73.385 M/sec                       ( +-  0.77% )  (66.33%)
       224,980,658      cpu_core/branches/               #   60.743 M/sec                       ( +-  4.70% )  (51.61%)
           823,510      cpu_atom/branch-misses/          #    0.30% of all branches             ( +-  0.80% )  (66.38%)
           639,046      cpu_core/branch-misses/          #    0.24% of all branches             ( +-  4.50% )  (51.61%)
             TopdownL1 (cpu_core)                 #     49.0 %  tma_backend_bound      
                                                  #      2.8 %  tma_bad_speculation    
                                                  #     15.6 %  tma_frontend_bound     
                                                  #     32.6 %  tma_retiring             ( +-  4.66% )  (51.61%)
             TopdownL1 (cpu_atom)                 #      0.7 %  tma_bad_speculation    
                                                  #     19.8 %  tma_retiring             ( +-  0.77% )  (66.38%)
                                                  #     79.2 %  tma_backend_bound      
                                                  #     79.2 %  tma_backend_bound_aux  
                                                  #      0.3 %  tma_frontend_bound       ( +-  0.76% )  (66.38%)

           0.37364 +- 0.00104 seconds time elapsed  ( +-  0.28% )


 Performance counter stats for './mandelbrot_omp 0.175 0.375 -0.1 0.1 2048' (10 runs):

         14,913.40 msec task-clock                       #   10.120 CPUs utilized               ( +-  0.29% )
               216      context-switches                 #   14.484 /sec                        ( +-  5.17% )
                23      cpu-migrations                   #    1.542 /sec                        ( +-  5.75% )
               117      page-faults                      #    7.845 /sec                        ( +-  0.24% )
    14,296,517,062      cpu_atom/cycles/                 #    0.959 GHz                         ( +-  2.10% )  (66.42%)
    11,092,163,445      cpu_core/cycles/                 #    0.744 GHz                         ( +-  3.82% )  (49.68%)
    13,956,812,313      cpu_atom/instructions/           #    0.98  insn per cycle              ( +-  1.76% )  (77.51%)
    13,200,740,699      cpu_core/instructions/           #    0.92  insn per cycle              ( +-  3.74% )  (49.68%)
     1,062,795,803      cpu_atom/branches/               #   71.265 M/sec                       ( +-  2.13% )  (77.52%)
       989,901,066      cpu_core/branches/               #   66.377 M/sec                       ( +-  3.75% )  (49.68%)
         3,056,489      cpu_atom/branch-misses/          #    0.29% of all branches             ( +-  2.14% )  (77.51%)
         2,682,273      cpu_core/branch-misses/          #    0.25% of all branches             ( +-  3.92% )  (49.68%)
             TopdownL1 (cpu_core)                 #     50.8 %  tma_backend_bound      
                                                  #      2.6 %  tma_bad_speculation    
                                                  #     14.7 %  tma_frontend_bound     
                                                  #     31.9 %  tma_retiring             ( +-  4.18% )  (49.68%)
             TopdownL1 (cpu_atom)                 #      0.7 %  tma_bad_speculation    
                                                  #     19.8 %  tma_retiring             ( +-  2.12% )  (77.51%)
                                                  #     79.3 %  tma_backend_bound      
                                                  #     79.3 %  tma_backend_bound_aux  
                                                  #      0.2 %  tma_frontend_bound       ( +-  2.10% )  (77.53%)

           1.47362 +- 0.00598 seconds time elapsed  ( +-  0.41% )

