
 Performance counter stats for './mandelbrot_omp -0.8 -0.7 0.05 0.15 16' (10 runs):

              5.36 msec task-clock                       #    1.696 CPUs utilized               ( +-  3.10% )
                47      context-switches                 #    8.761 K/sec                       ( +-  3.01% )
                12      cpu-migrations                   #    2.237 K/sec                       ( +- 10.90% )
               117      page-faults                      #   21.810 K/sec                       ( +-  0.20% )
         5,879,566      cpu_atom/cycles/                 #    1.096 GHz                         ( +-  6.26% )  (8.36%)
         3,859,398      cpu_core/cycles/                 #    0.719 GHz                         ( +-  3.69% )  (22.65%)
         4,148,960      cpu_atom/instructions/           #    0.71  insn per cycle              ( +-  7.20% )  (76.55%)
         3,178,576      cpu_core/instructions/           #    0.54  insn per cycle              ( +-  7.81% )  (22.65%)
           686,667      cpu_atom/branches/               #  128.002 M/sec                       ( +-  9.12% )  (95.81%)
           497,315      cpu_core/branches/               #   92.705 M/sec                       ( +- 11.07% )  (22.65%)
            24,205      cpu_atom/branch-misses/          #    3.52% of all branches             ( +-  4.46% )  (95.81%)
            14,011      cpu_core/branch-misses/          #    2.04% of all branches             ( +-  7.65% )  (22.65%)
             TopdownL1 (cpu_core)                 #     41.7 %  tma_backend_bound      
                                                  #      7.2 %  tma_bad_speculation    
                                                  #     32.4 %  tma_frontend_bound     
                                                  #     18.6 %  tma_retiring             ( +-  3.30% )  (22.65%)
             TopdownL1 (cpu_atom)                 #     10.2 %  tma_bad_speculation    
                                                  #     18.7 %  tma_retiring             ( +-  7.83% )  (95.81%)
                                                  #     39.0 %  tma_backend_bound      
                                                  #     39.0 %  tma_backend_bound_aux  
                                                  #     32.1 %  tma_frontend_bound       ( +-  5.01% )  (95.81%)

         0.0031628 +- 0.0000997 seconds time elapsed  ( +-  3.15% )


 Performance counter stats for './mandelbrot_omp -0.8 -0.7 0.05 0.15 32' (10 runs):

              7.89 msec task-clock                       #    2.123 CPUs utilized               ( +-  2.36% )
                47      context-switches                 #    5.955 K/sec                       ( +-  3.69% )
                14      cpu-migrations                   #    1.774 K/sec                       ( +- 11.43% )
               117      page-faults                      #   14.824 K/sec                       ( +-  0.25% )
         8,764,568      cpu_atom/cycles/                 #    1.111 GHz                         ( +-  2.86% )  (4.33%)
         5,224,351      cpu_core/cycles/                 #    0.662 GHz                         ( +-  6.91% )  (75.24%)
         6,151,777      cpu_atom/instructions/           #    0.70  insn per cycle              ( +-  4.31% )  (69.96%)
         5,141,279      cpu_core/instructions/           #    0.59  insn per cycle              ( +-  6.74% )  (75.24%)
           902,944      cpu_atom/branches/               #  114.407 M/sec                       ( +-  4.86% )  (72.66%)
           652,066      cpu_core/branches/               #   82.620 M/sec                       ( +-  9.26% )  (75.24%)
            26,184      cpu_atom/branch-misses/          #    2.90% of all branches             ( +-  6.23% )  (72.66%)
            14,935      cpu_core/branch-misses/          #    1.65% of all branches             ( +-  9.03% )  (75.24%)
             TopdownL1 (cpu_core)                 #     44.8 %  tma_backend_bound      
                                                  #      6.1 %  tma_bad_speculation    
                                                  #     27.0 %  tma_frontend_bound     
                                                  #     22.1 %  tma_retiring             ( +-  7.96% )  (75.24%)
             TopdownL1 (cpu_atom)                 #      4.4 %  tma_bad_speculation    
                                                  #     18.6 %  tma_retiring             ( +-  3.33% )  (72.66%)
                                                  #     54.6 %  tma_backend_bound      
                                                  #     54.6 %  tma_backend_bound_aux  
                                                  #     22.5 %  tma_frontend_bound       ( +-  2.33% )  (72.66%)

          0.003718 +- 0.000118 seconds time elapsed  ( +-  3.18% )


 Performance counter stats for './mandelbrot_omp -0.8 -0.7 0.05 0.15 64' (10 runs):

             20.75 msec task-clock                       #    3.498 CPUs utilized               ( +-  2.48% )
                54      context-switches                 #    2.602 K/sec                       ( +-  1.98% )
                21      cpu-migrations                   #    1.012 K/sec                       ( +- 11.21% )
               117      page-faults                      #    5.638 K/sec                       ( +-  0.15% )
        19,669,902      cpu_atom/cycles/                 #    0.948 GHz                         ( +-  2.86% )  (29.06%)
        12,909,344      cpu_core/cycles/                 #    0.622 GHz                         ( +-  8.07% )  (95.78%)
        15,845,395      cpu_atom/instructions/           #    0.81  insn per cycle              ( +-  4.92% )  (76.37%)
        14,059,708      cpu_core/instructions/           #    0.71  insn per cycle              ( +-  8.15% )  (95.78%)
         1,608,963      cpu_atom/branches/               #   77.537 M/sec                       ( +-  3.39% )  (77.90%)
         1,552,431      cpu_core/branches/               #   74.813 M/sec                       ( +-  7.67% )  (95.78%)
            29,484      cpu_atom/branch-misses/          #    1.83% of all branches             ( +-  4.77% )  (77.90%)
            25,286      cpu_core/branch-misses/          #    1.57% of all branches             ( +-  9.14% )  (95.78%)
             TopdownL1 (cpu_core)                 #     43.4 %  tma_backend_bound      
                                                  #      5.5 %  tma_bad_speculation    
                                                  #     24.7 %  tma_frontend_bound     
                                                  #     26.5 %  tma_retiring             ( +-  8.94% )  (95.78%)
             TopdownL1 (cpu_atom)                 #     -0.8 %  tma_bad_speculation    
                                                  #     18.2 %  tma_retiring             ( +-  2.24% )  (77.90%)
                                                  #     72.3 %  tma_backend_bound      
                                                  #     72.3 %  tma_backend_bound_aux  
                                                  #     10.2 %  tma_frontend_bound       ( +-  2.20% )  (77.90%)

          0.005933 +- 0.000236 seconds time elapsed  ( +-  3.99% )


 Performance counter stats for './mandelbrot_omp -0.8 -0.7 0.05 0.15 128' (10 runs):

             61.87 msec task-clock                       #    6.037 CPUs utilized               ( +-  3.05% )
                54      context-switches                 #  872.745 /sec                        ( +-  4.49% )
                23      cpu-migrations                   #  371.725 /sec                        ( +-  7.25% )
               117      page-faults                      #    1.891 K/sec                       ( +-  0.29% )
        66,084,933      cpu_atom/cycles/                 #    1.068 GHz                         ( +-  1.91% )  (55.84%)
        46,855,252      cpu_core/cycles/                 #    0.757 GHz                         ( +-  6.05% )  (61.14%)
        61,782,893      cpu_atom/instructions/           #    0.93  insn per cycle              ( +-  1.90% )  (70.20%)
        52,841,694      cpu_core/instructions/           #    0.80  insn per cycle              ( +-  6.58% )  (61.14%)
         5,129,610      cpu_atom/branches/               #   82.904 M/sec                       ( +-  2.10% )  (70.20%)
         4,370,097      cpu_core/branches/               #   70.629 M/sec                       ( +-  5.81% )  (61.14%)
            50,303      cpu_atom/branch-misses/          #    0.98% of all branches             ( +-  6.37% )  (72.05%)
            33,915      cpu_core/branch-misses/          #    0.66% of all branches             ( +-  6.22% )  (61.14%)
             TopdownL1 (cpu_core)                 #     50.5 %  tma_backend_bound      
                                                  #      3.5 %  tma_bad_speculation    
                                                  #     16.7 %  tma_frontend_bound     
                                                  #     29.3 %  tma_retiring             ( +-  9.09% )  (61.14%)
             TopdownL1 (cpu_atom)                 #      1.1 %  tma_bad_speculation    
                                                  #     19.4 %  tma_retiring             ( +-  1.87% )  (76.63%)
                                                  #     75.5 %  tma_backend_bound      
                                                  #     75.5 %  tma_backend_bound_aux  
                                                  #      3.9 %  tma_frontend_bound       ( +-  1.85% )  (82.07%)

          0.010250 +- 0.000411 seconds time elapsed  ( +-  4.01% )


 Performance counter stats for './mandelbrot_omp -0.8 -0.7 0.05 0.15 256' (10 runs):

            247.72 msec task-clock                       #    8.394 CPUs utilized               ( +-  1.72% )
                63      context-switches                 #  254.314 /sec                        ( +-  4.36% )
                16      cpu-migrations                   #   64.588 /sec                        ( +-  7.73% )
               117      page-faults                      #  472.298 /sec                        ( +-  0.30% )
       245,868,657      cpu_atom/cycles/                 #    0.993 GHz                         ( +-  0.76% )  (59.98%)
       119,520,194      cpu_core/cycles/                 #    0.482 GHz                         ( +-  6.03% )  (71.97%)
       239,211,871      cpu_atom/instructions/           #    0.97  insn per cycle              ( +-  0.77% )  (72.15%)
       139,135,041      cpu_core/instructions/           #    0.57  insn per cycle              ( +-  5.91% )  (71.97%)
        18,360,245      cpu_atom/branches/               #   74.115 M/sec                       ( +-  0.85% )  (72.21%)
        10,890,198      cpu_core/branches/               #   43.961 M/sec                       ( +-  5.96% )  (71.97%)
            87,550      cpu_atom/branch-misses/          #    0.48% of all branches             ( +-  2.15% )  (72.20%)
            54,067      cpu_core/branch-misses/          #    0.29% of all branches             ( +-  6.03% )  (71.97%)
             TopdownL1 (cpu_core)                 #     44.5 %  tma_backend_bound      
                                                  #      3.6 %  tma_bad_speculation    
                                                  #     18.8 %  tma_frontend_bound     
                                                  #     33.1 %  tma_retiring             ( +-  6.11% )  (71.97%)
             TopdownL1 (cpu_atom)                 #      0.7 %  tma_bad_speculation    
                                                  #     19.6 %  tma_retiring             ( +-  0.77% )  (72.57%)
                                                  #     78.5 %  tma_backend_bound      
                                                  #     78.5 %  tma_backend_bound_aux  
                                                  #      1.3 %  tma_frontend_bound       ( +-  0.77% )  (72.96%)

          0.029513 +- 0.000494 seconds time elapsed  ( +-  1.67% )


 Performance counter stats for './mandelbrot_omp -0.8 -0.7 0.05 0.15 512' (10 runs):

            994.80 msec task-clock                       #    9.499 CPUs utilized               ( +-  0.23% )
                69      context-switches                 #   69.360 /sec                        ( +-  3.16% )
                17      cpu-migrations                   #   17.089 /sec                        ( +-  7.23% )
               117      page-faults                      #  117.611 /sec                        ( +-  0.13% )
       951,264,935      cpu_atom/cycles/                 #    0.956 GHz                         ( +-  1.77% )  (63.79%)
       548,697,076      cpu_core/cycles/                 #    0.552 GHz                         ( +-  5.50% )  (53.87%)
       932,148,740      cpu_atom/instructions/           #    0.98  insn per cycle              ( +-  1.75% )  (75.18%)
       642,519,984      cpu_core/instructions/           #    0.68  insn per cycle              ( +-  5.18% )  (53.87%)
        70,501,143      cpu_atom/branches/               #   70.869 M/sec                       ( +-  1.75% )  (75.54%)
        48,700,103      cpu_core/branches/               #   48.954 M/sec                       ( +-  5.08% )  (53.87%)
           242,597      cpu_atom/branch-misses/          #    0.34% of all branches             ( +-  2.16% )  (75.58%)
           173,333      cpu_core/branch-misses/          #    0.25% of all branches             ( +-  5.05% )  (53.87%)
             TopdownL1 (cpu_core)                 #     46.4 %  tma_backend_bound      
                                                  #      3.2 %  tma_bad_speculation    
                                                  #     17.1 %  tma_frontend_bound     
                                                  #     33.2 %  tma_retiring             ( +-  5.96% )  (53.87%)
             TopdownL1 (cpu_atom)                 #      0.8 %  tma_bad_speculation    
                                                  #     19.7 %  tma_retiring             ( +-  1.77% )  (75.79%)
                                                  #     79.0 %  tma_backend_bound      
                                                  #     79.0 %  tma_backend_bound_aux  
                                                  #      0.5 %  tma_frontend_bound       ( +-  1.77% )  (75.93%)

          0.104729 +- 0.000445 seconds time elapsed  ( +-  0.42% )


 Performance counter stats for './mandelbrot_omp -0.8 -0.7 0.05 0.15 1024' (10 runs):

          3,966.83 msec task-clock                       #    9.991 CPUs utilized               ( +-  0.33% )
                99      context-switches                 #   24.957 /sec                        ( +-  2.93% )
                22      cpu-migrations                   #    5.546 /sec                        ( +-  5.06% )
               117      page-faults                      #   29.495 /sec                        ( +-  0.29% )
     3,847,781,380      cpu_atom/cycles/                 #    0.970 GHz                         ( +-  1.16% )  (60.34%)
     3,093,223,326      cpu_core/cycles/                 #    0.780 GHz                         ( +-  3.66% )  (42.14%)
     3,748,283,033      cpu_atom/instructions/           #    0.97  insn per cycle              ( +-  1.12% )  (70.34%)
     3,634,637,086      cpu_core/instructions/           #    0.94  insn per cycle              ( +-  3.04% )  (42.14%)
       284,721,980      cpu_atom/branches/               #   71.776 M/sec                       ( +-  1.16% )  (70.35%)
       273,081,247      cpu_core/branches/               #   68.841 M/sec                       ( +-  3.02% )  (42.14%)
           870,982      cpu_atom/branch-misses/          #    0.31% of all branches             ( +-  1.24% )  (70.41%)
           849,413      cpu_core/branch-misses/          #    0.30% of all branches             ( +-  3.40% )  (42.14%)
             TopdownL1 (cpu_core)                 #     48.9 %  tma_backend_bound      
                                                  #      2.9 %  tma_bad_speculation    
                                                  #     15.8 %  tma_frontend_bound     
                                                  #     32.4 %  tma_retiring             ( +-  3.74% )  (42.14%)
             TopdownL1 (cpu_atom)                 #      0.7 %  tma_bad_speculation    
                                                  #     19.7 %  tma_retiring             ( +-  1.17% )  (70.50%)
                                                  #     79.3 %  tma_backend_bound      
                                                  #     79.3 %  tma_backend_bound_aux  
                                                  #      0.3 %  tma_frontend_bound       ( +-  1.16% )  (70.51%)

           0.39703 +- 0.00189 seconds time elapsed  ( +-  0.48% )


 Performance counter stats for './mandelbrot_omp -0.8 -0.7 0.05 0.15 2048' (10 runs):

         15,933.05 msec task-clock                       #   10.152 CPUs utilized               ( +-  0.38% )
               232      context-switches                 #   14.561 /sec                        ( +-  3.89% )
                24      cpu-migrations                   #    1.506 /sec                        ( +-  4.46% )
               117      page-faults                      #    7.343 /sec                        ( +-  0.19% )
    15,032,592,349      cpu_atom/cycles/                 #    0.943 GHz                         ( +-  1.32% )  (58.82%)
    12,267,785,825      cpu_core/cycles/                 #    0.770 GHz                         ( +-  4.18% )  (38.07%)
    14,721,311,245      cpu_atom/instructions/           #    0.98  insn per cycle              ( +-  1.46% )  (71.11%)
    14,324,100,406      cpu_core/instructions/           #    0.95  insn per cycle              ( +-  3.93% )  (38.07%)
     1,111,939,377      cpu_atom/branches/               #   69.788 M/sec                       ( +-  1.32% )  (68.66%)
     1,074,721,409      cpu_core/branches/               #   67.452 M/sec                       ( +-  3.93% )  (38.07%)
         3,202,634      cpu_atom/branch-misses/          #    0.29% of all branches             ( +-  1.44% )  (68.67%)
         3,212,813      cpu_core/branch-misses/          #    0.29% of all branches             ( +-  3.96% )  (38.07%)
             TopdownL1 (cpu_core)                 #     50.2 %  tma_backend_bound      
                                                  #      2.8 %  tma_bad_speculation    
                                                  #     15.2 %  tma_frontend_bound     
                                                  #     31.8 %  tma_retiring             ( +-  4.28% )  (38.07%)
             TopdownL1 (cpu_atom)                 #      0.7 %  tma_bad_speculation    
                                                  #     19.7 %  tma_retiring             ( +-  1.32% )  (68.69%)
                                                  #     79.3 %  tma_backend_bound      
                                                  #     79.3 %  tma_backend_bound_aux  
                                                  #      0.2 %  tma_frontend_bound       ( +-  1.32% )  (68.68%)

           1.56947 +- 0.00601 seconds time elapsed  ( +-  0.38% )

