
 Performance counter stats for './mandelbrot_seq -2.5 1.5 -2.0 2.0 16' (10 runs):

              0.84 msec task-clock                       #    0.593 CPUs utilized               ( +-  1.87% )
                 0      context-switches                 #    0.000 /sec                      
                 0      cpu-migrations                   #    0.000 /sec                      
                63      page-faults                      #   75.102 K/sec                       ( +-  0.35% )
         1,344,293      cpu_atom/cycles/                 #    1.603 GHz                         ( +- 11.29% )  (68.60%)
     <not counted>      cpu_core/cycles/                                                        ( +- 66.96% )  (0.00%)
         1,303,767      cpu_atom/instructions/           #    0.97  insn per cycle              ( +- 11.15% )
     <not counted>      cpu_core/instructions/                                                  ( +- 67.13% )  (0.00%)
           221,343      cpu_atom/branches/               #  263.862 M/sec                       ( +- 11.15% )
     <not counted>      cpu_core/branches/                                                      ( +- 67.06% )  (0.00%)
             8,175      cpu_atom/branch-misses/          #    3.69% of all branches             ( +- 11.14% )
     <not counted>      cpu_core/branch-misses/                                                 ( +- 67.14% )  (0.00%)
             TopdownL1 (cpu_atom)                 #     25.4 %  tma_bad_speculation    
                                                  #     22.9 %  tma_retiring             ( +- 11.12% )
                                                  #     17.8 %  tma_backend_bound      
                                                  #     17.8 %  tma_backend_bound_aux  
                                                  #     33.9 %  tma_frontend_bound       ( +- 11.25% )

         0.0014152 +- 0.0000488 seconds time elapsed  ( +-  3.45% )


 Performance counter stats for './mandelbrot_seq -2.5 1.5 -2.0 2.0 32' (10 runs):

              1.26 msec task-clock                       #    0.525 CPUs utilized               ( +-  4.51% )
                 0      context-switches                 #    0.000 /sec                      
                 0      cpu-migrations                   #    0.000 /sec                      
                71      page-faults                      #   56.400 K/sec                       ( +-  0.28% )
         1,820,453      cpu_atom/cycles/                 #    1.446 GHz                         ( +- 13.20% )  (26.42%)
     <not counted>      cpu_core/cycles/                                                        ( +- 67.06% )  (0.00%)
         2,040,101      cpu_atom/instructions/           #    1.12  insn per cycle              ( +- 12.07% )
     <not counted>      cpu_core/instructions/                                                  ( +- 66.99% )  (0.00%)
           313,157      cpu_atom/branches/               #  248.759 M/sec                       ( +- 11.56% )
     <not counted>      cpu_core/branches/                                                      ( +- 66.84% )  (0.00%)
             9,463      cpu_atom/branch-misses/          #    3.02% of all branches             ( +- 12.05% )
     <not counted>      cpu_core/branch-misses/                                                 ( +- 66.70% )  (0.00%)
             TopdownL1 (cpu_atom)                 #     10.5 %  tma_bad_speculation    
                                                  #     23.4 %  tma_retiring             ( +- 11.63% )
                                                  #     38.1 %  tma_backend_bound      
                                                  #     38.1 %  tma_backend_bound_aux  
                                                  #     28.0 %  tma_frontend_bound       ( +- 11.37% )

          0.002399 +- 0.000577 seconds time elapsed  ( +- 24.03% )


 Performance counter stats for './mandelbrot_seq -2.5 1.5 -2.0 2.0 64' (10 runs):

              2.38 msec task-clock                       #    0.783 CPUs utilized               ( +-  3.05% )
                 0      context-switches                 #    0.000 /sec                      
                 0      cpu-migrations                   #    0.000 /sec                      
               101      page-faults                      #   42.462 K/sec                       ( +-  0.20% )
         3,258,647      cpu_atom/cycles/                 #    1.370 GHz                         ( +- 17.40% )  (2.08%)
         2,828,106      cpu_core/cycles/                 #    1.189 GHz                         ( +- 22.05% )  (48.57%)
         3,910,996      cpu_atom/instructions/           #    1.20  insn per cycle              ( +- 18.76% )  (46.74%)
         4,733,101      cpu_core/instructions/           #    1.45  insn per cycle              ( +- 22.13% )  (48.57%)
           576,491      cpu_atom/branches/               #  242.367 M/sec                       ( +- 17.69% )  (51.43%)
           611,811      cpu_core/branches/               #  257.216 M/sec                       ( +- 22.30% )  (48.57%)
            12,774      cpu_atom/branch-misses/          #    2.22% of all branches             ( +- 22.18% )  (51.43%)
             7,136      cpu_core/branch-misses/          #    1.24% of all branches             ( +- 24.03% )  (48.57%)
             TopdownL1 (cpu_core)                 #     47.3 %  tma_backend_bound      
                                                  #      5.2 %  tma_bad_speculation    
                                                  #     19.2 %  tma_frontend_bound     
                                                  #     28.2 %  tma_retiring             ( +- 22.05% )  (48.57%)
             TopdownL1 (cpu_atom)                 #      1.9 %  tma_bad_speculation    
                                                  #     26.1 %  tma_retiring             ( +- 18.10% )  (51.43%)
                                                  #     52.4 %  tma_backend_bound      
                                                  #     52.4 %  tma_backend_bound_aux  
                                                  #     19.5 %  tma_frontend_bound       ( +- 16.96% )  (51.43%)

         0.0030386 +- 0.0000888 seconds time elapsed  ( +-  2.92% )


 Performance counter stats for './mandelbrot_seq -2.5 1.5 -2.0 2.0 128' (10 runs):

              9.97 msec task-clock                       #    0.915 CPUs utilized               ( +-  4.35% )
                 1      context-switches                 #  100.297 /sec                        ( +- 49.55% )
                 0      cpu-migrations                   #    0.000 /sec                      
               221      page-faults                      #   22.166 K/sec                       ( +-  0.12% )
        12,479,833      cpu_atom/cycles/                 #    1.252 GHz                         ( +-  6.35% )  (27.12%)
         8,504,011      cpu_core/cycles/                 #    0.853 GHz                         ( +- 22.02% )  (53.58%)
        15,664,403      cpu_atom/instructions/           #    1.26  insn per cycle              ( +- 12.31% )  (36.73%)
        15,076,251      cpu_core/instructions/           #    1.21  insn per cycle              ( +- 22.46% )  (53.58%)
         2,542,926      cpu_atom/branches/               #  255.049 M/sec                       ( +- 13.29% )  (36.75%)
         1,807,818      cpu_core/branches/               #  181.319 M/sec                       ( +- 23.59% )  (53.58%)
            31,606      cpu_atom/branch-misses/          #    1.24% of all branches             ( +- 21.11% )  (36.76%)
             9,176      cpu_core/branch-misses/          #    0.36% of all branches             ( +- 24.94% )  (53.58%)
             TopdownL1 (cpu_core)                 #     55.5 %  tma_backend_bound      
                                                  #      2.9 %  tma_bad_speculation    
                                                  #     10.9 %  tma_frontend_bound     
                                                  #     30.7 %  tma_retiring             ( +- 22.10% )  (53.58%)
             TopdownL1 (cpu_atom)                 #      5.9 %  tma_bad_speculation    
                                                  #     29.5 %  tma_retiring             ( +- 10.95% )  (41.50%)
                                                  #     46.5 %  tma_backend_bound      
                                                  #     46.5 %  tma_backend_bound_aux  
                                                  #     18.1 %  tma_frontend_bound       ( +-  6.32% )  (46.42%)

          0.010894 +- 0.000400 seconds time elapsed  ( +-  3.67% )


 Performance counter stats for './mandelbrot_seq -2.5 1.5 -2.0 2.0 256' (10 runs):

             20.95 msec task-clock                       #    0.967 CPUs utilized               ( +-  1.93% )
                 1      context-switches                 #   47.742 /sec                        ( +- 45.22% )
                 0      cpu-migrations                   #    0.000 /sec                      
               701      page-faults                      #   33.467 K/sec                       ( +-  0.03% )
        24,143,127      cpu_atom/cycles/                 #    1.153 GHz                         ( +- 27.47% )  (2.04%)
        40,421,045      cpu_core/cycles/                 #    1.930 GHz                         ( +-  2.31% )  (97.41%)
        33,877,392      cpu_atom/instructions/           #    1.40  insn per cycle              ( +- 34.46% )  (2.59%)
        77,364,566      cpu_core/instructions/           #    3.20  insn per cycle              ( +-  1.36% )  (97.41%)
         5,785,171      cpu_atom/branches/               #  276.198 M/sec                       ( +- 35.80% )  (2.59%)
         9,112,784      cpu_core/branches/               #  435.067 M/sec                       ( +-  2.78% )  (97.41%)
            64,828      cpu_atom/branch-misses/          #    1.12% of all branches             ( +- 40.92% )  (2.59%)
            22,633      cpu_core/branch-misses/          #    0.39% of all branches             ( +-  3.85% )  (97.41%)
             TopdownL1 (cpu_core)                 #     60.1 %  tma_backend_bound      
                                                  #      1.8 %  tma_bad_speculation    
                                                  #      5.6 %  tma_frontend_bound     
                                                  #     32.5 %  tma_retiring             ( +-  1.85% )  (97.41%)
             TopdownL1 (cpu_atom)                 #      7.0 %  tma_bad_speculation    
                                                  #     32.7 %  tma_retiring             ( +- 33.74% )  (2.59%)
                                                  #     36.8 %  tma_backend_bound      
                                                  #     36.8 %  tma_backend_bound_aux  
                                                  #     23.5 %  tma_frontend_bound       ( +- 27.49% )  (2.59%)

          0.021670 +- 0.000414 seconds time elapsed  ( +-  1.91% )


 Performance counter stats for './mandelbrot_seq -2.5 1.5 -2.0 2.0 512' (10 runs):

             90.36 msec task-clock                       #    0.987 CPUs utilized               ( +-  5.47% )
                 5      context-switches                 #   55.335 /sec                        ( +- 25.13% )
                 1      cpu-migrations                   #   11.067 /sec                        ( +- 23.33% )
             2,622      page-faults                      #   29.018 K/sec                       ( +-  0.01% )
       129,546,874      cpu_atom/cycles/                 #    1.434 GHz                         ( +- 12.06% )  (4.84%)
       155,887,389      cpu_core/cycles/                 #    1.725 GHz                         ( +-  2.41% )  (92.86%)
       204,971,449      cpu_atom/instructions/           #    1.58  insn per cycle              ( +- 20.32% )  (5.99%)
       312,847,531      cpu_core/instructions/           #    2.41  insn per cycle              ( +-  3.48% )  (92.86%)
        39,487,511      cpu_atom/branches/               #  437.011 M/sec                       ( +- 23.07% )  (5.98%)
        37,912,461      cpu_core/branches/               #  419.580 M/sec                       ( +-  6.05% )  (92.86%)
           315,874      cpu_atom/branch-misses/          #    0.80% of all branches             ( +- 34.77% )  (5.98%)
            58,637      cpu_core/branch-misses/          #    0.15% of all branches             ( +-  4.34% )  (92.86%)
             TopdownL1 (cpu_core)                 #     60.2 %  tma_backend_bound      
                                                  #      1.3 %  tma_bad_speculation    
                                                  #      5.2 %  tma_frontend_bound     
                                                  #     33.3 %  tma_retiring             ( +-  2.41% )  (92.86%)
             TopdownL1 (cpu_atom)                 #      8.7 %  tma_bad_speculation    
                                                  #     36.4 %  tma_retiring             ( +- 19.86% )  (5.98%)
                                                  #     31.5 %  tma_backend_bound      
                                                  #     31.5 %  tma_backend_bound_aux  
                                                  #     23.3 %  tma_frontend_bound       ( +- 12.08% )  (5.98%)

           0.09154 +- 0.00498 seconds time elapsed  ( +-  5.44% )


 Performance counter stats for './mandelbrot_seq -2.5 1.5 -2.0 2.0 1024' (10 runs):

            342.06 msec task-clock                       #    0.994 CPUs utilized               ( +-  5.55% )
                24      context-switches                 #   70.164 /sec                        ( +- 41.95% )
                 4      cpu-migrations                   #   11.694 /sec                        ( +- 38.20% )
            10,302      page-faults                      #   30.118 K/sec                       ( +-  0.00% )
       512,529,712      cpu_atom/cycles/                 #    1.498 GHz                         ( +- 11.68% )  (4.27%)
       608,436,140      cpu_core/cycles/                 #    1.779 GHz                         ( +-  0.63% )  (94.26%)
     1,029,924,820      cpu_atom/instructions/           #    2.01  insn per cycle              ( +- 15.44% )  (5.01%)
     1,208,047,279      cpu_core/instructions/           #    2.36  insn per cycle              ( +-  0.57% )  (94.26%)
       203,355,086      cpu_atom/branches/               #  594.506 M/sec                       ( +- 16.88% )  (5.03%)
       143,006,585      cpu_core/branches/               #  418.078 M/sec                       ( +-  1.61% )  (94.26%)
           587,492      cpu_atom/branch-misses/          #    0.29% of all branches             ( +- 53.18% )  (5.02%)
           183,591      cpu_core/branch-misses/          #    0.09% of all branches             ( +-  1.48% )  (94.26%)
             TopdownL1 (cpu_core)                 #     61.2 %  tma_backend_bound      
                                                  #      1.3 %  tma_bad_speculation    
                                                  #      4.4 %  tma_frontend_bound     
                                                  #     33.1 %  tma_retiring             ( +-  0.48% )  (94.26%)
             TopdownL1 (cpu_atom)                 #      4.1 %  tma_bad_speculation    
                                                  #     44.8 %  tma_retiring             ( +- 15.16% )  (5.01%)
                                                  #     37.3 %  tma_backend_bound      
                                                  #     37.3 %  tma_backend_bound_aux  
                                                  #     13.7 %  tma_frontend_bound       ( +- 11.76% )  (5.01%)

            0.3442 +- 0.0195 seconds time elapsed  ( +-  5.66% )


 Performance counter stats for './mandelbrot_seq -2.5 1.5 -2.0 2.0 2048' (10 runs):

          1,109.33 msec task-clock                       #    0.992 CPUs utilized               ( +-  0.20% )
                 9      context-switches                 #    8.113 /sec                        ( +- 18.08% )
                 3      cpu-migrations                   #    2.704 /sec                        ( +- 21.11% )
            41,022      page-faults                      #   36.979 K/sec                       ( +-  0.00% )
     1,593,571,438      cpu_atom/cycles/                 #    1.437 GHz                         ( +- 17.00% )  (0.41%)
     2,358,028,566      cpu_core/cycles/                 #    2.126 GHz                         ( +-  0.10% )  (99.41%)
     2,965,147,413      cpu_atom/instructions/           #    1.86  insn per cycle              ( +- 22.85% )  (0.50%)
     4,828,465,650      cpu_core/instructions/           #    3.03  insn per cycle              ( +-  0.04% )  (99.41%)
       595,099,272      cpu_atom/branches/               #  536.452 M/sec                       ( +- 23.48% )  (0.50%)
       589,023,209      cpu_core/branches/               #  530.974 M/sec                       ( +-  0.10% )  (99.41%)
         3,118,324      cpu_atom/branch-misses/          #    0.52% of all branches             ( +- 42.02% )  (0.50%)
           636,342      cpu_core/branch-misses/          #    0.11% of all branches             ( +-  0.38% )  (99.41%)
             TopdownL1 (cpu_core)                 #     60.6 %  tma_backend_bound      
                                                  #      1.0 %  tma_bad_speculation    
                                                  #      4.5 %  tma_frontend_bound     
                                                  #     33.9 %  tma_retiring             ( +-  0.08% )  (99.41%)
             TopdownL1 (cpu_atom)                 #      5.7 %  tma_bad_speculation    
                                                  #     42.5 %  tma_retiring             ( +- 22.14% )  (0.50%)
                                                  #     31.6 %  tma_backend_bound      
                                                  #     31.6 %  tma_backend_bound_aux  
                                                  #     20.2 %  tma_frontend_bound       ( +- 16.97% )  (0.50%)

           1.11879 +- 0.00214 seconds time elapsed  ( +-  0.19% )

