
 Performance counter stats for './mandelbrot_seq -0.8 -0.7 0.05 0.15 16' (10 runs):

              1.44 msec task-clock                       #    0.653 CPUs utilized               ( +-  2.83% )
                 0      context-switches                 #    0.000 /sec                      
                 0      cpu-migrations                   #    0.000 /sec                      
                63      page-faults                      #   43.721 K/sec                       ( +-  0.44% )
         2,349,766      cpu_atom/cycles/                 #    1.631 GHz                         ( +- 11.23% )  (60.59%)
           466,311      cpu_core/cycles/                 #    0.324 GHz                         ( +- 66.87% )  (30.29%)
         2,133,459      cpu_atom/instructions/           #    0.91  insn per cycle              ( +- 11.19% )  (69.71%)
           557,570      cpu_core/instructions/           #    0.24  insn per cycle              ( +- 67.33% )  (30.29%)
           288,408      cpu_atom/branches/               #  200.152 M/sec                       ( +- 11.15% )  (69.71%)
            72,604      cpu_core/branches/               #   50.386 M/sec                       ( +- 67.10% )  (30.29%)
             8,593      cpu_atom/branch-misses/          #    2.98% of all branches             ( +- 11.14% )  (69.71%)
             1,772      cpu_core/branch-misses/          #    0.61% of all branches             ( +- 66.77% )  (30.29%)
             TopdownL1 (cpu_core)                 #     43.6 %  tma_backend_bound      
                                                  #      6.1 %  tma_bad_speculation    
                                                  #     29.5 %  tma_frontend_bound     
                                                  #     20.8 %  tma_retiring             ( +- 66.88% )  (30.29%)
             TopdownL1 (cpu_atom)                 #     -2.4 %  tma_bad_speculation    
                                                  #     20.5 %  tma_retiring             ( +- 11.14% )  (69.71%)
                                                  #     58.4 %  tma_backend_bound      
                                                  #     58.4 %  tma_backend_bound_aux  
                                                  #     23.5 %  tma_frontend_bound       ( +- 11.20% )  (69.71%)

         0.0022077 +- 0.0000521 seconds time elapsed  ( +-  2.36% )


 Performance counter stats for './mandelbrot_seq -0.8 -0.7 0.05 0.15 32' (10 runs):

              3.13 msec task-clock                       #    0.830 CPUs utilized               ( +-  4.47% )
                 0      context-switches                 #    0.000 /sec                      
                 0      cpu-migrations                   #    0.000 /sec                      
                72      page-faults                      #   22.978 K/sec                       ( +-  0.25% )
     <not counted>      cpu_atom/cycles/                                                        ( +- 16.93% )  (0.00%)
         2,009,781      cpu_core/cycles/                 #    0.641 GHz                         ( +- 41.12% )
     <not counted>      cpu_atom/instructions/                                                  ( +- 17.02% )  (0.00%)
         2,613,082      cpu_core/instructions/           #    0.54  insn per cycle              ( +- 40.92% )
     <not counted>      cpu_atom/branches/                                                      ( +- 17.12% )  (0.00%)
           252,226      cpu_core/branches/               #   80.496 M/sec                       ( +- 40.87% )
     <not counted>      cpu_atom/branch-misses/                                                 ( +- 24.04% )  (0.00%)
             3,265      cpu_core/branch-misses/          #    0.60% of all branches             ( +- 41.97% )
             TopdownL1 (cpu_core)                 #     62.6 %  tma_backend_bound      
                                                  #      2.8 %  tma_bad_speculation    
                                                  #     12.4 %  tma_frontend_bound     
                                                  #     22.1 %  tma_retiring             ( +- 41.09% )

          0.003775 +- 0.000139 seconds time elapsed  ( +-  3.67% )


 Performance counter stats for './mandelbrot_seq -0.8 -0.7 0.05 0.15 64' (10 runs):

              8.75 msec task-clock                       #    0.927 CPUs utilized               ( +-  3.69% )
                 1      context-switches                 #  114.296 /sec                        ( +- 40.69% )
                 0      cpu-migrations                   #    0.000 /sec                      
               102      page-faults                      #   11.658 K/sec                       ( +-  0.16% )
        13,948,184      cpu_atom/cycles/                 #    1.594 GHz                         ( +- 17.41% )  (63.40%)
     <not counted>      cpu_core/cycles/                                                        ( +- 16.96% )  (0.00%)
        15,658,220      cpu_atom/instructions/           #    1.12  insn per cycle              ( +- 16.83% )  (82.93%)
     <not counted>      cpu_core/instructions/                                                  ( +- 17.01% )  (0.00%)
         1,953,687      cpu_atom/branches/               #  223.298 M/sec                       ( +- 19.70% )  (90.23%)
     <not counted>      cpu_core/branches/                                                      ( +- 17.65% )  (0.00%)
            26,457      cpu_atom/branch-misses/          #    1.35% of all branches             ( +- 28.08% )  (90.23%)
     <not counted>      cpu_core/branch-misses/                                                 ( +- 22.52% )  (0.00%)
             TopdownL1 (cpu_atom)                 #     -5.9 %  tma_bad_speculation    
                                                  #     23.8 %  tma_retiring             ( +- 17.03% )  (90.21%)
                                                  #     71.9 %  tma_backend_bound      
                                                  #     71.9 %  tma_backend_bound_aux  
                                                  #     10.2 %  tma_frontend_bound       ( +- 17.34% )  (90.24%)

          0.009441 +- 0.000301 seconds time elapsed  ( +-  3.19% )


 Performance counter stats for './mandelbrot_seq -0.8 -0.7 0.05 0.15 128' (10 runs):

             45.09 msec task-clock                       #    0.967 CPUs utilized               ( +-  3.33% )
                 7      context-switches                 #  155.239 /sec                        ( +- 22.21% )
                 1      cpu-migrations                   #   22.177 /sec                        ( +- 20.00% )
               222      page-faults                      #    4.923 K/sec                       ( +-  0.10% )
        58,229,631      cpu_atom/cycles/                 #    1.291 GHz                         ( +-  3.81% )  (39.75%)
        60,963,739      cpu_core/cycles/                 #    1.352 GHz                         ( +-  2.24% )  (44.85%)
        60,912,445      cpu_atom/instructions/           #    1.05  insn per cycle              ( +-  6.39% )  (48.29%)
        86,674,647      cpu_core/instructions/           #    1.49  insn per cycle              ( +-  2.16% )  (44.85%)
         9,215,760      cpu_atom/branches/               #  204.378 M/sec                       ( +- 11.34% )  (48.73%)
         7,179,713      cpu_core/branches/               #  159.225 M/sec                       ( +-  2.74% )  (44.85%)
           105,657      cpu_atom/branch-misses/          #    1.15% of all branches             ( +- 31.51% )  (48.75%)
            24,988      cpu_core/branch-misses/          #    0.27% of all branches             ( +-  5.06% )  (44.85%)
             TopdownL1 (cpu_core)                 #     73.0 %  tma_backend_bound      
                                                  #      0.8 %  tma_bad_speculation    
                                                  #      2.1 %  tma_frontend_bound     
                                                  #     24.0 %  tma_retiring             ( +-  1.99% )  (44.85%)
             TopdownL1 (cpu_atom)                 #      4.0 %  tma_bad_speculation    
                                                  #     24.8 %  tma_retiring             ( +-  5.95% )  (48.73%)
                                                  #     60.0 %  tma_backend_bound      
                                                  #     60.0 %  tma_backend_bound_aux  
                                                  #     11.2 %  tma_frontend_bound       ( +-  3.92% )  (48.71%)

           0.04662 +- 0.00150 seconds time elapsed  ( +-  3.23% )


 Performance counter stats for './mandelbrot_seq -0.8 -0.7 0.05 0.15 256' (10 runs):

            108.05 msec task-clock                       #    0.989 CPUs utilized               ( +-  4.06% )
                 4      context-switches                 #   37.021 /sec                        ( +- 58.12% )
                 1      cpu-migrations                   #    9.255 /sec                        ( +- 37.12% )
               703      page-faults                      #    6.506 K/sec                       ( +-  0.04% )
       171,535,600      cpu_atom/cycles/                 #    1.588 GHz                         ( +- 17.26% )  (0.89%)
       224,200,735      cpu_core/cycles/                 #    2.075 GHz                         ( +-  0.99% )  (99.09%)
       260,614,256      cpu_atom/instructions/           #    1.52  insn per cycle              ( +- 24.40% )  (0.91%)
       324,193,356      cpu_core/instructions/           #    1.89  insn per cycle              ( +-  0.62% )  (99.09%)
        44,608,480      cpu_atom/branches/               #  412.859 M/sec                       ( +- 29.94% )  (0.91%)
        26,617,204      cpu_core/branches/               #  246.347 M/sec                       ( +-  1.39% )  (99.09%)
           249,814      cpu_atom/branch-misses/          #    0.56% of all branches             ( +- 38.74% )  (0.91%)
            70,744      cpu_core/branch-misses/          #    0.16% of all branches             ( +-  0.97% )  (99.09%)
             TopdownL1 (cpu_core)                 #     74.2 %  tma_backend_bound      
                                                  #      0.6 %  tma_bad_speculation    
                                                  #      1.0 %  tma_frontend_bound     
                                                  #     24.2 %  tma_retiring             ( +-  0.90% )  (99.09%)
             TopdownL1 (cpu_atom)                 #      5.4 %  tma_bad_speculation    
                                                  #     34.6 %  tma_retiring             ( +- 23.73% )  (0.91%)
                                                  #     45.6 %  tma_backend_bound      
                                                  #     45.6 %  tma_backend_bound_aux  
                                                  #     14.4 %  tma_frontend_bound       ( +- 17.41% )  (0.91%)

           0.10920 +- 0.00452 seconds time elapsed  ( +-  4.14% )


 Performance counter stats for './mandelbrot_seq -0.8 -0.7 0.05 0.15 512' (10 runs):

            455.56 msec task-clock                       #    0.996 CPUs utilized               ( +-  4.47% )
                23      context-switches                 #   50.488 /sec                        ( +- 30.58% )
                 3      cpu-migrations                   #    6.585 /sec                        ( +- 25.84% )
             2,623      page-faults                      #    5.758 K/sec                       ( +-  0.01% )
       764,256,587      cpu_atom/cycles/                 #    1.678 GHz                         ( +-  4.35% )  (8.32%)
       889,644,762      cpu_core/cycles/                 #    1.953 GHz                         ( +-  0.99% )  (88.73%)
     1,272,644,152      cpu_atom/instructions/           #    1.67  insn per cycle              ( +- 13.45% )  (9.73%)
     1,300,097,498      cpu_core/instructions/           #    1.70  insn per cycle              ( +-  1.11% )  (88.73%)
       227,680,229      cpu_atom/branches/               #  499.786 M/sec                       ( +- 19.45% )  (9.76%)
       108,478,616      cpu_core/branches/               #  238.124 M/sec                       ( +-  1.79% )  (88.73%)
           931,278      cpu_atom/branch-misses/          #    0.41% of all branches             ( +- 46.80% )  (9.95%)
           257,244      cpu_core/branch-misses/          #    0.11% of all branches             ( +-  1.40% )  (88.73%)
             TopdownL1 (cpu_core)                 #     73.7 %  tma_backend_bound      
                                                  #      0.5 %  tma_bad_speculation    
                                                  #      1.2 %  tma_frontend_bound     
                                                  #     24.6 %  tma_retiring             ( +-  0.98% )  (88.73%)
             TopdownL1 (cpu_atom)                 #      3.7 %  tma_bad_speculation    
                                                  #     37.4 %  tma_retiring             ( +- 13.68% )  (9.95%)
                                                  #     47.0 %  tma_backend_bound      
                                                  #     47.0 %  tma_backend_bound_aux  
                                                  #     11.8 %  tma_frontend_bound       ( +-  4.30% )  (9.95%)

            0.4575 +- 0.0205 seconds time elapsed  ( +-  4.49% )


 Performance counter stats for './mandelbrot_seq -0.8 -0.7 0.05 0.15 1024' (10 runs):

          1,953.43 msec task-clock                       #    0.997 CPUs utilized               ( +-  2.87% )
                72      context-switches                 #   36.858 /sec                        ( +- 20.17% )
                10      cpu-migrations                   #    5.119 /sec                        ( +- 13.75% )
            10,303      page-faults                      #    5.274 K/sec                       ( +-  0.00% )
     2,778,239,678      cpu_atom/cycles/                 #    1.422 GHz                         ( +-  9.28% )  (2.08%)
     3,496,091,589      cpu_core/cycles/                 #    1.790 GHz                         ( +-  0.19% )  (97.22%)
     4,202,102,374      cpu_atom/instructions/           #    1.51  insn per cycle              ( +- 13.35% )  (2.44%)
     5,141,942,723      cpu_core/instructions/           #    1.85  insn per cycle              ( +-  0.17% )  (97.22%)
       677,663,415      cpu_atom/branches/               #  346.910 M/sec                       ( +- 18.29% )  (2.43%)
       435,525,241      cpu_core/branches/               #  222.955 M/sec                       ( +-  0.71% )  (97.22%)
         2,438,006      cpu_atom/branch-misses/          #    0.36% of all branches             ( +- 26.53% )  (2.42%)
           976,973      cpu_core/branch-misses/          #    0.14% of all branches             ( +-  0.37% )  (97.22%)
             TopdownL1 (cpu_core)                 #     73.1 %  tma_backend_bound      
                                                  #      0.7 %  tma_bad_speculation    
                                                  #      1.4 %  tma_frontend_bound     
                                                  #     24.8 %  tma_retiring             ( +-  0.13% )  (97.22%)
             TopdownL1 (cpu_atom)                 #      2.3 %  tma_bad_speculation    
                                                  #     34.4 %  tma_retiring             ( +- 13.65% )  (2.45%)
                                                  #     54.3 %  tma_backend_bound      
                                                  #     54.3 %  tma_backend_bound_aux  
                                                  #      9.1 %  tma_frontend_bound       ( +-  9.27% )  (2.42%)

            1.9601 +- 0.0557 seconds time elapsed  ( +-  2.84% )


 Performance counter stats for './mandelbrot_seq -0.8 -0.7 0.05 0.15 2048' (10 runs):

          6,398.96 msec task-clock                       #    0.998 CPUs utilized               ( +-  0.18% )
                55      context-switches                 #    8.595 /sec                        ( +- 16.42% )
                10      cpu-migrations                   #    1.563 /sec                        ( +- 19.37% )
            41,023      page-faults                      #    6.411 K/sec                       ( +-  0.00% )
    11,469,678,678      cpu_atom/cycles/                 #    1.792 GHz                         ( +-  2.19% )  (0.04%)
    13,878,168,035      cpu_core/cycles/                 #    2.169 GHz                         ( +-  0.06% )  (99.93%)
    19,328,304,454      cpu_atom/instructions/           #    1.69  insn per cycle              ( +- 13.62% )  (0.06%)
    20,550,162,161      cpu_core/instructions/           #    1.79  insn per cycle              ( +-  0.01% )  (99.93%)
     3,892,545,160      cpu_atom/branches/               #  608.309 M/sec                       ( +- 16.51% )  (0.06%)
     1,760,076,188      cpu_core/branches/               #  275.057 M/sec                       ( +-  0.05% )  (99.93%)
        24,687,574      cpu_atom/branch-misses/          #    0.63% of all branches             ( +- 33.76% )  (0.06%)
         3,726,620      cpu_core/branch-misses/          #    0.10% of all branches             ( +-  0.10% )  (99.93%)
             TopdownL1 (cpu_core)                 #     72.7 %  tma_backend_bound      
                                                  #      0.7 %  tma_bad_speculation    
                                                  #      1.5 %  tma_frontend_bound     
                                                  #     25.1 %  tma_retiring             ( +-  0.06% )  (99.93%)
             TopdownL1 (cpu_atom)                 #      5.0 %  tma_bad_speculation    
                                                  #     39.8 %  tma_retiring             ( +- 13.04% )  (0.07%)
                                                  #     37.8 %  tma_backend_bound      
                                                  #     37.8 %  tma_backend_bound_aux  
                                                  #     17.4 %  tma_frontend_bound       ( +-  1.98% )  (0.07%)

            6.4103 +- 0.0116 seconds time elapsed  ( +-  0.18% )

