
 Performance counter stats for './mandelbrot_seq -0.188 -0.012 0.554 0.754 16' (10 runs):

              1.42 msec task-clock                       #    0.721 CPUs utilized               ( +-  2.89% )
                 0      context-switches                 #    0.000 /sec                      
                 0      cpu-migrations                   #    0.000 /sec                      
                64      page-faults                      #   45.141 K/sec                       ( +-  0.39% )
         2,351,765      cpu_atom/cycles/                 #    1.659 GHz                         ( +- 11.26% )  (43.48%)
     <not counted>      cpu_core/cycles/                                                        ( +- 51.16% )  (0.00%)
         2,215,959      cpu_atom/instructions/           #    0.94  insn per cycle              ( +- 12.17% )
     <not counted>      cpu_core/instructions/                                                  ( +- 51.05% )  (0.00%)
           293,150      cpu_atom/branches/               #  206.768 M/sec                       ( +- 11.31% )
     <not counted>      cpu_core/branches/                                                      ( +- 53.42% )  (0.00%)
             8,948      cpu_atom/branch-misses/          #    3.05% of all branches             ( +- 12.35% )
     <not counted>      cpu_core/branch-misses/                                                 ( +- 55.27% )  (0.00%)
             TopdownL1 (cpu_atom)                 #      1.4 %  tma_bad_speculation    
                                                  #     21.1 %  tma_retiring             ( +- 11.70% )
                                                  #     56.9 %  tma_backend_bound      
                                                  #     56.9 %  tma_backend_bound_aux  
                                                  #     20.6 %  tma_frontend_bound       ( +- 11.34% )

         0.0019651 +- 0.0000571 seconds time elapsed  ( +-  2.90% )


 Performance counter stats for './mandelbrot_seq -0.188 -0.012 0.554 0.754 32' (10 runs):

              3.18 msec task-clock                       #    0.815 CPUs utilized               ( +-  4.00% )
                 0      context-switches                 #    0.000 /sec                      
                 0      cpu-migrations                   #    0.000 /sec                      
                72      page-faults                      #   22.632 K/sec                       ( +-  0.23% )
         4,730,807      cpu_atom/cycles/                 #    1.487 GHz                         ( +- 20.41% )  (41.83%)
     <not counted>      cpu_core/cycles/                                                        ( +- 33.47% )  (0.00%)
         4,600,354      cpu_atom/instructions/           #    0.97  insn per cycle              ( +- 21.13% )  (70.84%)
     <not counted>      cpu_core/instructions/                                                  ( +- 33.47% )  (0.00%)
           509,691      cpu_atom/branches/               #  160.212 M/sec                       ( +- 20.36% )  (70.80%)
     <not counted>      cpu_core/branches/                                                      ( +- 33.40% )  (0.00%)
            10,254      cpu_atom/branch-misses/          #    2.01% of all branches             ( +- 22.98% )  (94.32%)
     <not counted>      cpu_core/branch-misses/                                                 ( +- 34.32% )  (0.00%)
             TopdownL1 (cpu_atom)                 #     -2.3 %  tma_bad_speculation    
                                                  #     20.7 %  tma_retiring             ( +- 20.79% )
                                                  #     68.2 %  tma_backend_bound      
                                                  #     68.2 %  tma_backend_bound_aux  
                                                  #     13.4 %  tma_frontend_bound       ( +- 20.41% )

          0.003904 +- 0.000122 seconds time elapsed  ( +-  3.13% )


 Performance counter stats for './mandelbrot_seq -0.188 -0.012 0.554 0.754 64' (10 runs):

             16.35 msec task-clock                       #    0.932 CPUs utilized               ( +-  4.10% )
                 2      context-switches                 #  122.311 /sec                        ( +- 21.08% )
                 0      cpu-migrations                   #    0.000 /sec                      
               102      page-faults                      #    6.238 K/sec                       ( +-  0.16% )
        20,452,008      cpu_atom/cycles/                 #    1.251 GHz                         ( +-  4.69% )  (7.75%)
        16,389,771      cpu_core/cycles/                 #    1.002 GHz                         ( +- 17.34% )  (91.31%)
        20,237,079      cpu_atom/instructions/           #    0.99  insn per cycle              ( +-  5.97% )  (8.69%)
        22,384,346      cpu_core/instructions/           #    1.09  insn per cycle              ( +- 17.18% )  (91.31%)
         2,382,301      cpu_atom/branches/               #  145.691 M/sec                       ( +-  9.35% )  (8.69%)
         2,260,147      cpu_core/branches/               #  138.221 M/sec                       ( +- 22.36% )  (91.31%)
            34,409      cpu_atom/branch-misses/          #    1.44% of all branches             ( +- 26.64% )  (8.69%)
            19,727      cpu_core/branch-misses/          #    0.83% of all branches             ( +- 40.46% )  (91.31%)
             TopdownL1 (cpu_core)                 #     63.0 %  tma_backend_bound      
                                                  #      2.1 %  tma_bad_speculation    
                                                  #     11.6 %  tma_frontend_bound     
                                                  #     23.3 %  tma_retiring             ( +- 17.23% )  (91.31%)
             TopdownL1 (cpu_atom)                 #      3.3 %  tma_bad_speculation    
                                                  #     21.3 %  tma_retiring             ( +-  4.24% )  (8.69%)
                                                  #     62.1 %  tma_backend_bound      
                                                  #     62.1 %  tma_backend_bound_aux  
                                                  #     13.3 %  tma_frontend_bound       ( +-  4.15% )  (8.69%)

          0.017553 +- 0.000637 seconds time elapsed  ( +-  3.63% )


 Performance counter stats for './mandelbrot_seq -0.188 -0.012 0.554 0.754 128' (10 runs):

             36.13 msec task-clock                       #    0.978 CPUs utilized               ( +-  3.24% )
                 3      context-switches                 #   83.026 /sec                        ( +- 37.58% )
                 1      cpu-migrations                   #   27.675 /sec                        ( +- 24.94% )
               222      page-faults                      #    6.144 K/sec                       ( +-  0.13% )
        66,356,836      cpu_atom/cycles/                 #    1.836 GHz                         ( +-  4.92% )  (18.23%)
        60,211,649      cpu_core/cycles/                 #    1.666 GHz                         ( +- 11.27% )  (73.48%)
        77,267,780      cpu_atom/instructions/           #    1.16  insn per cycle              ( +- 10.76% )  (23.68%)
        85,852,280      cpu_core/instructions/           #    1.29  insn per cycle              ( +- 11.24% )  (73.48%)
        11,377,641      cpu_atom/branches/               #  314.879 M/sec                       ( +- 17.50% )  (23.68%)
         6,991,093      cpu_core/branches/               #  193.480 M/sec                       ( +- 11.22% )  (73.48%)
           147,680      cpu_atom/branch-misses/          #    1.30% of all branches             ( +- 30.32% )  (23.68%)
            21,848      cpu_core/branch-misses/          #    0.19% of all branches             ( +- 11.34% )  (73.48%)
             TopdownL1 (cpu_core)                 #     74.0 %  tma_backend_bound      
                                                  #      0.6 %  tma_bad_speculation    
                                                  #      1.5 %  tma_frontend_bound     
                                                  #     23.9 %  tma_retiring             ( +- 11.27% )  (73.48%)
             TopdownL1 (cpu_atom)                 #      5.2 %  tma_bad_speculation    
                                                  #     25.4 %  tma_retiring             ( +- 10.20% )  (23.67%)
                                                  #     54.1 %  tma_backend_bound      
                                                  #     54.1 %  tma_backend_bound_aux  
                                                  #     15.3 %  tma_frontend_bound       ( +-  4.64% )  (23.68%)

           0.03693 +- 0.00117 seconds time elapsed  ( +-  3.16% )


 Performance counter stats for './mandelbrot_seq -0.188 -0.012 0.554 0.754 256' (10 runs):

            133.12 msec task-clock                       #    0.993 CPUs utilized               ( +-  5.59% )
                 3      context-switches                 #   22.536 /sec                        ( +- 45.66% )
                 1      cpu-migrations                   #    7.512 /sec                        ( +- 34.80% )
               703      page-faults                      #    5.281 K/sec                       ( +-  0.03% )
     <not counted>      cpu_atom/cycles/                                                        ( +- 27.42% )  (0.00%)
       253,456,693      cpu_core/cycles/                 #    1.904 GHz                         ( +-  0.74% )
     <not counted>      cpu_atom/instructions/                                                  ( +- 27.85% )  (0.00%)
       366,532,341      cpu_core/instructions/           #    2.69  insn per cycle              ( +-  0.49% )
     <not counted>      cpu_atom/branches/                                                      ( +- 30.40% )  (0.00%)
        30,051,888      cpu_core/branches/               #  225.750 M/sec                       ( +-  1.10% )
     <not counted>      cpu_atom/branch-misses/                                                 ( +- 28.96% )  (0.00%)
            77,048      cpu_core/branch-misses/          #    0.33% of all branches             ( +-  0.67% )
             TopdownL1 (cpu_core)                 #     74.3 %  tma_backend_bound      
                                                  #      0.4 %  tma_bad_speculation    
                                                  #      1.0 %  tma_frontend_bound     
                                                  #     24.2 %  tma_retiring             ( +-  0.71% )

           0.13409 +- 0.00750 seconds time elapsed  ( +-  5.59% )


 Performance counter stats for './mandelbrot_seq -0.188 -0.012 0.554 0.754 512' (10 runs):

            474.61 msec task-clock                       #    0.997 CPUs utilized               ( +-  0.88% )
                 7      context-switches                 #   14.749 /sec                        ( +- 21.63% )
                 2      cpu-migrations                   #    4.214 /sec                        ( +- 24.49% )
             2,623      page-faults                      #    5.527 K/sec                       ( +-  0.01% )
       781,974,055      cpu_atom/cycles/                 #    1.648 GHz                         ( +- 11.48% )  (1.44%)
       997,080,725      cpu_core/cycles/                 #    2.101 GHz                         ( +-  0.40% )  (97.69%)
     1,349,359,243      cpu_atom/instructions/           #    1.73  insn per cycle              ( +- 18.89% )  (1.88%)
     1,442,692,713      cpu_core/instructions/           #    1.84  insn per cycle              ( +-  0.42% )  (97.69%)
       257,995,885      cpu_atom/branches/               #  543.591 M/sec                       ( +- 21.55% )  (2.07%)
       117,798,256      cpu_core/branches/               #  248.198 M/sec                       ( +-  1.23% )  (97.69%)
         1,301,650      cpu_atom/branch-misses/          #    0.50% of all branches             ( +- 47.51% )  (2.09%)
           275,084      cpu_core/branch-misses/          #    0.11% of all branches             ( +-  0.44% )  (97.69%)
             TopdownL1 (cpu_core)                 #     74.5 %  tma_backend_bound      
                                                  #      0.4 %  tma_bad_speculation    
                                                  #      0.9 %  tma_frontend_bound     
                                                  #     24.2 %  tma_retiring             ( +-  0.39% )  (97.69%)
             TopdownL1 (cpu_atom)                 #      7.4 %  tma_bad_speculation    
                                                  #     39.4 %  tma_retiring             ( +- 18.36% )  (2.09%)
                                                  #     36.7 %  tma_backend_bound      
                                                  #     36.7 %  tma_backend_bound_aux  
                                                  #     16.5 %  tma_frontend_bound       ( +- 11.50% )  (2.09%)

           0.47620 +- 0.00416 seconds time elapsed  ( +-  0.87% )


 Performance counter stats for './mandelbrot_seq -0.188 -0.012 0.554 0.754 1024' (10 runs):

          1,820.29 msec task-clock                       #    0.997 CPUs utilized               ( +-  0.25% )
                21      context-switches                 #   11.537 /sec                        ( +- 18.89% )
                 2      cpu-migrations                   #    1.099 /sec                        ( +- 33.99% )
            10,303      page-faults                      #    5.660 K/sec                       ( +-  0.00% )
     3,011,432,216      cpu_atom/cycles/                 #    1.654 GHz                         ( +- 11.37% )  (0.93%)
     3,944,171,366      cpu_core/cycles/                 #    2.167 GHz                         ( +-  0.07% )  (98.74%)
     6,683,419,574      cpu_atom/instructions/           #    2.22  insn per cycle              ( +- 12.45% )  (1.09%)
     5,766,843,013      cpu_core/instructions/           #    1.91  insn per cycle              ( +-  0.06% )  (98.74%)
     1,376,689,965      cpu_atom/branches/               #  756.301 M/sec                       ( +- 13.37% )  (1.09%)
       481,957,937      cpu_core/branches/               #  264.769 M/sec                       ( +-  0.25% )  (98.74%)
         1,947,357      cpu_atom/branch-misses/          #    0.14% of all branches             ( +- 21.42% )  (1.09%)
         1,048,461      cpu_core/branch-misses/          #    0.08% of all branches             ( +-  0.11% )  (98.74%)
             TopdownL1 (cpu_core)                 #     73.6 %  tma_backend_bound      
                                                  #      0.6 %  tma_bad_speculation    
                                                  #      1.3 %  tma_frontend_bound     
                                                  #     24.6 %  tma_retiring             ( +-  0.06% )  (98.74%)
             TopdownL1 (cpu_atom)                 #      2.9 %  tma_bad_speculation    
                                                  #     50.4 %  tma_retiring             ( +- 12.39% )  (1.07%)
                                                  #     34.3 %  tma_backend_bound      
                                                  #     34.3 %  tma_backend_bound_aux  
                                                  #     12.4 %  tma_frontend_bound       ( +- 11.36% )  (1.12%)

           1.82663 +- 0.00452 seconds time elapsed  ( +-  0.25% )


 Performance counter stats for './mandelbrot_seq -0.188 -0.012 0.554 0.754 2048' (10 runs):

          7,226.03 msec task-clock                       #    0.998 CPUs utilized               ( +-  0.16% )
                51      context-switches                 #    7.058 /sec                        ( +- 12.00% )
                 8      cpu-migrations                   #    1.107 /sec                        ( +- 25.63% )
            41,023      page-faults                      #    5.677 K/sec                       ( +-  0.00% )
    12,051,140,408      cpu_atom/cycles/                 #    1.668 GHz                         ( +- 11.40% )  (0.08%)
    15,742,345,031      cpu_core/cycles/                 #    2.179 GHz                         ( +-  0.03% )  (99.90%)
    23,216,835,680      cpu_atom/instructions/           #    1.93  insn per cycle              ( +- 14.04% )  (0.09%)
    23,100,630,222      cpu_core/instructions/           #    1.92  insn per cycle              ( +-  0.04% )  (99.90%)
     4,411,448,712      cpu_atom/branches/               #  610.494 M/sec                       ( +- 18.11% )  (0.09%)
     1,947,175,550      cpu_core/branches/               #  269.467 M/sec                       ( +-  0.13% )  (99.90%)
         8,606,974      cpu_atom/branch-misses/          #    0.20% of all branches             ( +- 26.55% )  (0.09%)
         4,114,846      cpu_core/branch-misses/          #    0.09% of all branches             ( +-  0.06% )  (99.90%)
             TopdownL1 (cpu_core)                 #     73.0 %  tma_backend_bound      
                                                  #      0.6 %  tma_bad_speculation    
                                                  #      1.6 %  tma_frontend_bound     
                                                  #     24.8 %  tma_retiring             ( +-  0.03% )  (99.90%)
             TopdownL1 (cpu_atom)                 #      2.9 %  tma_bad_speculation    
                                                  #     43.0 %  tma_retiring             ( +- 14.38% )  (0.09%)
                                                  #     43.8 %  tma_backend_bound      
                                                  #     43.8 %  tma_backend_bound_aux  
                                                  #     10.4 %  tma_frontend_bound       ( +- 11.40% )  (0.09%)

            7.2373 +- 0.0114 seconds time elapsed  ( +-  0.16% )

