
 Performance counter stats for './mandelbrot_pth 0.175 0.375 -0.1 0.1 512 1' (10 runs):

            362.28 msec task-clock                       #    0.997 CPUs utilized               ( +-  0.62% )
                 4      context-switches                 #   11.041 /sec                        ( +- 13.54% )
                 2      cpu-migrations                   #    5.521 /sec                        ( +- 20.34% )
                77      page-faults                      #  212.543 /sec                        ( +-  0.22% )
        76,091,008      cpu_atom/cycles/                 #    0.210 GHz                         ( +- 82.26% )  (72.74%)
       787,239,437      cpu_core/cycles/                 #    2.173 GHz                         ( +-  0.12% )  (97.95%)
        72,489,938      cpu_atom/instructions/           #    0.95  insn per cycle              ( +- 82.04% )  (83.12%)
     1,094,434,008      cpu_core/instructions/           #   14.38  insn per cycle              ( +-  0.13% )  (97.95%)
         6,018,759      cpu_atom/branches/               #   16.614 M/sec                       ( +- 82.11% )  (83.13%)
        81,803,000      cpu_core/branches/               #  225.801 M/sec                       ( +-  0.14% )  (97.95%)
            57,087      cpu_atom/branch-misses/          #    0.95% of all branches             ( +- 82.54% )  (83.11%)
           224,517      cpu_core/branch-misses/          #    3.73% of all branches             ( +-  0.56% )  (97.95%)
             TopdownL1 (cpu_core)                 #     75.9 %  tma_backend_bound      
                                                  #      0.4 %  tma_bad_speculation    
                                                  #      0.5 %  tma_frontend_bound     
                                                  #     23.2 %  tma_retiring             ( +-  0.13% )  (97.95%)
             TopdownL1 (cpu_atom)                 #     -0.4 %  tma_bad_speculation    
                                                  #     19.5 %  tma_retiring             ( +- 82.03% )  (83.12%)
                                                  #     77.3 %  tma_backend_bound      
                                                  #     77.3 %  tma_backend_bound_aux  
                                                  #      3.6 %  tma_frontend_bound       ( +- 82.00% )  (83.11%)

           0.36332 +- 0.00245 seconds time elapsed  ( +-  0.68% )


 Performance counter stats for './mandelbrot_pth 0.175 0.375 -0.1 0.1 512 2' (10 runs):

            488.21 msec task-clock                       #    1.971 CPUs utilized               ( +-  2.14% )
                14      context-switches                 #   28.676 /sec                        ( +- 15.44% )
                 3      cpu-migrations                   #    6.145 /sec                        ( +- 12.22% )
                79      page-faults                      #  161.817 /sec                        ( +-  0.32% )
       130,780,827      cpu_atom/cycles/                 #    0.268 GHz                         ( +- 39.29% )  (18.11%)
       804,031,718      cpu_core/cycles/                 #    1.647 GHz                         ( +-  0.29% )  (88.06%)
       127,339,470      cpu_atom/instructions/           #    0.97  insn per cycle              ( +- 39.07% )  (21.34%)
     1,105,722,094      cpu_core/instructions/           #    8.45  insn per cycle              ( +-  0.32% )  (88.06%)
        10,078,675      cpu_atom/branches/               #   20.644 M/sec                       ( +- 39.41% )  (21.81%)
        82,755,711      cpu_core/branches/               #  169.509 M/sec                       ( +-  0.30% )  (88.06%)
            62,471      cpu_atom/branch-misses/          #    0.62% of all branches             ( +- 46.30% )  (21.75%)
           233,634      cpu_core/branch-misses/          #    2.32% of all branches             ( +-  0.55% )  (88.06%)
             TopdownL1 (cpu_core)                 #     75.4 %  tma_backend_bound      
                                                  #      0.4 %  tma_bad_speculation    
                                                  #      0.9 %  tma_frontend_bound     
                                                  #     23.3 %  tma_retiring             ( +-  0.32% )  (88.06%)
             TopdownL1 (cpu_atom)                 #     -0.6 %  tma_bad_speculation    
                                                  #     19.7 %  tma_retiring             ( +- 39.07% )  (21.75%)
                                                  #     79.0 %  tma_backend_bound      
                                                  #     79.0 %  tma_backend_bound_aux  
                                                  #      1.9 %  tma_frontend_bound       ( +- 39.15% )  (21.75%)

           0.24774 +- 0.00541 seconds time elapsed  ( +-  2.18% )


 Performance counter stats for './mandelbrot_pth 0.175 0.375 -0.1 0.1 512 4' (10 runs):

            616.83 msec task-clock                       #    3.301 CPUs utilized               ( +-  0.65% )
                23      context-switches                 #   37.287 /sec                        ( +- 31.46% )
                 6      cpu-migrations                   #    9.727 /sec                        ( +-  5.12% )
                83      page-faults                      #  134.558 /sec                        ( +-  0.32% )
       410,544,725      cpu_atom/cycles/                 #    0.666 GHz                         ( +-  3.96% )  (74.81%)
       922,531,680      cpu_core/cycles/                 #    1.496 GHz                         ( +-  0.40% )  (60.41%)
       404,525,578      cpu_atom/instructions/           #    0.99  insn per cycle              ( +-  4.02% )  (87.17%)
     1,278,750,041      cpu_core/instructions/           #    3.11  insn per cycle              ( +-  0.42% )  (60.41%)
        30,474,375      cpu_atom/branches/               #   49.405 M/sec                       ( +-  4.05% )  (87.20%)
        95,736,567      cpu_core/branches/               #  155.207 M/sec                       ( +-  0.40% )  (60.41%)
            98,144      cpu_atom/branch-misses/          #    0.32% of all branches             ( +-  4.75% )  (87.15%)
           275,071      cpu_core/branch-misses/          #    0.90% of all branches             ( +-  0.59% )  (60.41%)
             TopdownL1 (cpu_core)                 #     75.6 %  tma_backend_bound      
                                                  #      0.4 %  tma_bad_speculation    
                                                  #      0.7 %  tma_frontend_bound     
                                                  #     23.3 %  tma_retiring             ( +-  0.51% )  (60.41%)
             TopdownL1 (cpu_atom)                 #      0.6 %  tma_bad_speculation    
                                                  #     19.7 %  tma_retiring             ( +-  4.02% )  (87.25%)
                                                  #     79.3 %  tma_backend_bound      
                                                  #     79.3 %  tma_backend_bound_aux  
                                                  #      0.3 %  tma_frontend_bound       ( +-  3.97% )  (87.19%)

           0.18685 +- 0.00116 seconds time elapsed  ( +-  0.62% )


 Performance counter stats for './mandelbrot_pth 0.175 0.375 -0.1 0.1 512 8' (10 runs):

            913.57 msec task-clock                       #    6.308 CPUs utilized               ( +-  0.98% )
                90      context-switches                 #   98.515 /sec                        ( +-  2.24% )
                11      cpu-migrations                   #   12.041 /sec                        ( +- 16.25% )
                91      page-faults                      #   99.610 /sec                        ( +-  0.37% )
       804,248,437      cpu_atom/cycles/                 #    0.880 GHz                         ( +-  4.08% )  (66.99%)
       729,708,331      cpu_core/cycles/                 #    0.799 GHz                         ( +-  5.07% )  (23.45%)
       789,700,756      cpu_atom/instructions/           #    0.98  insn per cycle              ( +-  4.02% )  (78.09%)
       987,388,549      cpu_core/instructions/           #    1.23  insn per cycle              ( +-  5.10% )  (23.45%)
        59,491,198      cpu_atom/branches/               #   65.120 M/sec                       ( +-  4.03% )  (78.16%)
        74,602,981      cpu_core/branches/               #   81.661 M/sec                       ( +-  5.16% )  (23.45%)
           189,781      cpu_atom/branch-misses/          #    0.32% of all branches             ( +-  5.07% )  (78.28%)
           243,862      cpu_core/branch-misses/          #    0.41% of all branches             ( +-  5.57% )  (23.45%)
             TopdownL1 (cpu_core)                 #     74.5 %  tma_backend_bound      
                                                  #      0.6 %  tma_bad_speculation    
                                                  #      1.6 %  tma_frontend_bound     
                                                  #     23.3 %  tma_retiring             ( +-  5.28% )  (23.45%)
             TopdownL1 (cpu_atom)                 #      0.8 %  tma_bad_speculation    
                                                  #     19.6 %  tma_retiring             ( +-  3.97% )  (78.28%)
                                                  #     79.0 %  tma_backend_bound      
                                                  #     79.0 %  tma_backend_bound_aux  
                                                  #      0.5 %  tma_frontend_bound       ( +-  3.97% )  (78.57%)

           0.14483 +- 0.00188 seconds time elapsed  ( +-  1.30% )


 Performance counter stats for './mandelbrot_pth 0.175 0.375 -0.1 0.1 512 16' (10 runs):

            932.17 msec task-clock                       #    9.113 CPUs utilized               ( +-  0.29% )
                82      context-switches                 #   87.967 /sec                        ( +- 11.24% )
                12      cpu-migrations                   #   12.873 /sec                        ( +-  7.68% )
               108      page-faults                      #  115.859 /sec                        ( +-  0.28% )
       806,827,582      cpu_atom/cycles/                 #    0.866 GHz                         ( +-  1.32% )  (62.96%)
       565,505,087      cpu_core/cycles/                 #    0.607 GHz                         ( +-  8.71% )  (86.67%)
       782,799,036      cpu_atom/instructions/           #    0.97  insn per cycle              ( +-  1.59% )  (73.46%)
       657,928,114      cpu_core/instructions/           #    0.82  insn per cycle              ( +-  9.17% )  (86.67%)
        59,865,453      cpu_atom/branches/               #   64.222 M/sec                       ( +-  1.27% )  (73.73%)
        49,762,832      cpu_core/branches/               #   53.384 M/sec                       ( +-  9.09% )  (86.67%)
           197,278      cpu_atom/branch-misses/          #    0.33% of all branches             ( +-  2.13% )  (74.12%)
           165,219      cpu_core/branch-misses/          #    0.28% of all branches             ( +-  9.14% )  (86.67%)
             TopdownL1 (cpu_core)                 #     54.0 %  tma_backend_bound      
                                                  #      2.5 %  tma_bad_speculation    
                                                  #     13.3 %  tma_frontend_bound     
                                                  #     30.2 %  tma_retiring             ( +-  9.98% )  (86.67%)
             TopdownL1 (cpu_atom)                 #      0.8 %  tma_bad_speculation    
                                                  #     19.7 %  tma_retiring             ( +-  1.28% )  (74.29%)
                                                  #     79.1 %  tma_backend_bound      
                                                  #     79.1 %  tma_backend_bound_aux  
                                                  #      0.4 %  tma_frontend_bound       ( +-  1.31% )  (74.43%)

          0.102287 +- 0.000526 seconds time elapsed  ( +-  0.51% )


 Performance counter stats for './mandelbrot_pth 0.175 0.375 -0.1 0.1 512 32' (10 runs):

            970.12 msec task-clock                       #   10.611 CPUs utilized               ( +-  0.26% )
               246      context-switches                 #  253.576 /sec                        ( +-  1.31% )
                18      cpu-migrations                   #   18.554 /sec                        ( +-  4.49% )
               141      page-faults                      #  145.342 /sec                        ( +-  0.16% )
       753,055,602      cpu_atom/cycles/                 #    0.776 GHz                         ( +-  1.22% )  (70.14%)
       472,935,605      cpu_core/cycles/                 #    0.488 GHz                         ( +-  2.55% )  (75.83%)
       740,098,325      cpu_atom/instructions/           #    0.98  insn per cycle              ( +-  1.25% )  (82.86%)
       520,969,840      cpu_core/instructions/           #    0.69  insn per cycle              ( +-  2.54% )  (75.83%)
        55,782,480      cpu_atom/branches/               #   57.500 M/sec                       ( +-  1.24% )  (82.89%)
        39,934,945      cpu_core/branches/               #   41.165 M/sec                       ( +-  2.52% )  (75.83%)
           187,043      cpu_atom/branch-misses/          #    0.34% of all branches             ( +-  1.32% )  (83.15%)
           136,156      cpu_core/branch-misses/          #    0.24% of all branches             ( +-  2.53% )  (75.83%)
             TopdownL1 (cpu_core)                 #     41.4 %  tma_backend_bound      
                                                  #      3.7 %  tma_bad_speculation    
                                                  #     20.5 %  tma_frontend_bound     
                                                  #     34.3 %  tma_retiring             ( +-  2.49% )  (75.83%)
             TopdownL1 (cpu_atom)                 #      0.8 %  tma_bad_speculation    
                                                  #     19.7 %  tma_retiring             ( +-  1.26% )  (84.02%)
                                                  #     79.1 %  tma_backend_bound      
                                                  #     79.1 %  tma_backend_bound_aux  
                                                  #      0.5 %  tma_frontend_bound       ( +-  1.27% )  (84.32%)

          0.091427 +- 0.000697 seconds time elapsed  ( +-  0.76% )

