
 Performance counter stats for './mandelbrot_pth -2.5 1.5 -2.0 2.0 512 1' (10 runs):

             55.64 msec task-clock                       #    0.984 CPUs utilized               ( +-  1.88% )
                 2      context-switches                 #   35.943 /sec                        ( +-  8.33% )
                 1      cpu-migrations                   #   17.972 /sec                        ( +- 23.33% )
                77      page-faults                      #    1.384 K/sec                       ( +-  0.38% )
        19,167,659      cpu_atom/cycles/                 #    0.344 GHz                         ( +- 21.54% )  (67.08%)
       117,598,315      cpu_core/cycles/                 #    2.113 GHz                         ( +-  1.09% )  (80.48%)
        24,516,183      cpu_atom/instructions/           #    1.28  insn per cycle              ( +- 16.56% )  (81.34%)
       170,815,508      cpu_core/instructions/           #    8.91  insn per cycle              ( +-  1.13% )  (80.48%)
         2,067,446      cpu_atom/branches/               #   37.155 M/sec                       ( +- 15.77% )  (81.38%)
        13,199,886      cpu_core/branches/               #  237.223 M/sec                       ( +-  1.06% )  (80.48%)
            10,538      cpu_atom/branch-misses/          #    0.51% of all branches             ( +- 20.85% )  (81.35%)
            54,154      cpu_core/branch-misses/          #    2.62% of all branches             ( +-  1.27% )  (80.48%)
             TopdownL1 (cpu_core)                 #     73.2 %  tma_backend_bound      
                                                  #      1.0 %  tma_bad_speculation    
                                                  #      1.5 %  tma_frontend_bound     
                                                  #     24.3 %  tma_retiring             ( +-  1.10% )  (80.48%)
             TopdownL1 (cpu_atom)                 #     -0.9 %  tma_bad_speculation    
                                                  #     25.5 %  tma_retiring             ( +- 17.10% )  (89.09%)
                                                  #     74.2 %  tma_backend_bound      
                                                  #     74.2 %  tma_backend_bound_aux  
                                                  #      1.3 %  tma_frontend_bound       ( +- 21.36% )  (89.19%)

           0.05654 +- 0.00113 seconds time elapsed  ( +-  1.99% )


 Performance counter stats for './mandelbrot_pth -2.5 1.5 -2.0 2.0 512 2' (10 runs):

             70.57 msec task-clock                       #    1.867 CPUs utilized               ( +-  1.96% )
                 4      context-switches                 #   56.681 /sec                        ( +- 11.06% )
                 3      cpu-migrations                   #   42.511 /sec                        ( +- 11.60% )
                79      page-faults                      #    1.119 K/sec                       ( +-  0.39% )
        37,932,174      cpu_atom/cycles/                 #    0.538 GHz                         ( +- 14.37% )  (62.12%)
       123,103,205      cpu_core/cycles/                 #    1.744 GHz                         ( +-  1.31% )  (82.06%)
        41,617,538      cpu_atom/instructions/           #    1.10  insn per cycle              ( +- 12.82% )  (79.22%)
       179,373,057      cpu_core/instructions/           #    4.73  insn per cycle              ( +-  1.52% )  (82.06%)
         3,438,597      cpu_atom/branches/               #   48.726 M/sec                       ( +- 12.10% )  (79.25%)
        13,911,772      cpu_core/branches/               #  197.133 M/sec                       ( +-  1.66% )  (82.06%)
            18,558      cpu_atom/branch-misses/          #    0.54% of all branches             ( +- 13.63% )  (87.15%)
            60,199      cpu_core/branch-misses/          #    1.75% of all branches             ( +-  3.97% )  (82.06%)
             TopdownL1 (cpu_core)                 #     72.9 %  tma_backend_bound      
                                                  #      1.2 %  tma_bad_speculation    
                                                  #      1.6 %  tma_frontend_bound     
                                                  #     24.4 %  tma_retiring             ( +-  1.33% )  (82.06%)
             TopdownL1 (cpu_atom)                 #      0.2 %  tma_bad_speculation    
                                                  #     22.5 %  tma_retiring             ( +- 12.85% )  (87.31%)
                                                  #     75.8 %  tma_backend_bound      
                                                  #     75.8 %  tma_backend_bound_aux  
                                                  #      1.5 %  tma_frontend_bound       ( +- 14.37% )  (87.26%)

          0.037798 +- 0.000934 seconds time elapsed  ( +-  2.47% )


 Performance counter stats for './mandelbrot_pth -2.5 1.5 -2.0 2.0 512 4' (10 runs):

             75.77 msec task-clock                       #    1.962 CPUs utilized               ( +-  3.77% )
                 6      context-switches                 #   79.191 /sec                        ( +- 19.48% )
                 2      cpu-migrations                   #   26.397 /sec                        ( +- 11.06% )
                83      page-faults                      #    1.095 K/sec                       ( +-  0.32% )
        25,900,420      cpu_atom/cycles/                 #    0.342 GHz                         ( +- 13.10% )  (66.87%)
       117,664,185      cpu_core/cycles/                 #    1.553 GHz                         ( +-  1.07% )  (78.38%)
        30,000,591      cpu_atom/instructions/           #    1.16  insn per cycle              ( +- 10.74% )  (87.73%)
       166,779,668      cpu_core/instructions/           #    6.44  insn per cycle              ( +-  1.18% )  (78.38%)
         3,023,601      cpu_atom/branches/               #   39.907 M/sec                       ( +-  9.71% )  (88.53%)
        12,677,251      cpu_core/branches/               #  167.321 M/sec                       ( +-  1.20% )  (78.38%)
            26,926      cpu_atom/branch-misses/          #    0.89% of all branches             ( +-  6.64% )  (88.59%)
            46,574      cpu_core/branch-misses/          #    1.54% of all branches             ( +-  2.16% )  (78.38%)
             TopdownL1 (cpu_core)                 #     73.7 %  tma_backend_bound      
                                                  #      1.0 %  tma_bad_speculation    
                                                  #      1.3 %  tma_frontend_bound     
                                                  #     24.0 %  tma_retiring             ( +-  1.04% )  (78.38%)
             TopdownL1 (cpu_atom)                 #      0.8 %  tma_bad_speculation    
                                                  #     25.6 %  tma_retiring             ( +- 10.69% )  (88.57%)
                                                  #     68.2 %  tma_backend_bound      
                                                  #     68.2 %  tma_backend_bound_aux  
                                                  #      5.4 %  tma_frontend_bound       ( +- 12.88% )  (88.55%)

           0.03861 +- 0.00159 seconds time elapsed  ( +-  4.11% )


 Performance counter stats for './mandelbrot_pth -2.5 1.5 -2.0 2.0 512 8' (10 runs):

            102.11 msec task-clock                       #    2.379 CPUs utilized               ( +-  2.10% )
                13      context-switches                 #  127.308 /sec                        ( +-  7.61% )
                 3      cpu-migrations                   #   29.379 /sec                        ( +- 19.25% )
                93      page-faults                      #  910.744 /sec                        ( +-  0.58% )
        53,511,826      cpu_atom/cycles/                 #    0.524 GHz                         ( +- 11.10% )  (61.86%)
       113,007,446      cpu_core/cycles/                 #    1.107 GHz                         ( +-  2.60% )  (61.63%)
        59,520,310      cpu_atom/instructions/           #    1.11  insn per cycle              ( +- 10.42% )  (71.45%)
       157,166,206      cpu_core/instructions/           #    2.94  insn per cycle              ( +-  2.84% )  (61.63%)
         5,196,121      cpu_atom/branches/               #   50.885 M/sec                       ( +-  9.23% )  (73.73%)
        12,065,492      cpu_core/branches/               #  118.157 M/sec                       ( +-  2.91% )  (61.63%)
            40,674      cpu_atom/branch-misses/          #    0.78% of all branches             ( +-  9.13% )  (75.08%)
            49,000      cpu_core/branch-misses/          #    0.94% of all branches             ( +-  5.68% )  (61.63%)
             TopdownL1 (cpu_core)                 #     73.2 %  tma_backend_bound      
                                                  #      1.0 %  tma_bad_speculation    
                                                  #      2.0 %  tma_frontend_bound     
                                                  #     23.8 %  tma_retiring             ( +-  2.67% )  (61.63%)
             TopdownL1 (cpu_atom)                 #      0.9 %  tma_bad_speculation    
                                                  #     22.8 %  tma_retiring             ( +-  9.94% )  (75.07%)
                                                  #     72.2 %  tma_backend_bound      
                                                  #     72.2 %  tma_backend_bound_aux  
                                                  #      4.1 %  tma_frontend_bound       ( +- 10.66% )  (76.16%)

           0.04291 +- 0.00112 seconds time elapsed  ( +-  2.62% )


 Performance counter stats for './mandelbrot_pth -2.5 1.5 -2.0 2.0 512 16' (10 runs):

            127.28 msec task-clock                       #    3.679 CPUs utilized               ( +-  1.31% )
                26      context-switches                 #  204.279 /sec                        ( +-  8.35% )
                 8      cpu-migrations                   #   62.855 /sec                        ( +-  7.03% )
               109      page-faults                      #  856.400 /sec                        ( +-  0.36% )
        94,875,792      cpu_atom/cycles/                 #    0.745 GHz                         ( +-  2.86% )  (72.86%)
        92,493,630      cpu_core/cycles/                 #    0.727 GHz                         ( +-  9.53% )  (61.92%)
        98,717,562      cpu_atom/instructions/           #    1.04  insn per cycle              ( +-  2.54% )  (82.47%)
       125,866,007      cpu_core/instructions/           #    1.33  insn per cycle              ( +-  9.53% )  (61.92%)
         8,202,567      cpu_atom/branches/               #   64.447 M/sec                       ( +-  2.33% )  (81.08%)
         9,932,128      cpu_core/branches/               #   78.036 M/sec                       ( +-  9.53% )  (61.92%)
            57,861      cpu_atom/branch-misses/          #    0.71% of all branches             ( +-  3.34% )  (75.74%)
            50,479      cpu_core/branch-misses/          #    0.62% of all branches             ( +- 11.49% )  (61.92%)
             TopdownL1 (cpu_core)                 #     70.2 %  tma_backend_bound      
                                                  #      1.5 %  tma_bad_speculation    
                                                  #      3.9 %  tma_frontend_bound     
                                                  #     24.3 %  tma_retiring             ( +-  9.55% )  (61.92%)
             TopdownL1 (cpu_atom)                 #      1.8 %  tma_bad_speculation    
                                                  #     21.1 %  tma_retiring             ( +-  2.37% )  (79.39%)
                                                  #     73.4 %  tma_backend_bound      
                                                  #     73.4 %  tma_backend_bound_aux  
                                                  #      3.7 %  tma_frontend_bound       ( +-  2.45% )  (80.80%)

          0.034600 +- 0.000615 seconds time elapsed  ( +-  1.78% )


 Performance counter stats for './mandelbrot_pth -2.5 1.5 -2.0 2.0 512 32' (10 runs):

            128.61 msec task-clock                       #    6.325 CPUs utilized               ( +-  1.06% )
                48      context-switches                 #  373.228 /sec                        ( +-  7.69% )
                17      cpu-migrations                   #  132.185 /sec                        ( +- 11.61% )
               141      page-faults                      #    1.096 K/sec                       ( +-  0.22% )
       120,399,136      cpu_atom/cycles/                 #    0.936 GHz                         ( +-  1.70% )  (51.89%)
        86,368,245      cpu_core/cycles/                 #    0.672 GHz                         ( +-  3.18% )  (60.71%)
       127,641,494      cpu_atom/instructions/           #    1.06  insn per cycle              ( +-  1.59% )  (69.37%)
       106,495,676      cpu_core/instructions/           #    0.88  insn per cycle              ( +-  3.66% )  (60.71%)
        10,762,305      cpu_atom/branches/               #   83.683 M/sec                       ( +-  1.39% )  (74.03%)
         8,676,692      cpu_core/branches/               #   67.466 M/sec                       ( +-  4.38% )  (60.71%)
            78,929      cpu_atom/branch-misses/          #    0.73% of all branches             ( +-  5.05% )  (75.67%)
            48,294      cpu_core/branch-misses/          #    0.45% of all branches             ( +-  9.85% )  (60.71%)
             TopdownL1 (cpu_core)                 #     58.2 %  tma_backend_bound      
                                                  #      2.6 %  tma_bad_speculation    
                                                  #     11.0 %  tma_frontend_bound     
                                                  #     28.3 %  tma_retiring             ( +-  4.21% )  (60.71%)
             TopdownL1 (cpu_atom)                 #      1.3 %  tma_bad_speculation    
                                                  #     21.4 %  tma_retiring             ( +-  1.62% )  (77.95%)
                                                  #     74.1 %  tma_backend_bound      
                                                  #     74.1 %  tma_backend_bound_aux  
                                                  #      3.3 %  tma_frontend_bound       ( +-  1.41% )  (77.64%)

          0.020332 +- 0.000248 seconds time elapsed  ( +-  1.22% )

