
 Performance counter stats for './mandelbrot_omp -2.5 1.5 -2.0 2.0 16' (10 runs):

              7.08 msec task-clock                       #    2.060 CPUs utilized               ( +-  2.54% )
                66      context-switches                 #    9.319 K/sec                       ( +-  2.59% )
                28      cpu-migrations                   #    3.954 K/sec                       ( +-  2.87% )
               134      page-faults                      #   18.921 K/sec                       ( +-  0.23% )
         7,368,791      cpu_atom/cycles/                 #    1.040 GHz                         ( +-  4.82% )  (46.59%)
         5,923,791      cpu_core/cycles/                 #    0.836 GHz                         ( +-  3.45% )  (64.26%)
         4,219,599      cpu_atom/instructions/           #    0.57  insn per cycle              ( +-  5.58% )  (66.87%)
         4,992,723      cpu_core/instructions/           #    0.68  insn per cycle              ( +-  7.20% )  (64.26%)
           789,716      cpu_atom/branches/               #  111.507 M/sec                       ( +-  5.63% )  (67.06%)
           890,120      cpu_core/branches/               #  125.683 M/sec                       ( +-  7.73% )  (64.26%)
            19,476      cpu_atom/branch-misses/          #    2.47% of all branches             ( +- 10.76% )  (67.06%)
            18,228      cpu_core/branch-misses/          #    2.31% of all branches             ( +-  5.21% )  (64.26%)
             TopdownL1 (cpu_core)                 #     40.1 %  tma_backend_bound      
                                                  #      7.0 %  tma_bad_speculation    
                                                  #     32.6 %  tma_frontend_bound     
                                                  #     20.3 %  tma_retiring             ( +-  4.12% )  (64.26%)
             TopdownL1 (cpu_atom)                 #     13.6 %  tma_bad_speculation    
                                                  #     16.8 %  tma_retiring             ( +-  4.53% )  (67.06%)
                                                  #     35.2 %  tma_backend_bound      
                                                  #     35.2 %  tma_backend_bound_aux  
                                                  #     34.3 %  tma_frontend_bound       ( +-  3.66% )  (67.06%)

          0.003438 +- 0.000112 seconds time elapsed  ( +-  3.26% )


 Performance counter stats for './mandelbrot_omp -2.5 1.5 -2.0 2.0 32' (10 runs):

              7.84 msec task-clock                       #    1.934 CPUs utilized               ( +-  2.65% )
                69      context-switches                 #    8.796 K/sec                       ( +-  1.91% )
                28      cpu-migrations                   #    3.570 K/sec                       ( +-  3.25% )
               134      page-faults                      #   17.083 K/sec                       ( +-  0.20% )
         8,824,249      cpu_atom/cycles/                 #    1.125 GHz                         ( +-  3.93% )  (9.58%)
         6,936,833      cpu_core/cycles/                 #    0.884 GHz                         ( +-  2.88% )  (36.75%)
         4,896,303      cpu_atom/instructions/           #    0.55  insn per cycle              ( +-  5.18% )  (73.98%)
         4,997,215      cpu_core/instructions/           #    0.57  insn per cycle              ( +-  8.12% )  (36.75%)
           973,993      cpu_atom/branches/               #  124.169 M/sec                       ( +-  6.61% )  (83.92%)
           865,215      cpu_core/branches/               #  110.302 M/sec                       ( +-  9.37% )  (36.75%)
            25,776      cpu_atom/branch-misses/          #    2.65% of all branches             ( +-  7.50% )  (83.92%)
            18,528      cpu_core/branch-misses/          #    1.90% of all branches             ( +-  8.57% )  (36.75%)
             TopdownL1 (cpu_core)                 #     46.0 %  tma_backend_bound      
                                                  #      7.0 %  tma_bad_speculation    
                                                  #     27.9 %  tma_frontend_bound     
                                                  #     19.0 %  tma_retiring             ( +-  4.44% )  (36.75%)
             TopdownL1 (cpu_atom)                 #      9.8 %  tma_bad_speculation    
                                                  #     18.3 %  tma_retiring             ( +-  6.03% )  (83.92%)
                                                  #     38.2 %  tma_backend_bound      
                                                  #     38.2 %  tma_backend_bound_aux  
                                                  #     33.8 %  tma_frontend_bound       ( +-  3.58% )  (83.92%)

          0.004057 +- 0.000184 seconds time elapsed  ( +-  4.53% )


 Performance counter stats for './mandelbrot_omp -2.5 1.5 -2.0 2.0 64' (10 runs):

             10.28 msec task-clock                       #    2.203 CPUs utilized               ( +-  3.96% )
                70      context-switches                 #    6.812 K/sec                       ( +-  3.14% )
                27      cpu-migrations                   #    2.627 K/sec                       ( +-  6.52% )
               134      page-faults                      #   13.040 K/sec                       ( +-  0.22% )
         9,111,285      cpu_atom/cycles/                 #    0.887 GHz                         ( +-  4.10% )  (36.81%)
         7,244,888      cpu_core/cycles/                 #    0.705 GHz                         ( +-  3.02% )  (67.55%)
         5,963,369      cpu_atom/instructions/           #    0.65  insn per cycle              ( +-  3.71% )  (64.68%)
         6,783,695      cpu_core/instructions/           #    0.74  insn per cycle              ( +-  4.82% )  (67.55%)
           909,462      cpu_atom/branches/               #   88.502 M/sec                       ( +-  5.42% )  (70.92%)
         1,082,761      cpu_core/branches/               #  105.366 M/sec                       ( +-  5.37% )  (67.55%)
            22,381      cpu_atom/branch-misses/          #    2.46% of all branches             ( +-  9.68% )  (71.60%)
            21,052      cpu_core/branch-misses/          #    2.31% of all branches             ( +-  5.45% )  (67.55%)
             TopdownL1 (cpu_core)                 #     40.9 %  tma_backend_bound      
                                                  #      7.0 %  tma_bad_speculation    
                                                  #     30.1 %  tma_frontend_bound     
                                                  #     22.1 %  tma_retiring             ( +-  4.16% )  (67.55%)
             TopdownL1 (cpu_atom)                 #      6.8 %  tma_bad_speculation    
                                                  #     17.4 %  tma_retiring             ( +-  4.30% )  (71.60%)
                                                  #     48.9 %  tma_backend_bound      
                                                  #     48.9 %  tma_backend_bound_aux  
                                                  #     26.9 %  tma_frontend_bound       ( +-  3.19% )  (71.60%)

          0.004665 +- 0.000282 seconds time elapsed  ( +-  6.04% )


 Performance counter stats for './mandelbrot_omp -2.5 1.5 -2.0 2.0 128' (10 runs):

             14.33 msec task-clock                       #    2.738 CPUs utilized               ( +-  1.49% )
                69      context-switches                 #    4.816 K/sec                       ( +-  1.69% )
                29      cpu-migrations                   #    2.024 K/sec                       ( +-  4.99% )
               134      page-faults                      #    9.353 K/sec                       ( +-  0.20% )
        15,982,763      cpu_atom/cycles/                 #    1.116 GHz                         ( +-  2.99% )  (50.07%)
        10,855,901      cpu_core/cycles/                 #    0.758 GHz                         ( +-  5.70% )  (64.58%)
        13,178,736      cpu_atom/instructions/           #    0.82  insn per cycle              ( +-  2.64% )  (68.90%)
        11,384,486      cpu_core/instructions/           #    0.71  insn per cycle              ( +-  5.58% )  (64.58%)
         1,517,324      cpu_atom/branches/               #  105.906 M/sec                       ( +-  3.49% )  (70.00%)
         1,492,210      cpu_core/branches/               #  104.153 M/sec                       ( +-  5.15% )  (64.58%)
            24,579      cpu_atom/branch-misses/          #    1.62% of all branches             ( +-  8.50% )  (70.00%)
            25,031      cpu_core/branch-misses/          #    1.65% of all branches             ( +-  7.01% )  (64.58%)
             TopdownL1 (cpu_core)                 #     49.3 %  tma_backend_bound      
                                                  #      5.7 %  tma_bad_speculation    
                                                  #     21.8 %  tma_frontend_bound     
                                                  #     23.1 %  tma_retiring             ( +-  5.72% )  (64.58%)
             TopdownL1 (cpu_atom)                 #     -4.1 %  tma_bad_speculation    
                                                  #     19.4 %  tma_retiring             ( +-  2.51% )  (70.00%)
                                                  #     68.5 %  tma_backend_bound      
                                                  #     68.5 %  tma_backend_bound_aux  
                                                  #     16.3 %  tma_frontend_bound       ( +-  2.03% )  (70.00%)

          0.005233 +- 0.000115 seconds time elapsed  ( +-  2.19% )


 Performance counter stats for './mandelbrot_omp -2.5 1.5 -2.0 2.0 256' (10 runs):

             35.48 msec task-clock                       #    3.350 CPUs utilized               ( +-  2.26% )
                71      context-switches                 #    2.001 K/sec                       ( +-  2.95% )
                34      cpu-migrations                   #  958.242 /sec                        ( +-  3.73% )
               134      page-faults                      #    3.777 K/sec                       ( +-  0.23% )
        37,988,754      cpu_atom/cycles/                 #    1.071 GHz                         ( +-  5.27% )  (57.61%)
        29,374,228      cpu_core/cycles/                 #    0.828 GHz                         ( +-  6.72% )  (28.88%)
        34,931,415      cpu_atom/instructions/           #    0.92  insn per cycle              ( +-  6.16% )  (76.26%)
        35,914,200      cpu_core/instructions/           #    0.95  insn per cycle              ( +-  7.09% )  (28.88%)
         3,481,374      cpu_atom/branches/               #   98.118 M/sec                       ( +-  4.97% )  (77.68%)
         3,419,168      cpu_core/branches/               #   96.364 M/sec                       ( +-  6.59% )  (28.88%)
            48,363      cpu_atom/branch-misses/          #    1.39% of all branches             ( +-  8.07% )  (80.88%)
            37,945      cpu_core/branch-misses/          #    1.09% of all branches             ( +- 10.65% )  (28.88%)
             TopdownL1 (cpu_core)                 #     61.6 %  tma_backend_bound      
                                                  #      3.3 %  tma_bad_speculation    
                                                  #     10.5 %  tma_frontend_bound     
                                                  #     24.6 %  tma_retiring             ( +-  6.40% )  (28.88%)
             TopdownL1 (cpu_atom)                 #      0.7 %  tma_bad_speculation    
                                                  #     20.6 %  tma_retiring             ( +-  4.91% )  (80.88%)
                                                  #     69.4 %  tma_backend_bound      
                                                  #     69.4 %  tma_backend_bound_aux  
                                                  #      9.3 %  tma_frontend_bound       ( +-  5.15% )  (83.14%)

          0.010591 +- 0.000257 seconds time elapsed  ( +-  2.42% )


 Performance counter stats for './mandelbrot_omp -2.5 1.5 -2.0 2.0 512' (10 runs):

            112.12 msec task-clock                       #    3.762 CPUs utilized               ( +-  1.10% )
                75      context-switches                 #  668.925 /sec                        ( +-  2.85% )
                33      cpu-migrations                   #  294.327 /sec                        ( +-  4.63% )
               134      page-faults                      #    1.195 K/sec                       ( +-  0.20% )
       120,483,215      cpu_atom/cycles/                 #    1.075 GHz                         ( +-  3.39% )  (54.27%)
       111,604,089      cpu_core/cycles/                 #    0.995 GHz                         ( +-  5.93% )  (36.76%)
       125,528,687      cpu_atom/instructions/           #    1.04  insn per cycle              ( +-  4.15% )  (72.79%)
       154,670,552      cpu_core/instructions/           #    1.28  insn per cycle              ( +-  6.27% )  (36.76%)
        10,838,945      cpu_atom/branches/               #   96.673 M/sec                       ( +-  3.34% )  (72.91%)
        12,915,480      cpu_core/branches/               #  115.193 M/sec                       ( +-  6.37% )  (36.76%)
            66,373      cpu_atom/branch-misses/          #    0.61% of all branches             ( +-  3.57% )  (73.05%)
            79,766      cpu_core/branch-misses/          #    0.74% of all branches             ( +-  7.10% )  (36.76%)
             TopdownL1 (cpu_core)                 #     68.8 %  tma_backend_bound      
                                                  #      1.8 %  tma_bad_speculation    
                                                  #      4.3 %  tma_frontend_bound     
                                                  #     25.1 %  tma_retiring             ( +-  6.46% )  (36.76%)
             TopdownL1 (cpu_atom)                 #      0.6 %  tma_bad_speculation    
                                                  #     21.6 %  tma_retiring             ( +-  3.26% )  (73.06%)
                                                  #     74.6 %  tma_backend_bound      
                                                  #     74.6 %  tma_backend_bound_aux  
                                                  #      3.2 %  tma_frontend_bound       ( +-  3.37% )  (73.04%)

          0.029807 +- 0.000461 seconds time elapsed  ( +-  1.55% )


 Performance counter stats for './mandelbrot_omp -2.5 1.5 -2.0 2.0 1024' (10 runs):

            414.26 msec task-clock                       #    4.187 CPUs utilized               ( +-  0.94% )
                83      context-switches                 #  200.357 /sec                        ( +-  3.14% )
                39      cpu-migrations                   #   94.143 /sec                        ( +-  3.27% )
               133      page-faults                      #  321.053 /sec                        ( +-  0.22% )
       434,475,904      cpu_atom/cycles/                 #    1.049 GHz                         ( +-  5.15% )  (63.30%)
       507,735,770      cpu_core/cycles/                 #    1.226 GHz                         ( +-  4.35% )  (52.11%)
       449,166,266      cpu_atom/instructions/           #    1.03  insn per cycle              ( +-  4.59% )  (74.44%)
       727,244,313      cpu_core/instructions/           #    1.67  insn per cycle              ( +-  4.37% )  (52.11%)
        38,299,594      cpu_atom/branches/               #   92.453 M/sec                       ( +-  4.91% )  (75.05%)
        57,176,537      cpu_core/branches/               #  138.020 M/sec                       ( +-  4.40% )  (52.11%)
           155,545      cpu_atom/branch-misses/          #    0.41% of all branches             ( +-  5.93% )  (75.42%)
           204,688      cpu_core/branch-misses/          #    0.53% of all branches             ( +-  4.74% )  (52.11%)
             TopdownL1 (cpu_core)                 #     72.3 %  tma_backend_bound      
                                                  #      1.0 %  tma_bad_speculation    
                                                  #      1.7 %  tma_frontend_bound     
                                                  #     25.0 %  tma_retiring             ( +-  4.21% )  (52.11%)
             TopdownL1 (cpu_atom)                 #      1.0 %  tma_bad_speculation    
                                                  #     22.2 %  tma_retiring             ( +-  5.04% )  (76.15%)
                                                  #     75.3 %  tma_backend_bound      
                                                  #     75.3 %  tma_backend_bound_aux  
                                                  #      1.5 %  tma_frontend_bound       ( +-  5.01% )  (76.19%)

          0.098930 +- 0.000720 seconds time elapsed  ( +-  0.73% )


 Performance counter stats for './mandelbrot_omp -2.5 1.5 -2.0 2.0 2048' (10 runs):

          1,629.51 msec task-clock                       #    4.497 CPUs utilized               ( +-  0.66% )
                95      context-switches                 #   58.300 /sec                        ( +-  3.91% )
                42      cpu-migrations                   #   25.775 /sec                        ( +-  3.31% )
               134      page-faults                      #   82.233 /sec                        ( +-  0.28% )
     1,760,383,508      cpu_atom/cycles/                 #    1.080 GHz                         ( +-  1.84% )  (49.11%)
     1,910,537,514      cpu_core/cycles/                 #    1.172 GHz                         ( +-  4.19% )  (49.68%)
     1,857,183,352      cpu_atom/instructions/           #    1.05  insn per cycle              ( +-  3.12% )  (67.54%)
     2,754,261,082      cpu_core/instructions/           #    1.56  insn per cycle              ( +-  4.23% )  (49.68%)
       156,745,410      cpu_atom/branches/               #   96.192 M/sec                       ( +-  2.01% )  (56.67%)
       212,838,342      cpu_core/branches/               #  130.615 M/sec                       ( +-  4.22% )  (49.68%)
           466,561      cpu_atom/branch-misses/          #    0.30% of all branches             ( +-  1.55% )  (56.81%)
           620,121      cpu_core/branch-misses/          #    0.40% of all branches             ( +-  4.63% )  (49.68%)
             TopdownL1 (cpu_core)                 #     73.2 %  tma_backend_bound      
                                                  #      0.7 %  tma_bad_speculation    
                                                  #      1.2 %  tma_frontend_bound     
                                                  #     24.9 %  tma_retiring             ( +-  4.22% )  (49.68%)
             TopdownL1 (cpu_atom)                 #      1.0 %  tma_bad_speculation    
                                                  #     22.5 %  tma_retiring             ( +-  2.01% )  (56.87%)
                                                  #     75.8 %  tma_backend_bound      
                                                  #     75.8 %  tma_backend_bound_aux  
                                                  #      0.7 %  tma_frontend_bound       ( +-  1.86% )  (57.12%)

           0.36234 +- 0.00240 seconds time elapsed  ( +-  0.66% )

