
 Performance counter stats for './mandelbrot_omp -0.8 -0.7 0.05 0.15 16' (10 runs):

              8.29 msec task-clock                       #    2.108 CPUs utilized               ( +-  2.77% )
                69      context-switches                 #    8.328 K/sec                       ( +-  1.71% )
                27      cpu-migrations                   #    3.259 K/sec                       ( +-  4.18% )
               134      page-faults                      #   16.174 K/sec                       ( +-  0.17% )
         8,761,831      cpu_atom/cycles/                 #    1.058 GHz                         ( +-  2.54% )  (68.92%)
         6,420,783      cpu_core/cycles/                 #    0.775 GHz                         ( +-  4.00% )  (49.18%)
         4,861,580      cpu_atom/instructions/           #    0.55  insn per cycle              ( +-  6.17% )  (85.76%)
         4,307,023      cpu_core/instructions/           #    0.49  insn per cycle              ( +-  9.87% )  (49.18%)
           973,382      cpu_atom/branches/               #  117.487 M/sec                       ( +-  8.15% )  (85.76%)
           713,754      cpu_core/branches/               #   86.150 M/sec                       ( +- 12.20% )  (49.18%)
            22,741      cpu_atom/branch-misses/          #    2.34% of all branches             ( +-  9.89% )  (85.76%)
            15,436      cpu_core/branch-misses/          #    1.59% of all branches             ( +-  9.99% )  (49.18%)
             TopdownL1 (cpu_core)                 #     48.5 %  tma_backend_bound      
                                                  #      6.3 %  tma_bad_speculation    
                                                  #     27.0 %  tma_frontend_bound     
                                                  #     18.2 %  tma_retiring             ( +-  4.82% )  (49.18%)
             TopdownL1 (cpu_atom)                 #     10.0 %  tma_bad_speculation    
                                                  #     18.3 %  tma_retiring             ( +-  6.75% )  (85.76%)
                                                  #     39.9 %  tma_backend_bound      
                                                  #     39.9 %  tma_backend_bound_aux  
                                                  #     31.8 %  tma_frontend_bound       ( +-  3.65% )  (85.76%)

          0.003931 +- 0.000113 seconds time elapsed  ( +-  2.89% )


 Performance counter stats for './mandelbrot_omp -0.8 -0.7 0.05 0.15 32' (10 runs):

             10.63 msec task-clock                       #    2.522 CPUs utilized               ( +-  2.34% )
                70      context-switches                 #    6.587 K/sec                       ( +-  2.35% )
                32      cpu-migrations                   #    3.011 K/sec                       ( +-  3.64% )
               134      page-faults                      #   12.609 K/sec                       ( +-  0.23% )
        11,474,047      cpu_atom/cycles/                 #    1.080 GHz                         ( +-  2.19% )  (6.36%)
         8,694,197      cpu_core/cycles/                 #    0.818 GHz                         ( +-  3.11% )  (62.57%)
         7,432,930      cpu_atom/instructions/           #    0.65  insn per cycle              ( +-  4.59% )  (63.94%)
         7,848,362      cpu_core/instructions/           #    0.68  insn per cycle              ( +-  5.10% )  (62.57%)
         1,152,637      cpu_atom/branches/               #  108.457 M/sec                       ( +-  5.36% )  (68.74%)
         1,099,337      cpu_core/branches/               #  103.441 M/sec                       ( +-  8.94% )  (62.57%)
            26,056      cpu_atom/branch-misses/          #    2.26% of all branches             ( +-  9.08% )  (71.33%)
            19,429      cpu_core/branch-misses/          #    1.69% of all branches             ( +-  9.71% )  (62.57%)
             TopdownL1 (cpu_core)                 #     48.4 %  tma_backend_bound      
                                                  #      5.6 %  tma_bad_speculation    
                                                  #     24.3 %  tma_frontend_bound     
                                                  #     21.7 %  tma_retiring             ( +-  4.23% )  (62.57%)
             TopdownL1 (cpu_atom)                 #      4.2 %  tma_bad_speculation    
                                                  #     17.9 %  tma_retiring             ( +-  3.76% )  (71.33%)
                                                  #     52.9 %  tma_backend_bound      
                                                  #     52.9 %  tma_backend_bound_aux  
                                                  #     25.0 %  tma_frontend_bound       ( +-  2.38% )  (71.33%)

          0.004213 +- 0.000134 seconds time elapsed  ( +-  3.18% )


 Performance counter stats for './mandelbrot_omp -0.8 -0.7 0.05 0.15 64' (10 runs):

             21.21 msec task-clock                       #    3.877 CPUs utilized               ( +-  1.78% )
                70      context-switches                 #    3.301 K/sec                       ( +-  2.11% )
                34      cpu-migrations                   #    1.603 K/sec                       ( +-  3.49% )
               134      page-faults                      #    6.319 K/sec                       ( +-  0.25% )
        22,249,193      cpu_atom/cycles/                 #    1.049 GHz                         ( +-  2.06% )  (34.57%)
        16,013,494      cpu_core/cycles/                 #    0.755 GHz                         ( +-  5.99% )  (81.30%)
        17,482,841      cpu_atom/instructions/           #    0.79  insn per cycle              ( +-  4.70% )  (64.28%)
        16,904,170      cpu_core/instructions/           #    0.76  insn per cycle              ( +-  5.83% )  (81.30%)
         1,907,003      cpu_atom/branches/               #   89.922 M/sec                       ( +-  2.25% )  (69.88%)
         1,857,245      cpu_core/branches/               #   87.575 M/sec                       ( +-  5.18% )  (81.30%)
            24,999      cpu_atom/branch-misses/          #    1.31% of all branches             ( +- 10.96% )  (73.24%)
            25,396      cpu_core/branch-misses/          #    1.33% of all branches             ( +-  7.04% )  (81.30%)
             TopdownL1 (cpu_core)                 #     50.7 %  tma_backend_bound      
                                                  #      4.6 %  tma_bad_speculation    
                                                  #     19.5 %  tma_frontend_bound     
                                                  #     25.2 %  tma_retiring             ( +-  6.71% )  (81.30%)
             TopdownL1 (cpu_atom)                 #     -0.0 %  tma_bad_speculation    
                                                  #     18.5 %  tma_retiring             ( +-  1.62% )  (73.24%)
                                                  #     68.9 %  tma_backend_bound      
                                                  #     68.9 %  tma_backend_bound_aux  
                                                  #     12.6 %  tma_frontend_bound       ( +-  2.20% )  (73.24%)

          0.005470 +- 0.000133 seconds time elapsed  ( +-  2.42% )


 Performance counter stats for './mandelbrot_omp -0.8 -0.7 0.05 0.15 128' (10 runs):

             64.82 msec task-clock                       #    5.900 CPUs utilized               ( +-  2.30% )
                70      context-switches                 #    1.080 K/sec                       ( +-  3.56% )
                34      cpu-migrations                   #  524.515 /sec                        ( +-  3.67% )
               134      page-faults                      #    2.067 K/sec                       ( +-  0.22% )
        67,478,703      cpu_atom/cycles/                 #    1.041 GHz                         ( +-  2.50% )  (42.62%)
        48,528,531      cpu_core/cycles/                 #    0.749 GHz                         ( +-  3.58% )  (56.34%)
        60,890,072      cpu_atom/instructions/           #    0.90  insn per cycle              ( +-  2.67% )  (57.94%)
        54,920,179      cpu_core/instructions/           #    0.81  insn per cycle              ( +-  3.71% )  (56.34%)
         5,244,817      cpu_atom/branches/               #   80.911 M/sec                       ( +-  2.32% )  (60.13%)
         4,723,517      cpu_core/branches/               #   72.869 M/sec                       ( +-  4.48% )  (56.34%)
            47,424      cpu_atom/branch-misses/          #    0.90% of all branches             ( +-  6.05% )  (60.41%)
            35,651      cpu_core/branch-misses/          #    0.68% of all branches             ( +-  7.91% )  (56.34%)
             TopdownL1 (cpu_core)                 #     50.9 %  tma_backend_bound      
                                                  #      3.5 %  tma_bad_speculation    
                                                  #     16.2 %  tma_frontend_bound     
                                                  #     29.4 %  tma_retiring             ( +-  4.73% )  (56.34%)
             TopdownL1 (cpu_atom)                 #      0.5 %  tma_bad_speculation    
                                                  #     19.2 %  tma_retiring             ( +-  2.48% )  (64.79%)
                                                  #     75.1 %  tma_backend_bound      
                                                  #     75.1 %  tma_backend_bound_aux  
                                                  #      5.2 %  tma_frontend_bound       ( +-  2.34% )  (70.35%)

          0.010987 +- 0.000195 seconds time elapsed  ( +-  1.78% )


 Performance counter stats for './mandelbrot_omp -0.8 -0.7 0.05 0.15 256' (10 runs):

            253.40 msec task-clock                       #    8.036 CPUs utilized               ( +-  0.51% )
                92      context-switches                 #  363.069 /sec                        ( +-  3.21% )
                36      cpu-migrations                   #  142.070 /sec                        ( +-  3.88% )
               134      page-faults                      #  528.817 /sec                        ( +-  0.19% )
       249,878,018      cpu_atom/cycles/                 #    0.986 GHz                         ( +-  2.47% )  (58.70%)
       161,915,967      cpu_core/cycles/                 #    0.639 GHz                         ( +-  7.99% )  (97.79%)
       241,321,859      cpu_atom/instructions/           #    0.97  insn per cycle              ( +-  2.49% )  (70.43%)
       181,731,582      cpu_core/instructions/           #    0.73  insn per cycle              ( +-  7.70% )  (97.79%)
        18,731,929      cpu_atom/branches/               #   73.924 M/sec                       ( +-  2.45% )  (71.10%)
        14,360,631      cpu_core/branches/               #   56.673 M/sec                       ( +-  7.61% )  (97.79%)
            88,900      cpu_atom/branch-misses/          #    0.47% of all branches             ( +-  2.41% )  (72.13%)
            74,212      cpu_core/branch-misses/          #    0.40% of all branches             ( +-  7.57% )  (97.79%)
             TopdownL1 (cpu_core)                 #     48.8 %  tma_backend_bound      
                                                  #      3.4 %  tma_bad_speculation    
                                                  #     16.4 %  tma_frontend_bound     
                                                  #     31.4 %  tma_retiring             ( +-  7.96% )  (97.79%)
             TopdownL1 (cpu_atom)                 #      0.7 %  tma_bad_speculation    
                                                  #     19.5 %  tma_retiring             ( +-  2.57% )  (72.50%)
                                                  #     78.0 %  tma_backend_bound      
                                                  #     78.0 %  tma_backend_bound_aux  
                                                  #      1.7 %  tma_frontend_bound       ( +-  2.58% )  (73.31%)

          0.031534 +- 0.000664 seconds time elapsed  ( +-  2.11% )


 Performance counter stats for './mandelbrot_omp -0.8 -0.7 0.05 0.15 512' (10 runs):

          1,004.63 msec task-clock                       #    9.305 CPUs utilized               ( +-  0.31% )
               141      context-switches                 #  140.350 /sec                        ( +-  2.00% )
                35      cpu-migrations                   #   34.839 /sec                        ( +-  6.24% )
               134      page-faults                      #  133.382 /sec                        ( +-  0.25% )
       995,736,381      cpu_atom/cycles/                 #    0.991 GHz                         ( +-  1.63% )  (58.05%)
       647,706,686      cpu_core/cycles/                 #    0.645 GHz                         ( +-  4.43% )  (57.78%)
       942,242,421      cpu_atom/instructions/           #    0.95  insn per cycle              ( +-  2.48% )  (67.80%)
       727,817,403      cpu_core/instructions/           #    0.73  insn per cycle              ( +-  4.75% )  (57.78%)
        74,008,619      cpu_atom/branches/               #   73.667 M/sec                       ( +-  1.63% )  (67.80%)
        55,135,059      cpu_core/branches/               #   54.881 M/sec                       ( +-  4.77% )  (57.78%)
           261,775      cpu_atom/branch-misses/          #    0.35% of all branches             ( +-  1.97% )  (67.90%)
           185,699      cpu_core/branch-misses/          #    0.25% of all branches             ( +-  5.21% )  (57.78%)
             TopdownL1 (cpu_core)                 #     48.2 %  tma_backend_bound      
                                                  #      3.1 %  tma_bad_speculation    
                                                  #     16.3 %  tma_frontend_bound     
                                                  #     32.4 %  tma_retiring             ( +-  4.74% )  (57.78%)
             TopdownL1 (cpu_atom)                 #      0.7 %  tma_bad_speculation    
                                                  #     19.7 %  tma_retiring             ( +-  1.65% )  (67.95%)
                                                  #     78.8 %  tma_backend_bound      
                                                  #     78.8 %  tma_backend_bound_aux  
                                                  #      0.8 %  tma_frontend_bound       ( +-  1.66% )  (67.92%)

           0.10797 +- 0.00134 seconds time elapsed  ( +-  1.24% )


 Performance counter stats for './mandelbrot_omp -0.8 -0.7 0.05 0.15 1024' (10 runs):

          3,963.32 msec task-clock                       #    9.853 CPUs utilized               ( +-  0.54% )
               351      context-switches                 #   88.562 /sec                        ( +-  3.53% )
                35      cpu-migrations                   #    8.831 /sec                        ( +-  4.39% )
               134      page-faults                      #   33.810 /sec                        ( +-  0.12% )
     3,760,660,622      cpu_atom/cycles/                 #    0.949 GHz                         ( +-  2.02% )  (58.91%)
     2,912,440,830      cpu_core/cycles/                 #    0.735 GHz                         ( +-  3.41% )  (44.21%)
     3,696,205,726      cpu_atom/instructions/           #    0.98  insn per cycle              ( +-  1.95% )  (68.85%)
     3,390,375,290      cpu_core/instructions/           #    0.90  insn per cycle              ( +-  3.88% )  (44.21%)
       279,074,529      cpu_atom/branches/               #   70.414 M/sec                       ( +-  2.01% )  (68.88%)
       255,100,955      cpu_core/branches/               #   64.365 M/sec                       ( +-  3.88% )  (44.21%)
           827,967      cpu_atom/branch-misses/          #    0.30% of all branches             ( +-  1.79% )  (68.91%)
           756,797      cpu_core/branch-misses/          #    0.27% of all branches             ( +-  4.32% )  (44.21%)
             TopdownL1 (cpu_core)                 #     48.6 %  tma_backend_bound      
                                                  #      3.0 %  tma_bad_speculation    
                                                  #     15.8 %  tma_frontend_bound     
                                                  #     32.7 %  tma_retiring             ( +-  3.78% )  (44.21%)
             TopdownL1 (cpu_atom)                 #      0.7 %  tma_bad_speculation    
                                                  #     19.7 %  tma_retiring             ( +-  2.02% )  (68.91%)
                                                  #     79.2 %  tma_backend_bound      
                                                  #     79.2 %  tma_backend_bound_aux  
                                                  #      0.4 %  tma_frontend_bound       ( +-  2.03% )  (68.92%)

           0.40223 +- 0.00217 seconds time elapsed  ( +-  0.54% )


 Performance counter stats for './mandelbrot_omp -0.8 -0.7 0.05 0.15 2048' (10 runs):

         16,266.07 msec task-clock                       #   10.408 CPUs utilized               ( +-  0.66% )
             1,550      context-switches                 #   95.290 /sec                        ( +-  9.58% )
                57      cpu-migrations                   #    3.504 /sec                        ( +-  4.87% )
               134      page-faults                      #    8.238 /sec                        ( +-  0.23% )
    15,416,446,335      cpu_atom/cycles/                 #    0.948 GHz                         ( +-  2.47% )  (57.23%)
    11,790,050,294      cpu_core/cycles/                 #    0.725 GHz                         ( +-  3.71% )  (44.59%)
    14,929,611,139      cpu_atom/instructions/           #    0.97  insn per cycle              ( +-  2.84% )  (66.78%)
    13,499,374,104      cpu_core/instructions/           #    0.88  insn per cycle              ( +-  3.95% )  (44.59%)
     1,143,264,955      cpu_atom/branches/               #   70.285 M/sec                       ( +-  2.47% )  (66.78%)
     1,013,622,367      cpu_core/branches/               #   62.315 M/sec                       ( +-  3.96% )  (44.59%)
         3,261,978      cpu_atom/branch-misses/          #    0.29% of all branches             ( +-  2.59% )  (66.79%)
         2,859,315      cpu_core/branch-misses/          #    0.25% of all branches             ( +-  4.38% )  (44.59%)
             TopdownL1 (cpu_core)                 #     46.8 %  tma_backend_bound      
                                                  #      3.1 %  tma_bad_speculation    
                                                  #     16.7 %  tma_frontend_bound     
                                                  #     33.4 %  tma_retiring             ( +-  4.01% )  (44.59%)
             TopdownL1 (cpu_atom)                 #      0.7 %  tma_bad_speculation    
                                                  #     19.8 %  tma_retiring             ( +-  2.47% )  (66.80%)
                                                  #     79.3 %  tma_backend_bound      
                                                  #     79.3 %  tma_backend_bound_aux  
                                                  #      0.3 %  tma_frontend_bound       ( +-  2.48% )  (66.81%)

            1.5629 +- 0.0290 seconds time elapsed  ( +-  1.85% )

