
 Performance counter stats for './mandelbrot_omp -0.188 -0.012 0.554 0.754 16' (10 runs):

              8.68 msec task-clock                       #    2.064 CPUs utilized               ( +-  2.99% )
                69      context-switches                 #    7.946 K/sec                       ( +-  1.16% )
                26      cpu-migrations                   #    2.994 K/sec                       ( +-  6.12% )
               134      page-faults                      #   15.431 K/sec                       ( +-  0.19% )
         8,520,264      cpu_atom/cycles/                 #    0.981 GHz                         ( +-  6.76% )  (24.77%)
         6,556,694      cpu_core/cycles/                 #    0.755 GHz                         ( +-  5.95% )  (76.87%)
         5,291,232      cpu_atom/instructions/           #    0.62  insn per cycle              ( +-  4.38% )  (70.95%)
         4,398,490      cpu_core/instructions/           #    0.52  insn per cycle              ( +- 11.77% )  (76.87%)
         1,035,415      cpu_atom/branches/               #  119.233 M/sec                       ( +-  5.38% )  (71.06%)
           711,043      cpu_core/branches/               #   81.880 M/sec                       ( +- 14.23% )  (76.87%)
            25,500      cpu_atom/branch-misses/          #    2.46% of all branches             ( +-  8.24% )  (71.06%)
            16,415      cpu_core/branch-misses/          #    1.59% of all branches             ( +-  9.00% )  (76.87%)
             TopdownL1 (cpu_core)                 #     47.7 %  tma_backend_bound      
                                                  #      6.4 %  tma_bad_speculation    
                                                  #     27.5 %  tma_frontend_bound     
                                                  #     18.4 %  tma_retiring             ( +-  7.62% )  (76.87%)
             TopdownL1 (cpu_atom)                 #      7.4 %  tma_bad_speculation    
                                                  #     18.4 %  tma_retiring             ( +-  4.41% )  (71.06%)
                                                  #     42.0 %  tma_backend_bound      
                                                  #     42.0 %  tma_backend_bound_aux  
                                                  #     32.1 %  tma_frontend_bound       ( +-  2.59% )  (71.06%)

          0.004208 +- 0.000139 seconds time elapsed  ( +-  3.29% )


 Performance counter stats for './mandelbrot_omp -0.188 -0.012 0.554 0.754 32' (10 runs):

             13.76 msec task-clock                       #    2.500 CPUs utilized               ( +-  2.42% )
                72      context-switches                 #    5.233 K/sec                       ( +-  2.91% )
                38      cpu-migrations                   #    2.762 K/sec                       ( +-  5.24% )
               134      page-faults                      #    9.739 K/sec                       ( +-  0.11% )
        13,381,959      cpu_atom/cycles/                 #    0.973 GHz                         ( +-  3.96% )  (59.76%)
         9,645,055      cpu_core/cycles/                 #    0.701 GHz                         ( +-  3.66% )  (60.39%)
         8,718,515      cpu_atom/instructions/           #    0.65  insn per cycle              ( +-  4.73% )  (68.97%)
         7,874,957      cpu_core/instructions/           #    0.59  insn per cycle              ( +-  6.53% )  (60.39%)
         1,275,989      cpu_atom/branches/               #   92.742 M/sec                       ( +-  4.90% )  (68.97%)
         1,093,866      cpu_core/branches/               #   79.505 M/sec                       ( +-  8.79% )  (60.39%)
            28,678      cpu_atom/branch-misses/          #    2.25% of all branches             ( +- 10.37% )  (68.97%)
            23,642      cpu_core/branch-misses/          #    1.85% of all branches             ( +-  8.12% )  (60.39%)
             TopdownL1 (cpu_core)                 #     45.8 %  tma_backend_bound      
                                                  #      5.9 %  tma_bad_speculation    
                                                  #     27.8 %  tma_frontend_bound     
                                                  #     20.5 %  tma_retiring             ( +-  5.04% )  (60.39%)
             TopdownL1 (cpu_atom)                 #      5.6 %  tma_bad_speculation    
                                                  #     17.2 %  tma_retiring             ( +-  4.43% )  (68.97%)
                                                  #     53.3 %  tma_backend_bound      
                                                  #     53.3 %  tma_backend_bound_aux  
                                                  #     23.8 %  tma_frontend_bound       ( +-  3.31% )  (68.97%)

          0.005503 +- 0.000180 seconds time elapsed  ( +-  3.28% )


 Performance counter stats for './mandelbrot_omp -0.188 -0.012 0.554 0.754 64' (10 runs):

             23.29 msec task-clock                       #    3.923 CPUs utilized               ( +-  2.80% )
                70      context-switches                 #    3.006 K/sec                       ( +-  3.59% )
                36      cpu-migrations                   #    1.546 K/sec                       ( +-  4.87% )
               134      page-faults                      #    5.754 K/sec                       ( +-  0.21% )
        23,990,904      cpu_atom/cycles/                 #    1.030 GHz                         ( +-  3.69% )  (51.98%)
        16,995,252      cpu_core/cycles/                 #    0.730 GHz                         ( +-  3.86% )  (42.13%)
        19,826,819      cpu_atom/instructions/           #    0.83  insn per cycle              ( +-  5.60% )  (56.31%)
        18,553,392      cpu_core/instructions/           #    0.77  insn per cycle              ( +-  5.50% )  (42.13%)
         1,990,541      cpu_atom/branches/               #   85.477 M/sec                       ( +-  3.86% )  (55.27%)
         2,030,185      cpu_core/branches/               #   87.180 M/sec                       ( +-  6.84% )  (42.13%)
            26,588      cpu_atom/branch-misses/          #    1.34% of all branches             ( +- 11.43% )  (75.93%)
            26,944      cpu_core/branch-misses/          #    1.35% of all branches             ( +-  5.82% )  (42.13%)
             TopdownL1 (cpu_core)                 #     49.6 %  tma_backend_bound      
                                                  #      4.5 %  tma_bad_speculation    
                                                  #     20.3 %  tma_frontend_bound     
                                                  #     25.7 %  tma_retiring             ( +-  5.50% )  (42.13%)
             TopdownL1 (cpu_atom)                 #     -0.3 %  tma_bad_speculation    
                                                  #     18.5 %  tma_retiring             ( +-  2.81% )  (86.56%)
                                                  #     71.0 %  tma_backend_bound      
                                                  #     71.0 %  tma_backend_bound_aux  
                                                  #     10.7 %  tma_frontend_bound       ( +-  2.59% )  (88.19%)

          0.005936 +- 0.000243 seconds time elapsed  ( +-  4.09% )


 Performance counter stats for './mandelbrot_omp -0.188 -0.012 0.554 0.754 128' (10 runs):

             72.85 msec task-clock                       #    5.579 CPUs utilized               ( +-  1.24% )
                73      context-switches                 #    1.002 K/sec                       ( +-  3.06% )
                36      cpu-migrations                   #  494.167 /sec                        ( +-  4.92% )
               134      page-faults                      #    1.839 K/sec                       ( +-  0.22% )
        77,627,254      cpu_atom/cycles/                 #    1.066 GHz                         ( +-  2.17% )  (44.08%)
        58,848,186      cpu_core/cycles/                 #    0.808 GHz                         ( +-  6.37% )  (43.28%)
        68,144,826      cpu_atom/instructions/           #    0.88  insn per cycle              ( +-  3.34% )  (58.62%)
        64,520,611      cpu_core/instructions/           #    0.83  insn per cycle              ( +-  5.81% )  (43.28%)
         6,234,776      cpu_atom/branches/               #   85.584 M/sec                       ( +-  2.32% )  (58.86%)
         5,088,560      cpu_core/branches/               #   69.850 M/sec                       ( +-  5.53% )  (43.28%)
            62,756      cpu_atom/branch-misses/          #    1.01% of all branches             ( +-  3.18% )  (60.00%)
            28,573      cpu_core/branch-misses/          #    0.46% of all branches             ( +-  7.09% )  (43.28%)
             TopdownL1 (cpu_core)                 #     55.7 %  tma_backend_bound      
                                                  #      2.7 %  tma_bad_speculation    
                                                  #     12.9 %  tma_frontend_bound     
                                                  #     28.7 %  tma_retiring             ( +-  5.98% )  (43.28%)
             TopdownL1 (cpu_atom)                 #      1.8 %  tma_bad_speculation    
                                                  #     19.4 %  tma_retiring             ( +-  1.96% )  (64.28%)
                                                  #     73.1 %  tma_backend_bound      
                                                  #     73.1 %  tma_backend_bound_aux  
                                                  #      5.7 %  tma_frontend_bound       ( +-  1.99% )  (69.55%)

          0.013058 +- 0.000222 seconds time elapsed  ( +-  1.70% )


 Performance counter stats for './mandelbrot_omp -0.188 -0.012 0.554 0.754 256' (10 runs):

            283.07 msec task-clock                       #    8.150 CPUs utilized               ( +-  0.46% )
                90      context-switches                 #  317.943 /sec                        ( +-  2.28% )
                35      cpu-migrations                   #  123.644 /sec                        ( +-  3.71% )
               134      page-faults                      #  473.381 /sec                        ( +-  0.27% )
       287,257,858      cpu_atom/cycles/                 #    1.015 GHz                         ( +-  2.61% )  (56.86%)
       172,630,130      cpu_core/cycles/                 #    0.610 GHz                         ( +-  4.64% )  (69.99%)
       274,985,627      cpu_atom/instructions/           #    0.96  insn per cycle              ( +-  2.38% )  (68.97%)
       200,007,607      cpu_core/instructions/           #    0.70  insn per cycle              ( +-  5.23% )  (69.99%)
        21,456,593      cpu_atom/branches/               #   75.800 M/sec                       ( +-  2.50% )  (69.36%)
        15,674,289      cpu_core/branches/               #   55.372 M/sec                       ( +-  5.47% )  (69.99%)
            98,119      cpu_atom/branch-misses/          #    0.46% of all branches             ( +-  4.53% )  (69.69%)
            71,767      cpu_core/branch-misses/          #    0.33% of all branches             ( +-  7.58% )  (69.99%)
             TopdownL1 (cpu_core)                 #     51.8 %  tma_backend_bound      
                                                  #      2.9 %  tma_bad_speculation    
                                                  #     14.4 %  tma_frontend_bound     
                                                  #     30.9 %  tma_retiring             ( +-  5.59% )  (69.99%)
             TopdownL1 (cpu_atom)                 #      0.8 %  tma_bad_speculation    
                                                  #     19.5 %  tma_retiring             ( +-  2.50% )  (70.92%)
                                                  #     78.1 %  tma_backend_bound      
                                                  #     78.1 %  tma_backend_bound_aux  
                                                  #      1.6 %  tma_frontend_bound       ( +-  2.52% )  (72.16%)

          0.034734 +- 0.000418 seconds time elapsed  ( +-  1.20% )


 Performance counter stats for './mandelbrot_omp -0.188 -0.012 0.554 0.754 512' (10 runs):

          1,138.49 msec task-clock                       #    9.338 CPUs utilized               ( +-  0.58% )
               145      context-switches                 #  127.362 /sec                        ( +-  3.31% )
                35      cpu-migrations                   #   30.743 /sec                        ( +-  4.45% )
               134      page-faults                      #  117.700 /sec                        ( +-  0.27% )
     1,133,258,643      cpu_atom/cycles/                 #    0.995 GHz                         ( +-  1.48% )  (55.25%)
       699,618,235      cpu_core/cycles/                 #    0.615 GHz                         ( +-  5.96% )  (44.58%)
     1,100,024,601      cpu_atom/instructions/           #    0.97  insn per cycle              ( +-  1.94% )  (64.58%)
       808,202,055      cpu_core/instructions/           #    0.71  insn per cycle              ( +-  6.81% )  (44.58%)
        83,990,601      cpu_atom/branches/               #   73.774 M/sec                       ( +-  1.45% )  (64.86%)
        61,343,240      cpu_core/branches/               #   53.881 M/sec                       ( +-  6.79% )  (44.58%)
           274,288      cpu_atom/branch-misses/          #    0.33% of all branches             ( +-  1.37% )  (64.96%)
           199,934      cpu_core/branch-misses/          #    0.24% of all branches             ( +-  6.62% )  (44.58%)
             TopdownL1 (cpu_core)                 #     51.8 %  tma_backend_bound      
                                                  #      2.7 %  tma_bad_speculation    
                                                  #     14.3 %  tma_frontend_bound     
                                                  #     31.3 %  tma_retiring             ( +-  7.09% )  (44.58%)
             TopdownL1 (cpu_atom)                 #      0.7 %  tma_bad_speculation    
                                                  #     19.6 %  tma_retiring             ( +-  1.48% )  (65.06%)
                                                  #     79.1 %  tma_backend_bound      
                                                  #     79.1 %  tma_backend_bound_aux  
                                                  #      0.6 %  tma_frontend_bound       ( +-  1.50% )  (65.14%)

          0.121923 +- 0.000568 seconds time elapsed  ( +-  0.47% )


 Performance counter stats for './mandelbrot_omp -0.188 -0.012 0.554 0.754 1024' (10 runs):

          4,532.93 msec task-clock                       #    9.933 CPUs utilized               ( +-  0.36% )
               375      context-switches                 #   82.728 /sec                        ( +-  3.13% )
                35      cpu-migrations                   #    7.721 /sec                        ( +-  2.65% )
               134      page-faults                      #   29.561 /sec                        ( +-  0.26% )
     4,456,775,289      cpu_atom/cycles/                 #    0.983 GHz                         ( +-  2.62% )  (50.42%)
     3,528,386,949      cpu_core/cycles/                 #    0.778 GHz                         ( +-  3.99% )  (44.07%)
     4,285,213,454      cpu_atom/instructions/           #    0.96  insn per cycle              ( +-  2.71% )  (58.87%)
     4,092,542,662      cpu_core/instructions/           #    0.92  insn per cycle              ( +-  4.33% )  (44.07%)
       329,497,871      cpu_atom/branches/               #   72.690 M/sec                       ( +-  2.63% )  (58.88%)
       307,478,330      cpu_core/branches/               #   67.832 M/sec                       ( +-  4.34% )  (44.07%)
           959,189      cpu_atom/branch-misses/          #    0.29% of all branches             ( +-  2.72% )  (58.89%)
           869,473      cpu_core/branch-misses/          #    0.26% of all branches             ( +-  4.63% )  (44.07%)
             TopdownL1 (cpu_core)                 #     50.6 %  tma_backend_bound      
                                                  #      2.7 %  tma_bad_speculation    
                                                  #     14.7 %  tma_frontend_bound     
                                                  #     32.1 %  tma_retiring             ( +-  4.21% )  (44.07%)
             TopdownL1 (cpu_atom)                 #      0.7 %  tma_bad_speculation    
                                                  #     19.7 %  tma_retiring             ( +-  2.62% )  (58.91%)
                                                  #     79.3 %  tma_backend_bound      
                                                  #     79.3 %  tma_backend_bound_aux  
                                                  #      0.3 %  tma_frontend_bound       ( +-  2.62% )  (58.99%)

           0.45636 +- 0.00257 seconds time elapsed  ( +-  0.56% )


 Performance counter stats for './mandelbrot_omp -0.188 -0.012 0.554 0.754 2048' (10 runs):

         18,419.12 msec task-clock                       #   10.654 CPUs utilized               ( +-  0.42% )
             1,345      context-switches                 #   73.022 /sec                        ( +-  4.78% )
                55      cpu-migrations                   #    2.986 /sec                        ( +-  2.93% )
               134      page-faults                      #    7.275 /sec                        ( +-  0.17% )
    18,201,989,197      cpu_atom/cycles/                 #    0.988 GHz                         ( +-  1.66% )  (53.70%)
    13,056,190,832      cpu_core/cycles/                 #    0.709 GHz                         ( +-  5.07% )  (49.82%)
    17,332,226,595      cpu_atom/instructions/           #    0.95  insn per cycle              ( +-  2.27% )  (74.31%)
    14,886,740,863      cpu_core/instructions/           #    0.82  insn per cycle              ( +-  4.94% )  (49.82%)
     1,343,928,868      cpu_atom/branches/               #   72.964 M/sec                       ( +-  1.67% )  (62.66%)
     1,116,488,094      cpu_core/branches/               #   60.616 M/sec                       ( +-  4.94% )  (49.82%)
         3,732,160      cpu_atom/branch-misses/          #    0.28% of all branches             ( +-  1.64% )  (62.66%)
         3,034,350      cpu_core/branch-misses/          #    0.23% of all branches             ( +-  4.99% )  (49.82%)
             TopdownL1 (cpu_core)                 #     47.5 %  tma_backend_bound      
                                                  #      3.0 %  tma_bad_speculation    
                                                  #     16.4 %  tma_frontend_bound     
                                                  #     33.2 %  tma_retiring             ( +-  5.90% )  (49.82%)
             TopdownL1 (cpu_atom)                 #      0.6 %  tma_bad_speculation    
                                                  #     19.7 %  tma_retiring             ( +-  1.67% )  (62.67%)
                                                  #     79.4 %  tma_backend_bound      
                                                  #     79.4 %  tma_backend_bound_aux  
                                                  #      0.2 %  tma_frontend_bound       ( +-  1.66% )  (62.69%)

            1.7289 +- 0.0204 seconds time elapsed  ( +-  1.18% )

